The system is: Linux - 3.10.0-1160.76.1.el7.x86_64 - x86_64
Compiling the C compiler identification source file "CMakeCCompilerId.c" succeeded.
Compiler: /usr/bin/gcc 
Build flags: 
Id flags: 

The output was:
0


Compilation of the C compiler identification source "CMakeCCompilerId.c" produced "a.out"

The C compiler identification is GNU, found in "/cluster/home/jiusun/NoriProjectETHz/build/ext_build/src/nanogui_p-build/ext_build/src/glfw_p-build/CMakeFiles/2.8.12.2/CompilerIdC/a.out"

Determining if the C compiler works passed with the following output:
Change Dir: /cluster/home/jiusun/NoriProjectETHz/build/ext_build/src/nanogui_p-build/ext_build/src/glfw_p-build/CMakeFiles/CMakeTmp

Run Build Command:/cluster/apps/sfos/bin/gmake "cmTryCompileExec2272293726/fast"
gmake[6]: Entering directory '/cluster/home/jiusun/NoriProjectETHz/build/ext_build/src/nanogui_p-build/ext_build/src/glfw_p-build/CMakeFiles/CMakeTmp'
/cluster/apps/sfos/bin/gmake -f CMakeFiles/cmTryCompileExec2272293726.dir/build.make CMakeFiles/cmTryCompileExec2272293726.dir/build
gmake[7]: Entering directory '/cluster/home/jiusun/NoriProjectETHz/build/ext_build/src/nanogui_p-build/ext_build/src/glfw_p-build/CMakeFiles/CMakeTmp'
/usr/bin/cmake -E cmake_progress_report /cluster/home/jiusun/NoriProjectETHz/build/ext_build/src/nanogui_p-build/ext_build/src/glfw_p-build/CMakeFiles/CMakeTmp/CMakeFiles 1
Building C object CMakeFiles/cmTryCompileExec2272293726.dir/testCCompiler.c.o
/usr/bin/gcc    -o CMakeFiles/cmTryCompileExec2272293726.dir/testCCompiler.c.o   -c /cluster/home/jiusun/NoriProjectETHz/build/ext_build/src/nanogui_p-build/ext_build/src/glfw_p-build/CMakeFiles/CMakeTmp/testCCompiler.c
Linking C executable cmTryCompileExec2272293726
/usr/bin/cmake -E cmake_link_script CMakeFiles/cmTryCompileExec2272293726.dir/link.txt --verbose=1
/usr/bin/gcc       CMakeFiles/cmTryCompileExec2272293726.dir/testCCompiler.c.o  -o cmTryCompileExec2272293726 -rdynamic 
gmake[7]: Leaving directory '/cluster/home/jiusun/NoriProjectETHz/build/ext_build/src/nanogui_p-build/ext_build/src/glfw_p-build/CMakeFiles/CMakeTmp'
gmake[6]: Leaving directory '/cluster/home/jiusun/NoriProjectETHz/build/ext_build/src/nanogui_p-build/ext_build/src/glfw_p-build/CMakeFiles/CMakeTmp'


Detecting C compiler ABI info compiled with the following output:
Change Dir: /cluster/home/jiusun/NoriProjectETHz/build/ext_build/src/nanogui_p-build/ext_build/src/glfw_p-build/CMakeFiles/CMakeTmp

Run Build Command:/cluster/apps/sfos/bin/gmake "cmTryCompileExec2436334254/fast"
gmake[6]: Entering directory '/cluster/home/jiusun/NoriProjectETHz/build/ext_build/src/nanogui_p-build/ext_build/src/glfw_p-build/CMakeFiles/CMakeTmp'
/cluster/apps/sfos/bin/gmake -f CMakeFiles/cmTryCompileExec2436334254.dir/build.make CMakeFiles/cmTryCompileExec2436334254.dir/build
gmake[7]: Entering directory '/cluster/home/jiusun/NoriProjectETHz/build/ext_build/src/nanogui_p-build/ext_build/src/glfw_p-build/CMakeFiles/CMakeTmp'
/usr/bin/cmake -E cmake_progress_report /cluster/home/jiusun/NoriProjectETHz/build/ext_build/src/nanogui_p-build/ext_build/src/glfw_p-build/CMakeFiles/CMakeTmp/CMakeFiles 1
Building C object CMakeFiles/cmTryCompileExec2436334254.dir/CMakeCCompilerABI.c.o
/usr/bin/gcc    -o CMakeFiles/cmTryCompileExec2436334254.dir/CMakeCCompilerABI.c.o   -c /usr/share/cmake/Modules/CMakeCCompilerABI.c
Linking C executable cmTryCompileExec2436334254
/usr/bin/cmake -E cmake_link_script CMakeFiles/cmTryCompileExec2436334254.dir/link.txt --verbose=1
/usr/bin/gcc     -v CMakeFiles/cmTryCompileExec2436334254.dir/CMakeCCompilerABI.c.o  -o cmTryCompileExec2436334254 -rdynamic  
Using built-in specs.
COLLECT_GCC=/usr/bin/gcc
COLLECT_LTO_WRAPPER=/usr/libexec/gcc/x86_64-redhat-linux/4.8.5/lto-wrapper
Target: x86_64-redhat-linux
Configured with: ../configure --prefix=/usr --mandir=/usr/share/man --infodir=/usr/share/info --with-bugurl=http://bugzilla.redhat.com/bugzilla --enable-bootstrap --enable-shared --enable-threads=posix --enable-checking=release --with-system-zlib --enable-__cxa_atexit --disable-libunwind-exceptions --enable-gnu-unique-object --enable-linker-build-id --with-linker-hash-style=gnu --enable-languages=c,c++,objc,obj-c++,java,fortran,ada,go,lto --enable-plugin --enable-initfini-array --disable-libgcj --with-isl=/builddir/build/BUILD/gcc-4.8.5-20150702/obj-x86_64-redhat-linux/isl-install --with-cloog=/builddir/build/BUILD/gcc-4.8.5-20150702/obj-x86_64-redhat-linux/cloog-install --enable-gnu-indirect-function --with-tune=generic --with-arch_32=x86-64 --build=x86_64-redhat-linux
Thread model: posix
gcc version 4.8.5 20150623 (Red Hat 4.8.5-44) (GCC) 
COMPILER_PATH=/usr/libexec/gcc/x86_64-redhat-linux/4.8.5/:/usr/libexec/gcc/x86_64-redhat-linux/4.8.5/:/usr/libexec/gcc/x86_64-redhat-linux/:/usr/lib/gcc/x86_64-redhat-linux/4.8.5/:/usr/lib/gcc/x86_64-redhat-linux/
LIBRARY_PATH=/usr/lib/gcc/x86_64-redhat-linux/4.8.5/:/usr/lib/gcc/x86_64-redhat-linux/4.8.5/../../../../lib64/:/lib/../lib64/:/usr/lib/../lib64/:/usr/lib/gcc/x86_64-redhat-linux/4.8.5/../../../:/lib/:/usr/lib/
COLLECT_GCC_OPTIONS='-v' '-o' 'cmTryCompileExec2436334254' '-rdynamic' '-mtune=generic' '-march=x86-64'
 /usr/libexec/gcc/x86_64-redhat-linux/4.8.5/collect2 --build-id --no-add-needed --eh-frame-hdr --hash-style=gnu -m elf_x86_64 -export-dynamic -dynamic-linker /lib64/ld-linux-x86-64.so.2 -o cmTryCompileExec2436334254 /usr/lib/gcc/x86_64-redhat-linux/4.8.5/../../../../lib64/crt1.o /usr/lib/gcc/x86_64-redhat-linux/4.8.5/../../../../lib64/crti.o /usr/lib/gcc/x86_64-redhat-linux/4.8.5/crtbegin.o -L/usr/lib/gcc/x86_64-redhat-linux/4.8.5 -L/usr/lib/gcc/x86_64-redhat-linux/4.8.5/../../../../lib64 -L/lib/../lib64 -L/usr/lib/../lib64 -L/usr/lib/gcc/x86_64-redhat-linux/4.8.5/../../.. CMakeFiles/cmTryCompileExec2436334254.dir/CMakeCCompilerABI.c.o -lgcc --as-needed -lgcc_s --no-as-needed -lc -lgcc --as-needed -lgcc_s --no-as-needed /usr/lib/gcc/x86_64-redhat-linux/4.8.5/crtend.o /usr/lib/gcc/x86_64-redhat-linux/4.8.5/../../../../lib64/crtn.o
gmake[7]: Leaving directory '/cluster/home/jiusun/NoriProjectETHz/build/ext_build/src/nanogui_p-build/ext_build/src/glfw_p-build/CMakeFiles/CMakeTmp'
gmake[6]: Leaving directory '/cluster/home/jiusun/NoriProjectETHz/build/ext_build/src/nanogui_p-build/ext_build/src/glfw_p-build/CMakeFiles/CMakeTmp'


Parsed C implicit link information from above output:
  link line regex: [^( *|.*[/\])(ld|([^/\]+-)?ld|collect2)[^/\]*( |$)]
  ignore line: [Change Dir: /cluster/home/jiusun/NoriProjectETHz/build/ext_build/src/nanogui_p-build/ext_build/src/glfw_p-build/CMakeFiles/CMakeTmp]
  ignore line: []
  ignore line: [Run Build Command:/cluster/apps/sfos/bin/gmake "cmTryCompileExec2436334254/fast"]
  ignore line: [gmake[6]: Entering directory '/cluster/home/jiusun/NoriProjectETHz/build/ext_build/src/nanogui_p-build/ext_build/src/glfw_p-build/CMakeFiles/CMakeTmp']
  ignore line: [/cluster/apps/sfos/bin/gmake -f CMakeFiles/cmTryCompileExec2436334254.dir/build.make CMakeFiles/cmTryCompileExec2436334254.dir/build]
  ignore line: [gmake[7]: Entering directory '/cluster/home/jiusun/NoriProjectETHz/build/ext_build/src/nanogui_p-build/ext_build/src/glfw_p-build/CMakeFiles/CMakeTmp']
  ignore line: [/usr/bin/cmake -E cmake_progress_report /cluster/home/jiusun/NoriProjectETHz/build/ext_build/src/nanogui_p-build/ext_build/src/glfw_p-build/CMakeFiles/CMakeTmp/CMakeFiles 1]
  ignore line: [Building C object CMakeFiles/cmTryCompileExec2436334254.dir/CMakeCCompilerABI.c.o]
  ignore line: [/usr/bin/gcc    -o CMakeFiles/cmTryCompileExec2436334254.dir/CMakeCCompilerABI.c.o   -c /usr/share/cmake/Modules/CMakeCCompilerABI.c]
  ignore line: [Linking C executable cmTryCompileExec2436334254]
  ignore line: [/usr/bin/cmake -E cmake_link_script CMakeFiles/cmTryCompileExec2436334254.dir/link.txt --verbose=1]
  ignore line: [/usr/bin/gcc     -v CMakeFiles/cmTryCompileExec2436334254.dir/CMakeCCompilerABI.c.o  -o cmTryCompileExec2436334254 -rdynamic  ]
  ignore line: [Using built-in specs.]
  ignore line: [COLLECT_GCC=/usr/bin/gcc]
  ignore line: [COLLECT_LTO_WRAPPER=/usr/libexec/gcc/x86_64-redhat-linux/4.8.5/lto-wrapper]
  ignore line: [Target: x86_64-redhat-linux]
  ignore line: [Configured with: ../configure --prefix=/usr --mandir=/usr/share/man --infodir=/usr/share/info --with-bugurl=http://bugzilla.redhat.com/bugzilla --enable-bootstrap --enable-shared --enable-threads=posix --enable-checking=release --with-system-zlib --enable-__cxa_atexit --disable-libunwind-exceptions --enable-gnu-unique-object --enable-linker-build-id --with-linker-hash-style=gnu --enable-languages=c,c++,objc,obj-c++,java,fortran,ada,go,lto --enable-plugin --enable-initfini-array --disable-libgcj --with-isl=/builddir/build/BUILD/gcc-4.8.5-20150702/obj-x86_64-redhat-linux/isl-install --with-cloog=/builddir/build/BUILD/gcc-4.8.5-20150702/obj-x86_64-redhat-linux/cloog-install --enable-gnu-indirect-function --with-tune=generic --with-arch_32=x86-64 --build=x86_64-redhat-linux]
  ignore line: [Thread model: posix]
  ignore line: [gcc version 4.8.5 20150623 (Red Hat 4.8.5-44) (GCC) ]
  ignore line: [COMPILER_PATH=/usr/libexec/gcc/x86_64-redhat-linux/4.8.5/:/usr/libexec/gcc/x86_64-redhat-linux/4.8.5/:/usr/libexec/gcc/x86_64-redhat-linux/:/usr/lib/gcc/x86_64-redhat-linux/4.8.5/:/usr/lib/gcc/x86_64-redhat-linux/]
  ignore line: [LIBRARY_PATH=/usr/lib/gcc/x86_64-redhat-linux/4.8.5/:/usr/lib/gcc/x86_64-redhat-linux/4.8.5/../../../../lib64/:/lib/../lib64/:/usr/lib/../lib64/:/usr/lib/gcc/x86_64-redhat-linux/4.8.5/../../../:/lib/:/usr/lib/]
  ignore line: [COLLECT_GCC_OPTIONS='-v' '-o' 'cmTryCompileExec2436334254' '-rdynamic' '-mtune=generic' '-march=x86-64']
  link line: [ /usr/libexec/gcc/x86_64-redhat-linux/4.8.5/collect2 --build-id --no-add-needed --eh-frame-hdr --hash-style=gnu -m elf_x86_64 -export-dynamic -dynamic-linker /lib64/ld-linux-x86-64.so.2 -o cmTryCompileExec2436334254 /usr/lib/gcc/x86_64-redhat-linux/4.8.5/../../../../lib64/crt1.o /usr/lib/gcc/x86_64-redhat-linux/4.8.5/../../../../lib64/crti.o /usr/lib/gcc/x86_64-redhat-linux/4.8.5/crtbegin.o -L/usr/lib/gcc/x86_64-redhat-linux/4.8.5 -L/usr/lib/gcc/x86_64-redhat-linux/4.8.5/../../../../lib64 -L/lib/../lib64 -L/usr/lib/../lib64 -L/usr/lib/gcc/x86_64-redhat-linux/4.8.5/../../.. CMakeFiles/cmTryCompileExec2436334254.dir/CMakeCCompilerABI.c.o -lgcc --as-needed -lgcc_s --no-as-needed -lc -lgcc --as-needed -lgcc_s --no-as-needed /usr/lib/gcc/x86_64-redhat-linux/4.8.5/crtend.o /usr/lib/gcc/x86_64-redhat-linux/4.8.5/../../../../lib64/crtn.o]
    arg [/usr/libexec/gcc/x86_64-redhat-linux/4.8.5/collect2] ==> ignore
    arg [--build-id] ==> ignore
    arg [--no-add-needed] ==> ignore
    arg [--eh-frame-hdr] ==> ignore
    arg [--hash-style=gnu] ==> ignore
    arg [-m] ==> ignore
    arg [elf_x86_64] ==> ignore
    arg [-export-dynamic] ==> ignore
    arg [-dynamic-linker] ==> ignore
    arg [/lib64/ld-linux-x86-64.so.2] ==> ignore
    arg [-o] ==> ignore
    arg [cmTryCompileExec2436334254] ==> ignore
    arg [/usr/lib/gcc/x86_64-redhat-linux/4.8.5/../../../../lib64/crt1.o] ==> ignore
    arg [/usr/lib/gcc/x86_64-redhat-linux/4.8.5/../../../../lib64/crti.o] ==> ignore
    arg [/usr/lib/gcc/x86_64-redhat-linux/4.8.5/crtbegin.o] ==> ignore
    arg [-L/usr/lib/gcc/x86_64-redhat-linux/4.8.5] ==> dir [/usr/lib/gcc/x86_64-redhat-linux/4.8.5]
    arg [-L/usr/lib/gcc/x86_64-redhat-linux/4.8.5/../../../../lib64] ==> dir [/usr/lib/gcc/x86_64-redhat-linux/4.8.5/../../../../lib64]
    arg [-L/lib/../lib64] ==> dir [/lib/../lib64]
    arg [-L/usr/lib/../lib64] ==> dir [/usr/lib/../lib64]
    arg [-L/usr/lib/gcc/x86_64-redhat-linux/4.8.5/../../..] ==> dir [/usr/lib/gcc/x86_64-redhat-linux/4.8.5/../../..]
    arg [CMakeFiles/cmTryCompileExec2436334254.dir/CMakeCCompilerABI.c.o] ==> ignore
    arg [-lgcc] ==> lib [gcc]
    arg [--as-needed] ==> ignore
    arg [-lgcc_s] ==> lib [gcc_s]
    arg [--no-as-needed] ==> ignore
    arg [-lc] ==> lib [c]
    arg [-lgcc] ==> lib [gcc]
    arg [--as-needed] ==> ignore
    arg [-lgcc_s] ==> lib [gcc_s]
    arg [--no-as-needed] ==> ignore
    arg [/usr/lib/gcc/x86_64-redhat-linux/4.8.5/crtend.o] ==> ignore
    arg [/usr/lib/gcc/x86_64-redhat-linux/4.8.5/../../../../lib64/crtn.o] ==> ignore
  remove lib [gcc]
  remove lib [gcc_s]
  remove lib [gcc]
  remove lib [gcc_s]
  collapse library dir [/usr/lib/gcc/x86_64-redhat-linux/4.8.5] ==> [/usr/lib/gcc/x86_64-redhat-linux/4.8.5]
  collapse library dir [/usr/lib/gcc/x86_64-redhat-linux/4.8.5/../../../../lib64] ==> [/usr/lib64]
  collapse library dir [/lib/../lib64] ==> [/lib64]
  collapse library dir [/usr/lib/../lib64] ==> [/usr/lib64]
  collapse library dir [/usr/lib/gcc/x86_64-redhat-linux/4.8.5/../../..] ==> [/usr/lib]
  implicit libs: [c]
  implicit dirs: [/usr/lib/gcc/x86_64-redhat-linux/4.8.5;/usr/lib64;/lib64;/usr/lib]
  implicit fwks: []


Determining if files pthread.h exist passed with the following output:
Change Dir: /cluster/home/jiusun/NoriProjectETHz/build/ext_build/src/nanogui_p-build/ext_build/src/glfw_p-build/CMakeFiles/CMakeTmp

Run Build Command:/cluster/apps/sfos/bin/gmake "cmTryCompileExec3391198986/fast"
gmake[6]: Entering directory '/cluster/home/jiusun/NoriProjectETHz/build/ext_build/src/nanogui_p-build/ext_build/src/glfw_p-build/CMakeFiles/CMakeTmp'
/cluster/apps/sfos/bin/gmake -f CMakeFiles/cmTryCompileExec3391198986.dir/build.make CMakeFiles/cmTryCompileExec3391198986.dir/build
gmake[7]: Entering directory '/cluster/home/jiusun/NoriProjectETHz/build/ext_build/src/nanogui_p-build/ext_build/src/glfw_p-build/CMakeFiles/CMakeTmp'
/usr/bin/cmake -E cmake_progress_report /cluster/home/jiusun/NoriProjectETHz/build/ext_build/src/nanogui_p-build/ext_build/src/glfw_p-build/CMakeFiles/CMakeTmp/CMakeFiles 1
Building C object CMakeFiles/cmTryCompileExec3391198986.dir/CheckIncludeFiles.c.o
/usr/bin/gcc    -o CMakeFiles/cmTryCompileExec3391198986.dir/CheckIncludeFiles.c.o   -c /cluster/home/jiusun/NoriProjectETHz/build/ext_build/src/nanogui_p-build/ext_build/src/glfw_p-build/CMakeFiles/CMakeTmp/CheckIncludeFiles.c
Linking C executable cmTryCompileExec3391198986
/usr/bin/cmake -E cmake_link_script CMakeFiles/cmTryCompileExec3391198986.dir/link.txt --verbose=1
/usr/bin/gcc       CMakeFiles/cmTryCompileExec3391198986.dir/CheckIncludeFiles.c.o  -o cmTryCompileExec3391198986 -rdynamic 
gmake[7]: Leaving directory '/cluster/home/jiusun/NoriProjectETHz/build/ext_build/src/nanogui_p-build/ext_build/src/glfw_p-build/CMakeFiles/CMakeTmp'
gmake[6]: Leaving directory '/cluster/home/jiusun/NoriProjectETHz/build/ext_build/src/nanogui_p-build/ext_build/src/glfw_p-build/CMakeFiles/CMakeTmp'


Determining if the function pthread_create exists in the pthread passed with the following output:
Change Dir: /cluster/home/jiusun/NoriProjectETHz/build/ext_build/src/nanogui_p-build/ext_build/src/glfw_p-build/CMakeFiles/CMakeTmp

Run Build Command:/cluster/apps/sfos/bin/gmake "cmTryCompileExec2888022752/fast"
gmake[6]: Entering directory '/cluster/home/jiusun/NoriProjectETHz/build/ext_build/src/nanogui_p-build/ext_build/src/glfw_p-build/CMakeFiles/CMakeTmp'
/cluster/apps/sfos/bin/gmake -f CMakeFiles/cmTryCompileExec2888022752.dir/build.make CMakeFiles/cmTryCompileExec2888022752.dir/build
gmake[7]: Entering directory '/cluster/home/jiusun/NoriProjectETHz/build/ext_build/src/nanogui_p-build/ext_build/src/glfw_p-build/CMakeFiles/CMakeTmp'
/usr/bin/cmake -E cmake_progress_report /cluster/home/jiusun/NoriProjectETHz/build/ext_build/src/nanogui_p-build/ext_build/src/glfw_p-build/CMakeFiles/CMakeTmp/CMakeFiles 1
Building C object CMakeFiles/cmTryCompileExec2888022752.dir/CheckFunctionExists.c.o
/usr/bin/gcc   -DCHECK_FUNCTION_EXISTS=pthread_create   -o CMakeFiles/cmTryCompileExec2888022752.dir/CheckFunctionExists.c.o   -c /usr/share/cmake/Modules/CheckFunctionExists.c
Linking C executable cmTryCompileExec2888022752
/usr/bin/cmake -E cmake_link_script CMakeFiles/cmTryCompileExec2888022752.dir/link.txt --verbose=1
/usr/bin/gcc   -DCHECK_FUNCTION_EXISTS=pthread_create    CMakeFiles/cmTryCompileExec2888022752.dir/CheckFunctionExists.c.o  -o cmTryCompileExec2888022752 -rdynamic -lpthread 
gmake[7]: Leaving directory '/cluster/home/jiusun/NoriProjectETHz/build/ext_build/src/nanogui_p-build/ext_build/src/glfw_p-build/CMakeFiles/CMakeTmp'
gmake[6]: Leaving directory '/cluster/home/jiusun/NoriProjectETHz/build/ext_build/src/nanogui_p-build/ext_build/src/glfw_p-build/CMakeFiles/CMakeTmp'


Determining if the function XOpenDisplay exists in the /usr/lib64/libX11.so;/usr/lib64/libXext.so passed with the following output:
Change Dir: /cluster/home/jiusun/NoriProjectETHz/build/ext_build/src/nanogui_p-build/ext_build/src/glfw_p-build/CMakeFiles/CMakeTmp

Run Build Command:/cluster/apps/sfos/bin/gmake "cmTryCompileExec3547377868/fast"
gmake[6]: Entering directory '/cluster/home/jiusun/NoriProjectETHz/build/ext_build/src/nanogui_p-build/ext_build/src/glfw_p-build/CMakeFiles/CMakeTmp'
/cluster/apps/sfos/bin/gmake -f CMakeFiles/cmTryCompileExec3547377868.dir/build.make CMakeFiles/cmTryCompileExec3547377868.dir/build
gmake[7]: Entering directory '/cluster/home/jiusun/NoriProjectETHz/build/ext_build/src/nanogui_p-build/ext_build/src/glfw_p-build/CMakeFiles/CMakeTmp'
/usr/bin/cmake -E cmake_progress_report /cluster/home/jiusun/NoriProjectETHz/build/ext_build/src/nanogui_p-build/ext_build/src/glfw_p-build/CMakeFiles/CMakeTmp/CMakeFiles 1
Building C object CMakeFiles/cmTryCompileExec3547377868.dir/CheckFunctionExists.c.o
/usr/bin/gcc   -DCHECK_FUNCTION_EXISTS=XOpenDisplay   -o CMakeFiles/cmTryCompileExec3547377868.dir/CheckFunctionExists.c.o   -c /usr/share/cmake/Modules/CheckFunctionExists.c
Linking C executable cmTryCompileExec3547377868
/usr/bin/cmake -E cmake_link_script CMakeFiles/cmTryCompileExec3547377868.dir/link.txt --verbose=1
/usr/bin/gcc   -DCHECK_FUNCTION_EXISTS=XOpenDisplay    CMakeFiles/cmTryCompileExec3547377868.dir/CheckFunctionExists.c.o  -o cmTryCompileExec3547377868 -rdynamic -lX11 -lXext 
gmake[7]: Leaving directory '/cluster/home/jiusun/NoriProjectETHz/build/ext_build/src/nanogui_p-build/ext_build/src/glfw_p-build/CMakeFiles/CMakeTmp'
gmake[6]: Leaving directory '/cluster/home/jiusun/NoriProjectETHz/build/ext_build/src/nanogui_p-build/ext_build/src/glfw_p-build/CMakeFiles/CMakeTmp'


Determining if the function gethostbyname exists passed with the following output:
Change Dir: /cluster/home/jiusun/NoriProjectETHz/build/ext_build/src/nanogui_p-build/ext_build/src/glfw_p-build/CMakeFiles/CMakeTmp

Run Build Command:/cluster/apps/sfos/bin/gmake "cmTryCompileExec4020113255/fast"
gmake[6]: Entering directory '/cluster/home/jiusun/NoriProjectETHz/build/ext_build/src/nanogui_p-build/ext_build/src/glfw_p-build/CMakeFiles/CMakeTmp'
/cluster/apps/sfos/bin/gmake -f CMakeFiles/cmTryCompileExec4020113255.dir/build.make CMakeFiles/cmTryCompileExec4020113255.dir/build
gmake[7]: Entering directory '/cluster/home/jiusun/NoriProjectETHz/build/ext_build/src/nanogui_p-build/ext_build/src/glfw_p-build/CMakeFiles/CMakeTmp'
/usr/bin/cmake -E cmake_progress_report /cluster/home/jiusun/NoriProjectETHz/build/ext_build/src/nanogui_p-build/ext_build/src/glfw_p-build/CMakeFiles/CMakeTmp/CMakeFiles 1
Building C object CMakeFiles/cmTryCompileExec4020113255.dir/CheckFunctionExists.c.o
/usr/bin/gcc   -DCHECK_FUNCTION_EXISTS=gethostbyname   -o CMakeFiles/cmTryCompileExec4020113255.dir/CheckFunctionExists.c.o   -c /usr/share/cmake/Modules/CheckFunctionExists.c
Linking C executable cmTryCompileExec4020113255
/usr/bin/cmake -E cmake_link_script CMakeFiles/cmTryCompileExec4020113255.dir/link.txt --verbose=1
/usr/bin/gcc   -DCHECK_FUNCTION_EXISTS=gethostbyname    CMakeFiles/cmTryCompileExec4020113255.dir/CheckFunctionExists.c.o  -o cmTryCompileExec4020113255 -rdynamic 
gmake[7]: Leaving directory '/cluster/home/jiusun/NoriProjectETHz/build/ext_build/src/nanogui_p-build/ext_build/src/glfw_p-build/CMakeFiles/CMakeTmp'
gmake[6]: Leaving directory '/cluster/home/jiusun/NoriProjectETHz/build/ext_build/src/nanogui_p-build/ext_build/src/glfw_p-build/CMakeFiles/CMakeTmp'


Determining if the function connect exists passed with the following output:
Change Dir: /cluster/home/jiusun/NoriProjectETHz/build/ext_build/src/nanogui_p-build/ext_build/src/glfw_p-build/CMakeFiles/CMakeTmp

Run Build Command:/cluster/apps/sfos/bin/gmake "cmTryCompileExec1228925468/fast"
gmake[6]: Entering directory '/cluster/home/jiusun/NoriProjectETHz/build/ext_build/src/nanogui_p-build/ext_build/src/glfw_p-build/CMakeFiles/CMakeTmp'
/cluster/apps/sfos/bin/gmake -f CMakeFiles/cmTryCompileExec1228925468.dir/build.make CMakeFiles/cmTryCompileExec1228925468.dir/build
gmake[7]: Entering directory '/cluster/home/jiusun/NoriProjectETHz/build/ext_build/src/nanogui_p-build/ext_build/src/glfw_p-build/CMakeFiles/CMakeTmp'
/usr/bin/cmake -E cmake_progress_report /cluster/home/jiusun/NoriProjectETHz/build/ext_build/src/nanogui_p-build/ext_build/src/glfw_p-build/CMakeFiles/CMakeTmp/CMakeFiles 1
Building C object CMakeFiles/cmTryCompileExec1228925468.dir/CheckFunctionExists.c.o
/usr/bin/gcc   -DCHECK_FUNCTION_EXISTS=connect   -o CMakeFiles/cmTryCompileExec1228925468.dir/CheckFunctionExists.c.o   -c /usr/share/cmake/Modules/CheckFunctionExists.c
Linking C executable cmTryCompileExec1228925468
/usr/bin/cmake -E cmake_link_script CMakeFiles/cmTryCompileExec1228925468.dir/link.txt --verbose=1
/usr/bin/gcc   -DCHECK_FUNCTION_EXISTS=connect    CMakeFiles/cmTryCompileExec1228925468.dir/CheckFunctionExists.c.o  -o cmTryCompileExec1228925468 -rdynamic 
gmake[7]: Leaving directory '/cluster/home/jiusun/NoriProjectETHz/build/ext_build/src/nanogui_p-build/ext_build/src/glfw_p-build/CMakeFiles/CMakeTmp'
gmake[6]: Leaving directory '/cluster/home/jiusun/NoriProjectETHz/build/ext_build/src/nanogui_p-build/ext_build/src/glfw_p-build/CMakeFiles/CMakeTmp'


Determining if the function remove exists passed with the following output:
Change Dir: /cluster/home/jiusun/NoriProjectETHz/build/ext_build/src/nanogui_p-build/ext_build/src/glfw_p-build/CMakeFiles/CMakeTmp

Run Build Command:/cluster/apps/sfos/bin/gmake "cmTryCompileExec2984553219/fast"
gmake[6]: Entering directory '/cluster/home/jiusun/NoriProjectETHz/build/ext_build/src/nanogui_p-build/ext_build/src/glfw_p-build/CMakeFiles/CMakeTmp'
/cluster/apps/sfos/bin/gmake -f CMakeFiles/cmTryCompileExec2984553219.dir/build.make CMakeFiles/cmTryCompileExec2984553219.dir/build
gmake[7]: Entering directory '/cluster/home/jiusun/NoriProjectETHz/build/ext_build/src/nanogui_p-build/ext_build/src/glfw_p-build/CMakeFiles/CMakeTmp'
/usr/bin/cmake -E cmake_progress_report /cluster/home/jiusun/NoriProjectETHz/build/ext_build/src/nanogui_p-build/ext_build/src/glfw_p-build/CMakeFiles/CMakeTmp/CMakeFiles 1
Building C object CMakeFiles/cmTryCompileExec2984553219.dir/CheckFunctionExists.c.o
/usr/bin/gcc   -DCHECK_FUNCTION_EXISTS=remove   -o CMakeFiles/cmTryCompileExec2984553219.dir/CheckFunctionExists.c.o   -c /usr/share/cmake/Modules/CheckFunctionExists.c
Linking C executable cmTryCompileExec2984553219
/usr/bin/cmake -E cmake_link_script CMakeFiles/cmTryCompileExec2984553219.dir/link.txt --verbose=1
/usr/bin/gcc   -DCHECK_FUNCTION_EXISTS=remove    CMakeFiles/cmTryCompileExec2984553219.dir/CheckFunctionExists.c.o  -o cmTryCompileExec2984553219 -rdynamic 
gmake[7]: Leaving directory '/cluster/home/jiusun/NoriProjectETHz/build/ext_build/src/nanogui_p-build/ext_build/src/glfw_p-build/CMakeFiles/CMakeTmp'
gmake[6]: Leaving directory '/cluster/home/jiusun/NoriProjectETHz/build/ext_build/src/nanogui_p-build/ext_build/src/glfw_p-build/CMakeFiles/CMakeTmp'


Determining if the function shmat exists passed with the following output:
Change Dir: /cluster/home/jiusun/NoriProjectETHz/build/ext_build/src/nanogui_p-build/ext_build/src/glfw_p-build/CMakeFiles/CMakeTmp

Run Build Command:/cluster/apps/sfos/bin/gmake "cmTryCompileExec2597412322/fast"
gmake[6]: Entering directory '/cluster/home/jiusun/NoriProjectETHz/build/ext_build/src/nanogui_p-build/ext_build/src/glfw_p-build/CMakeFiles/CMakeTmp'
/cluster/apps/sfos/bin/gmake -f CMakeFiles/cmTryCompileExec2597412322.dir/build.make CMakeFiles/cmTryCompileExec2597412322.dir/build
gmake[7]: Entering directory '/cluster/home/jiusun/NoriProjectETHz/build/ext_build/src/nanogui_p-build/ext_build/src/glfw_p-build/CMakeFiles/CMakeTmp'
/usr/bin/cmake -E cmake_progress_report /cluster/home/jiusun/NoriProjectETHz/build/ext_build/src/nanogui_p-build/ext_build/src/glfw_p-build/CMakeFiles/CMakeTmp/CMakeFiles 1
Building C object CMakeFiles/cmTryCompileExec2597412322.dir/CheckFunctionExists.c.o
/usr/bin/gcc   -DCHECK_FUNCTION_EXISTS=shmat   -o CMakeFiles/cmTryCompileExec2597412322.dir/CheckFunctionExists.c.o   -c /usr/share/cmake/Modules/CheckFunctionExists.c
Linking C executable cmTryCompileExec2597412322
/usr/bin/cmake -E cmake_link_script CMakeFiles/cmTryCompileExec2597412322.dir/link.txt --verbose=1
/usr/bin/gcc   -DCHECK_FUNCTION_EXISTS=shmat    CMakeFiles/cmTryCompileExec2597412322.dir/CheckFunctionExists.c.o  -o cmTryCompileExec2597412322 -rdynamic 
gmake[7]: Leaving directory '/cluster/home/jiusun/NoriProjectETHz/build/ext_build/src/nanogui_p-build/ext_build/src/glfw_p-build/CMakeFiles/CMakeTmp'
gmake[6]: Leaving directory '/cluster/home/jiusun/NoriProjectETHz/build/ext_build/src/nanogui_p-build/ext_build/src/glfw_p-build/CMakeFiles/CMakeTmp'


Determining if the function IceConnectionNumber exists in the ICE passed with the following output:
Change Dir: /cluster/home/jiusun/NoriProjectETHz/build/ext_build/src/nanogui_p-build/ext_build/src/glfw_p-build/CMakeFiles/CMakeTmp

Run Build Command:/cluster/apps/sfos/bin/gmake "cmTryCompileExec2017327407/fast"
gmake[6]: Entering directory '/cluster/home/jiusun/NoriProjectETHz/build/ext_build/src/nanogui_p-build/ext_build/src/glfw_p-build/CMakeFiles/CMakeTmp'
/cluster/apps/sfos/bin/gmake -f CMakeFiles/cmTryCompileExec2017327407.dir/build.make CMakeFiles/cmTryCompileExec2017327407.dir/build
gmake[7]: Entering directory '/cluster/home/jiusun/NoriProjectETHz/build/ext_build/src/nanogui_p-build/ext_build/src/glfw_p-build/CMakeFiles/CMakeTmp'
/usr/bin/cmake -E cmake_progress_report /cluster/home/jiusun/NoriProjectETHz/build/ext_build/src/nanogui_p-build/ext_build/src/glfw_p-build/CMakeFiles/CMakeTmp/CMakeFiles 1
Building C object CMakeFiles/cmTryCompileExec2017327407.dir/CheckFunctionExists.c.o
/usr/bin/gcc   -DCHECK_FUNCTION_EXISTS=IceConnectionNumber   -o CMakeFiles/cmTryCompileExec2017327407.dir/CheckFunctionExists.c.o   -c /usr/share/cmake/Modules/CheckFunctionExists.c
Linking C executable cmTryCompileExec2017327407
/usr/bin/cmake -E cmake_link_script CMakeFiles/cmTryCompileExec2017327407.dir/link.txt --verbose=1
/usr/bin/gcc   -DCHECK_FUNCTION_EXISTS=IceConnectionNumber    CMakeFiles/cmTryCompileExec2017327407.dir/CheckFunctionExists.c.o  -o cmTryCompileExec2017327407 -rdynamic -lICE 
gmake[7]: Leaving directory '/cluster/home/jiusun/NoriProjectETHz/build/ext_build/src/nanogui_p-build/ext_build/src/glfw_p-build/CMakeFiles/CMakeTmp'
gmake[6]: Leaving directory '/cluster/home/jiusun/NoriProjectETHz/build/ext_build/src/nanogui_p-build/ext_build/src/glfw_p-build/CMakeFiles/CMakeTmp'


