  Creating directories for 'nanogui_p'
  Building Custom Rule C:/Users/Rongxing/Desktop/ETH/CG/nori/CMakeLists.txt
  Performing download step (DIR copy) for 'nanogui_p'
  No update step for 'nanogui_p'
  No patch step for 'nanogui_p'
  Performing configure step for 'nanogui_p'
  -- Selecting Windows SDK version 10.0.19041.0 to target Windows 10.0.22621.
  -- The C compiler identification is MSVC 19.29.30147.0
  -- The CXX compiler identification is MSVC 19.29.30147.0
  -- Detecting C compiler ABI info
  -- Detecting C compiler ABI info - done
  -- Check for working C compiler: C:/Program Files (x86)/Microsoft Visual Studio/2019/Community/VC/Tools/MSVC/14.29.30133/bin/Hostx64/x64/cl.exe - skipped
  -- Detecting C compile features
  -- Detecting C compile features - done
  -- Detecting CXX compiler ABI info
  -- Detecting CXX compiler ABI info - done
  -- Check for working CXX compiler: C:/Program Files (x86)/Microsoft Visual Studio/2019/Community/VC/Tools/MSVC/14.29.30133/bin/Hostx64/x64/cl.exe - skipped
  -- Detecting CXX compile features
  -- Detecting CXX compile features - done
  -- Configuring done
  -- Generating done
CUSTOMBUILD : CMake warning : 
    Manually-specified variables were not used by the project:
  
      CMAKE_BUILD_TYPE
  
  
  -- Build files have been written to: C:/Users/Rongxing/Desktop/ETH/CG/nori/build/ext_build/src/nanogui_p-build
  Performing build step for 'nanogui_p'
  Microsoft (R) Build Engine version 16.11.2+f32259642 for .NET Framework
  Copyright (C) Microsoft Corporation. All rights reserved.
  
    Checking Build System
    Creating directories for 'glew_p'
    Building Custom Rule C:/Users/Rongxing/Desktop/ETH/CG/nori/build/ext_build/src/nanogui_p/CMakeLists.txt
    Performing download step (DIR copy) for 'glew_p'
    No update step for 'glew_p'
    No patch step for 'glew_p'
    Performing configure step for 'glew_p'
    -- Selecting Windows SDK version 10.0.19041.0 to target Windows 10.0.22621.
    -- The C compiler identification is MSVC 19.29.30147.0
    -- The CXX compiler identification is MSVC 19.29.30147.0
    -- Detecting C compiler ABI info
    -- Detecting C compiler ABI info - done
    -- Check for working C compiler: C:/Program Files (x86)/Microsoft Visual Studio/2019/Community/VC/Tools/MSVC/14.29.30133/bin/Hostx64/x64/cl.exe - skipped
    -- Detecting C compile features
    -- Detecting C compile features - done
    -- Detecting CXX compiler ABI info
    -- Detecting CXX compiler ABI info - done
    -- Check for working CXX compiler: C:/Program Files (x86)/Microsoft Visual Studio/2019/Community/VC/Tools/MSVC/14.29.30133/bin/Hostx64/x64/cl.exe - skipped
    -- Detecting CXX compile features
    -- Detecting CXX compile features - done
    -- Configuring done
    -- Generating done
CUSTOMBUILD : CMake warning : [C:\Users\Rongxing\Desktop\ETH\CG\nori\build\ext_build\src\nanogui_p-build\glew_p.vcxproj]
      Manually-specified variables were not used by the project:
    
        CMAKE_BUILD_TYPE
        CMAKE_CXX_FLAGS_DEBUG
        CMAKE_CXX_FLAGS_MINSIZEREL
        CMAKE_CXX_FLAGS_RELEASE
        CMAKE_CXX_FLAGS_RELWITHDEBINFO
    
    
    -- Build files have been written to: C:/Users/Rongxing/Desktop/ETH/CG/nori/build/ext_build/src/nanogui_p-build/ext_build/src/glew_p-build
    Performing build step for 'glew_p'
    Microsoft (R) Build Engine version 16.11.2+f32259642 for .NET Framework
    Copyright (C) Microsoft Corporation. All rights reserved.
    
      Checking Build System
      Building Custom Rule C:/Users/Rongxing/Desktop/ETH/CG/nori/build/ext_build/src/nanogui_p-build/ext_build/src/glew_p/CMakeLists.txt
      glew.c
      glew.vcxproj -> C:\Users\Rongxing\Desktop\ETH\CG\nori\build\ext_build\src\nanogui_p-build\ext_build\src\glew_p-build\Release\glew.lib
      Building Custom Rule C:/Users/Rongxing/Desktop/ETH/CG/nori/build/ext_build/src/nanogui_p-build/ext_build/src/glew_p/CMakeLists.txt
    Performing install step for 'glew_p'
    -- Installing: C:/Users/Rongxing/Desktop/ETH/CG/nori/build/ext_build/dist/lib/glew.lib
    -- Installing: C:/Users/Rongxing/Desktop/ETH/CG/nori/build/ext_build/dist/include/GL
    -- Installing: C:/Users/Rongxing/Desktop/ETH/CG/nori/build/ext_build/dist/include/GL/glew.h
    -- Installing: C:/Users/Rongxing/Desktop/ETH/CG/nori/build/ext_build/dist/include/GL/glxew.h
    -- Installing: C:/Users/Rongxing/Desktop/ETH/CG/nori/build/ext_build/dist/include/GL/wglew.h
    Completed 'glew_p'
    Creating directories for 'glfw_p'
    Building Custom Rule C:/Users/Rongxing/Desktop/ETH/CG/nori/build/ext_build/src/nanogui_p/CMakeLists.txt
    Performing download step (DIR copy) for 'glfw_p'
    No update step for 'glfw_p'
    No patch step for 'glfw_p'
    Performing configure step for 'glfw_p'
    -- Selecting Windows SDK version 10.0.19041.0 to target Windows 10.0.22621.
    -- The C compiler identification is MSVC 19.29.30147.0
    -- Detecting C compiler ABI info
    -- Detecting C compiler ABI info - done
    -- Check for working C compiler: C:/Program Files (x86)/Microsoft Visual Studio/2019/Community/VC/Tools/MSVC/14.29.30133/bin/Hostx64/x64/cl.exe - skipped
    -- Detecting C compile features
    -- Detecting C compile features - done
    -- Performing Test CMAKE_HAVE_LIBC_PTHREAD
    -- Performing Test CMAKE_HAVE_LIBC_PTHREAD - Failed
    -- Looking for pthread_create in pthreads
    -- Looking for pthread_create in pthreads - not found
    -- Looking for pthread_create in pthread
    -- Looking for pthread_create in pthread - not found
    -- Found Threads: TRUE  
    -- Could NOT find Vulkan (missing: Vulkan_LIBRARY Vulkan_INCLUDE_DIR) (found version "")
    -- Using Win32 for window creation
    -- Configuring done
    -- Generating done
CUSTOMBUILD : CMake warning : [C:\Users\Rongxing\Desktop\ETH\CG\nori\build\ext_build\src\nanogui_p-build\glfw_p.vcxproj]
      Manually-specified variables were not used by the project:
    
        CMAKE_BUILD_TYPE
        CMAKE_CXX_FLAGS
        CMAKE_CXX_FLAGS_DEBUG
        CMAKE_CXX_FLAGS_MINSIZEREL
        CMAKE_CXX_FLAGS_RELEASE
        CMAKE_CXX_FLAGS_RELWITHDEBINFO
    
    
    -- Build files have been written to: C:/Users/Rongxing/Desktop/ETH/CG/nori/build/ext_build/src/nanogui_p-build/ext_build/src/glfw_p-build
    Performing build step for 'glfw_p'
    Microsoft (R) Build Engine version 16.11.2+f32259642 for .NET Framework
    Copyright (C) Microsoft Corporation. All rights reserved.
    
      Checking Build System
      Building Custom Rule C:/Users/Rongxing/Desktop/ETH/CG/nori/build/ext_build/src/nanogui_p-build/ext_build/src/glfw_p/src/CMakeLists.txt
      context.c
      init.c
      input.c
      monitor.c
      vulkan.c
      window.c
      win32_init.c
      win32_joystick.c
      win32_monitor.c
      win32_time.c
      win32_thread.c
      win32_window.c
      wgl_context.c
      egl_context.c
      osmesa_context.c
      Generating Code...
      glfw.vcxproj -> C:\Users\Rongxing\Desktop\ETH\CG\nori\build\ext_build\src\nanogui_p-build\ext_build\src\glfw_p-build\src\Release\glfw3.lib
      Building Custom Rule C:/Users/Rongxing/Desktop/ETH/CG/nori/build/ext_build/src/nanogui_p-build/ext_build/src/glfw_p/CMakeLists.txt
    Performing install step for 'glfw_p'
    -- Installing: C:/Users/Rongxing/Desktop/ETH/CG/nori/build/ext_build/dist/include/GLFW
    -- Installing: C:/Users/Rongxing/Desktop/ETH/CG/nori/build/ext_build/dist/include/GLFW/glfw3.h
    -- Installing: C:/Users/Rongxing/Desktop/ETH/CG/nori/build/ext_build/dist/include/GLFW/glfw3native.h
    -- Installing: C:/Users/Rongxing/Desktop/ETH/CG/nori/build/ext_build/dist/lib/cmake/glfw3/glfw3Config.cmake
    -- Installing: C:/Users/Rongxing/Desktop/ETH/CG/nori/build/ext_build/dist/lib/cmake/glfw3/glfw3ConfigVersion.cmake
    -- Installing: C:/Users/Rongxing/Desktop/ETH/CG/nori/build/ext_build/dist/lib/cmake/glfw3/glfw3Targets.cmake
    -- Installing: C:/Users/Rongxing/Desktop/ETH/CG/nori/build/ext_build/dist/lib/cmake/glfw3/glfw3Targets-release.cmake
    -- Installing: C:/Users/Rongxing/Desktop/ETH/CG/nori/build/ext_build/dist/lib/pkgconfig/glfw3.pc
    -- Installing: C:/Users/Rongxing/Desktop/ETH/CG/nori/build/ext_build/dist/lib/glfw3.lib
    Completed 'glfw_p'
    Building Custom Rule C:/Users/Rongxing/Desktop/ETH/CG/nori/build/ext_build/src/nanogui_p/CMakeLists.txt
    bin2c.c
C:\Users\Rongxing\Desktop\ETH\CG\nori\build\ext_build\src\nanogui_p\resources\bin2c.c(33,13): warning C4018: '<': signed/unsigned mismatch [C:\Users\Rongxing\Desktop\ETH\CG\nori\build\ext_build\src\nanogui_p-build\bin2c.vcxproj]
C:\Users\Rongxing\Desktop\ETH\CG\nori\build\ext_build\src\nanogui_p\resources\bin2c.c(52,50): warning C4267: '=': conversion from 'size_t' to 'unsigned int', possible loss of data [C:\Users\Rongxing\Desktop\ETH\CG\nori\build\ext_build\src\nanogui_p-build\bin2c.vcxproj]
C:\Users\Rongxing\Desktop\ETH\CG\nori\build\ext_build\src\nanogui_p\resources\bin2c.c(34,16): warning C4996: 'strdup': The POSIX name for this item is deprecated. Instead, use the ISO C and C++ conformant name: _strdup. See online help for details. [C:\Users\Rongxing\Desktop\ETH\CG\nori\build\ext_build\src\nanogui_p-build\bin2c.vcxproj]
    bin2c.vcxproj -> C:\Users\Rongxing\Desktop\ETH\CG\nori\build\ext_build\src\nanogui_p-build\Release\bin2c.exe
    Running bin2c
    Building Custom Rule C:/Users/Rongxing/Desktop/ETH/CG/nori/build/ext_build/src/nanogui_p/CMakeLists.txt
    nanovg.c
C:\Users\Rongxing\Desktop\ETH\CG\nori\build\ext_build\src\nanogui_p\ext\nanovg\src\stb_image.h(191,1): warning C4005: '_CRT_SECURE_NO_WARNINGS': macro redefinition [C:\Users\Rongxing\Desktop\ETH\CG\nori\build\ext_build\src\nanogui_p-build\nanogui.vcxproj]
  C:\Users\Rongxing\Desktop\ETH\CG\nori\build\ext_build\src\nanogui_p\ext\nanovg\src\nanovg.c : message : see previous definition of '_CRT_SECURE_NO_WARNINGS' [C:\Users\Rongxing\Desktop\ETH\CG\nori\build\ext_build\src\nanogui_p-build\nanogui.vcxproj]
    resources.cpp
    glutil.cpp
    nanogui.cpp
    widget.cpp
    theme.cpp
    layout.cpp
    screen.cpp
    label.cpp
    window.cpp
    popup.cpp
    checkbox.cpp
    button.cpp
    popupbutton.cpp
    combobox.cpp
    progressbar.cpp
    slider.cpp
    messagedialog.cpp
    textbox.cpp
    imagepanel.cpp
    vscrollpanel.cpp
    Generating Code...
    nanogui.vcxproj -> C:\Users\Rongxing\Desktop\ETH\CG\nori\build\ext_build\src\nanogui_p-build\Release\nanogui.lib
    Building Custom Rule C:/Users/Rongxing/Desktop/ETH/CG/nori/build/ext_build/src/nanogui_p/CMakeLists.txt
    example.cpp
       Creating library C:/Users/Rongxing/Desktop/ETH/CG/nori/build/ext_build/src/nanogui_p-build/Release/example.lib and object C:/Users/Rongxing/Desktop/ETH/CG/nori/build/ext_build/src/nanogui_p-build/Release/example.exp
    example.vcxproj -> C:\Users\Rongxing\Desktop\ETH\CG\nori\build\ext_build\src\nanogui_p-build\Release\example.exe
    Building Custom Rule C:/Users/Rongxing/Desktop/ETH/CG/nori/build/ext_build/src/nanogui_p/CMakeLists.txt
  Performing install step for 'nanogui_p'
  -- Installing: C:/Users/Rongxing/Desktop/ETH/CG/nori/build/ext_build/dist/lib/nanogui.lib
  -- Installing: C:/Users/Rongxing/Desktop/ETH/CG/nori/build/ext_build/dist/include/fontstash.h
  -- Installing: C:/Users/Rongxing/Desktop/ETH/CG/nori/build/ext_build/dist/include/nanovg.h
  -- Installing: C:/Users/Rongxing/Desktop/ETH/CG/nori/build/ext_build/dist/include/nanovg_gl.h
  -- Installing: C:/Users/Rongxing/Desktop/ETH/CG/nori/build/ext_build/dist/include/nanovg_gl_utils.h
  -- Installing: C:/Users/Rongxing/Desktop/ETH/CG/nori/build/ext_build/dist/include/stb_image.h
  -- Installing: C:/Users/Rongxing/Desktop/ETH/CG/nori/build/ext_build/dist/include/stb_truetype.h
  -- Installing: C:/Users/Rongxing/Desktop/ETH/CG/nori/build/ext_build/dist/include/Eigen
  -- Installing: C:/Users/Rongxing/Desktop/ETH/CG/nori/build/ext_build/dist/include/Eigen/Cholesky
  -- Installing: C:/Users/Rongxing/Desktop/ETH/CG/nori/build/ext_build/dist/include/Eigen/CholmodSupport
  -- Installing: C:/Users/Rongxing/Desktop/ETH/CG/nori/build/ext_build/dist/include/Eigen/CMakeLists.txt
  -- Installing: C:/Users/Rongxing/Desktop/ETH/CG/nori/build/ext_build/dist/include/Eigen/Core
  -- Installing: C:/Users/Rongxing/Desktop/ETH/CG/nori/build/ext_build/dist/include/Eigen/Dense
  -- Installing: C:/Users/Rongxing/Desktop/ETH/CG/nori/build/ext_build/dist/include/Eigen/Eigen
  -- Installing: C:/Users/Rongxing/Desktop/ETH/CG/nori/build/ext_build/dist/include/Eigen/Eigenvalues
  -- Installing: C:/Users/Rongxing/Desktop/ETH/CG/nori/build/ext_build/dist/include/Eigen/Geometry
  -- Installing: C:/Users/Rongxing/Desktop/ETH/CG/nori/build/ext_build/dist/include/Eigen/Householder
  -- Installing: C:/Users/Rongxing/Desktop/ETH/CG/nori/build/ext_build/dist/include/Eigen/IterativeLinearSolvers
  -- Installing: C:/Users/Rongxing/Desktop/ETH/CG/nori/build/ext_build/dist/include/Eigen/Jacobi
  -- Installing: C:/Users/Rongxing/Desktop/ETH/CG/nori/build/ext_build/dist/include/Eigen/LU
  -- Installing: C:/Users/Rongxing/Desktop/ETH/CG/nori/build/ext_build/dist/include/Eigen/MetisSupport
  -- Installing: C:/Users/Rongxing/Desktop/ETH/CG/nori/build/ext_build/dist/include/Eigen/OrderingMethods
  -- Installing: C:/Users/Rongxing/Desktop/ETH/CG/nori/build/ext_build/dist/include/Eigen/PardisoSupport
  -- Installing: C:/Users/Rongxing/Desktop/ETH/CG/nori/build/ext_build/dist/include/Eigen/PaStiXSupport
  -- Installing: C:/Users/Rongxing/Desktop/ETH/CG/nori/build/ext_build/dist/include/Eigen/QR
  -- Installing: C:/Users/Rongxing/Desktop/ETH/CG/nori/build/ext_build/dist/include/Eigen/QtAlignedMalloc
  -- Installing: C:/Users/Rongxing/Desktop/ETH/CG/nori/build/ext_build/dist/include/Eigen/Sparse
  -- Installing: C:/Users/Rongxing/Desktop/ETH/CG/nori/build/ext_build/dist/include/Eigen/SparseCholesky
  -- Installing: C:/Users/Rongxing/Desktop/ETH/CG/nori/build/ext_build/dist/include/Eigen/SparseCore
  -- Installing: C:/Users/Rongxing/Desktop/ETH/CG/nori/build/ext_build/dist/include/Eigen/SparseLU
  -- Installing: C:/Users/Rongxing/Desktop/ETH/CG/nori/build/ext_build/dist/include/Eigen/SparseQR
  -- Installing: C:/Users/Rongxing/Desktop/ETH/CG/nori/build/ext_build/dist/include/Eigen/SPQRSupport
  -- Installing: C:/Users/Rongxing/Desktop/ETH/CG/nori/build/ext_build/dist/include/Eigen/src
  -- Installing: C:/Users/Rongxing/Desktop/ETH/CG/nori/build/ext_build/dist/include/Eigen/src/Cholesky
  -- Installing: C:/Users/Rongxing/Desktop/ETH/CG/nori/build/ext_build/dist/include/Eigen/src/Cholesky/CMakeLists.txt
  -- Installing: C:/Users/Rongxing/Desktop/ETH/CG/nori/build/ext_build/dist/include/Eigen/src/Cholesky/LDLT.h
  -- Installing: C:/Users/Rongxing/Desktop/ETH/CG/nori/build/ext_build/dist/include/Eigen/src/Cholesky/LLT.h
  -- Installing: C:/Users/Rongxing/Desktop/ETH/CG/nori/build/ext_build/dist/include/Eigen/src/Cholesky/LLT_MKL.h
  -- Installing: C:/Users/Rongxing/Desktop/ETH/CG/nori/build/ext_build/dist/include/Eigen/src/CholmodSupport
  -- Installing: C:/Users/Rongxing/Desktop/ETH/CG/nori/build/ext_build/dist/include/Eigen/src/CholmodSupport/CholmodSupport.h
  -- Installing: C:/Users/Rongxing/Desktop/ETH/CG/nori/build/ext_build/dist/include/Eigen/src/CholmodSupport/CMakeLists.txt
  -- Installing: C:/Users/Rongxing/Desktop/ETH/CG/nori/build/ext_build/dist/include/Eigen/src/CMakeLists.txt
  -- Installing: C:/Users/Rongxing/Desktop/ETH/CG/nori/build/ext_build/dist/include/Eigen/src/Core
  -- Installing: C:/Users/Rongxing/Desktop/ETH/CG/nori/build/ext_build/dist/include/Eigen/src/Core/arch
  -- Installing: C:/Users/Rongxing/Desktop/ETH/CG/nori/build/ext_build/dist/include/Eigen/src/Core/arch/AltiVec
  -- Installing: C:/Users/Rongxing/Desktop/ETH/CG/nori/build/ext_build/dist/include/Eigen/src/Core/arch/AltiVec/CMakeLists.txt
  -- Installing: C:/Users/Rongxing/Desktop/ETH/CG/nori/build/ext_build/dist/include/Eigen/src/Core/arch/AltiVec/Complex.h
  -- Installing: C:/Users/Rongxing/Desktop/ETH/CG/nori/build/ext_build/dist/include/Eigen/src/Core/arch/AltiVec/PacketMath.h
  -- Installing: C:/Users/Rongxing/Desktop/ETH/CG/nori/build/ext_build/dist/include/Eigen/src/Core/arch/AVX
  -- Installing: C:/Users/Rongxing/Desktop/ETH/CG/nori/build/ext_build/dist/include/Eigen/src/Core/arch/AVX/CMakeLists.txt
  -- Installing: C:/Users/Rongxing/Desktop/ETH/CG/nori/build/ext_build/dist/include/Eigen/src/Core/arch/AVX/Complex.h
  -- Installing: C:/Users/Rongxing/Desktop/ETH/CG/nori/build/ext_build/dist/include/Eigen/src/Core/arch/AVX/PacketMath.h
  -- Installing: C:/Users/Rongxing/Desktop/ETH/CG/nori/build/ext_build/dist/include/Eigen/src/Core/arch/CMakeLists.txt
  -- Installing: C:/Users/Rongxing/Desktop/ETH/CG/nori/build/ext_build/dist/include/Eigen/src/Core/arch/Default
  -- Installing: C:/Users/Rongxing/Desktop/ETH/CG/nori/build/ext_build/dist/include/Eigen/src/Core/arch/Default/CMakeLists.txt
  -- Installing: C:/Users/Rongxing/Desktop/ETH/CG/nori/build/ext_build/dist/include/Eigen/src/Core/arch/Default/Settings.h
  -- Installing: C:/Users/Rongxing/Desktop/ETH/CG/nori/build/ext_build/dist/include/Eigen/src/Core/arch/NEON
  -- Installing: C:/Users/Rongxing/Desktop/ETH/CG/nori/build/ext_build/dist/include/Eigen/src/Core/arch/NEON/CMakeLists.txt
  -- Installing: C:/Users/Rongxing/Desktop/ETH/CG/nori/build/ext_build/dist/include/Eigen/src/Core/arch/NEON/Complex.h
  -- Installing: C:/Users/Rongxing/Desktop/ETH/CG/nori/build/ext_build/dist/include/Eigen/src/Core/arch/NEON/PacketMath.h
  -- Installing: C:/Users/Rongxing/Desktop/ETH/CG/nori/build/ext_build/dist/include/Eigen/src/Core/arch/SSE
  -- Installing: C:/Users/Rongxing/Desktop/ETH/CG/nori/build/ext_build/dist/include/Eigen/src/Core/arch/SSE/CMakeLists.txt
  -- Installing: C:/Users/Rongxing/Desktop/ETH/CG/nori/build/ext_build/dist/include/Eigen/src/Core/arch/SSE/Complex.h
  -- Installing: C:/Users/Rongxing/Desktop/ETH/CG/nori/build/ext_build/dist/include/Eigen/src/Core/arch/SSE/MathFunctions.h
  -- Installing: C:/Users/Rongxing/Desktop/ETH/CG/nori/build/ext_build/dist/include/Eigen/src/Core/arch/SSE/PacketMath.h
  -- Installing: C:/Users/Rongxing/Desktop/ETH/CG/nori/build/ext_build/dist/include/Eigen/src/Core/Array.h
  -- Installing: C:/Users/Rongxing/Desktop/ETH/CG/nori/build/ext_build/dist/include/Eigen/src/Core/ArrayBase.h
  -- Installing: C:/Users/Rongxing/Desktop/ETH/CG/nori/build/ext_build/dist/include/Eigen/src/Core/ArrayWrapper.h
  -- Installing: C:/Users/Rongxing/Desktop/ETH/CG/nori/build/ext_build/dist/include/Eigen/src/Core/Assign.h
  -- Installing: C:/Users/Rongxing/Desktop/ETH/CG/nori/build/ext_build/dist/include/Eigen/src/Core/AssignEvaluator.h
  -- Installing: C:/Users/Rongxing/Desktop/ETH/CG/nori/build/ext_build/dist/include/Eigen/src/Core/Assign_MKL.h
  -- Installing: C:/Users/Rongxing/Desktop/ETH/CG/nori/build/ext_build/dist/include/Eigen/src/Core/BandMatrix.h
  -- Installing: C:/Users/Rongxing/Desktop/ETH/CG/nori/build/ext_build/dist/include/Eigen/src/Core/Block.h
  -- Installing: C:/Users/Rongxing/Desktop/ETH/CG/nori/build/ext_build/dist/include/Eigen/src/Core/BooleanRedux.h
  -- Installing: C:/Users/Rongxing/Desktop/ETH/CG/nori/build/ext_build/dist/include/Eigen/src/Core/CMakeLists.txt
  -- Installing: C:/Users/Rongxing/Desktop/ETH/CG/nori/build/ext_build/dist/include/Eigen/src/Core/CommaInitializer.h
  -- Installing: C:/Users/Rongxing/Desktop/ETH/CG/nori/build/ext_build/dist/include/Eigen/src/Core/CoreEvaluators.h
  -- Installing: C:/Users/Rongxing/Desktop/ETH/CG/nori/build/ext_build/dist/include/Eigen/src/Core/CoreIterators.h
  -- Installing: C:/Users/Rongxing/Desktop/ETH/CG/nori/build/ext_build/dist/include/Eigen/src/Core/CwiseBinaryOp.h
  -- Installing: C:/Users/Rongxing/Desktop/ETH/CG/nori/build/ext_build/dist/include/Eigen/src/Core/CwiseNullaryOp.h
  -- Installing: C:/Users/Rongxing/Desktop/ETH/CG/nori/build/ext_build/dist/include/Eigen/src/Core/CwiseUnaryOp.h
  -- Installing: C:/Users/Rongxing/Desktop/ETH/CG/nori/build/ext_build/dist/include/Eigen/src/Core/CwiseUnaryView.h
  -- Installing: C:/Users/Rongxing/Desktop/ETH/CG/nori/build/ext_build/dist/include/Eigen/src/Core/DenseBase.h
  -- Installing: C:/Users/Rongxing/Desktop/ETH/CG/nori/build/ext_build/dist/include/Eigen/src/Core/DenseCoeffsBase.h
  -- Installing: C:/Users/Rongxing/Desktop/ETH/CG/nori/build/ext_build/dist/include/Eigen/src/Core/DenseStorage.h
  -- Installing: C:/Users/Rongxing/Desktop/ETH/CG/nori/build/ext_build/dist/include/Eigen/src/Core/Diagonal.h
  -- Installing: C:/Users/Rongxing/Desktop/ETH/CG/nori/build/ext_build/dist/include/Eigen/src/Core/DiagonalMatrix.h
  -- Installing: C:/Users/Rongxing/Desktop/ETH/CG/nori/build/ext_build/dist/include/Eigen/src/Core/DiagonalProduct.h
  -- Installing: C:/Users/Rongxing/Desktop/ETH/CG/nori/build/ext_build/dist/include/Eigen/src/Core/Dot.h
  -- Installing: C:/Users/Rongxing/Desktop/ETH/CG/nori/build/ext_build/dist/include/Eigen/src/Core/EigenBase.h
  -- Installing: C:/Users/Rongxing/Desktop/ETH/CG/nori/build/ext_build/dist/include/Eigen/src/Core/Flagged.h
  -- Installing: C:/Users/Rongxing/Desktop/ETH/CG/nori/build/ext_build/dist/include/Eigen/src/Core/ForceAlignedAccess.h
  -- Installing: C:/Users/Rongxing/Desktop/ETH/CG/nori/build/ext_build/dist/include/Eigen/src/Core/functors
  -- Installing: C:/Users/Rongxing/Desktop/ETH/CG/nori/build/ext_build/dist/include/Eigen/src/Core/functors/AssignmentFunctors.h
  -- Installing: C:/Users/Rongxing/Desktop/ETH/CG/nori/build/ext_build/dist/include/Eigen/src/Core/functors/BinaryFunctors.h
  -- Installing: C:/Users/Rongxing/Desktop/ETH/CG/nori/build/ext_build/dist/include/Eigen/src/Core/functors/CMakeLists.txt
  -- Installing: C:/Users/Rongxing/Desktop/ETH/CG/nori/build/ext_build/dist/include/Eigen/src/Core/functors/NullaryFunctors.h
  -- Installing: C:/Users/Rongxing/Desktop/ETH/CG/nori/build/ext_build/dist/include/Eigen/src/Core/functors/StlFunctors.h
  -- Installing: C:/Users/Rongxing/Desktop/ETH/CG/nori/build/ext_build/dist/include/Eigen/src/Core/functors/UnaryFunctors.h
  -- Installing: C:/Users/Rongxing/Desktop/ETH/CG/nori/build/ext_build/dist/include/Eigen/src/Core/Fuzzy.h
  -- Installing: C:/Users/Rongxing/Desktop/ETH/CG/nori/build/ext_build/dist/include/Eigen/src/Core/GeneralProduct.h
  -- Installing: C:/Users/Rongxing/Desktop/ETH/CG/nori/build/ext_build/dist/include/Eigen/src/Core/GenericPacketMath.h
  -- Installing: C:/Users/Rongxing/Desktop/ETH/CG/nori/build/ext_build/dist/include/Eigen/src/Core/GlobalFunctions.h
  -- Installing: C:/Users/Rongxing/Desktop/ETH/CG/nori/build/ext_build/dist/include/Eigen/src/Core/IO.h
  -- Installing: C:/Users/Rongxing/Desktop/ETH/CG/nori/build/ext_build/dist/include/Eigen/src/Core/Map.h
  -- Installing: C:/Users/Rongxing/Desktop/ETH/CG/nori/build/ext_build/dist/include/Eigen/src/Core/MapBase.h
  -- Installing: C:/Users/Rongxing/Desktop/ETH/CG/nori/build/ext_build/dist/include/Eigen/src/Core/MathFunctions.h
  -- Installing: C:/Users/Rongxing/Desktop/ETH/CG/nori/build/ext_build/dist/include/Eigen/src/Core/Matrix.h
  -- Installing: C:/Users/Rongxing/Desktop/ETH/CG/nori/build/ext_build/dist/include/Eigen/src/Core/MatrixBase.h
  -- Installing: C:/Users/Rongxing/Desktop/ETH/CG/nori/build/ext_build/dist/include/Eigen/src/Core/NestByValue.h
  -- Installing: C:/Users/Rongxing/Desktop/ETH/CG/nori/build/ext_build/dist/include/Eigen/src/Core/NoAlias.h
  -- Installing: C:/Users/Rongxing/Desktop/ETH/CG/nori/build/ext_build/dist/include/Eigen/src/Core/NumTraits.h
  -- Installing: C:/Users/Rongxing/Desktop/ETH/CG/nori/build/ext_build/dist/include/Eigen/src/Core/PermutationMatrix.h
  -- Installing: C:/Users/Rongxing/Desktop/ETH/CG/nori/build/ext_build/dist/include/Eigen/src/Core/PlainObjectBase.h
  -- Installing: C:/Users/Rongxing/Desktop/ETH/CG/nori/build/ext_build/dist/include/Eigen/src/Core/Product.h
  -- Installing: C:/Users/Rongxing/Desktop/ETH/CG/nori/build/ext_build/dist/include/Eigen/src/Core/ProductBase.h
  -- Installing: C:/Users/Rongxing/Desktop/ETH/CG/nori/build/ext_build/dist/include/Eigen/src/Core/ProductEvaluators.h
  -- Installing: C:/Users/Rongxing/Desktop/ETH/CG/nori/build/ext_build/dist/include/Eigen/src/Core/products
  -- Installing: C:/Users/Rongxing/Desktop/ETH/CG/nori/build/ext_build/dist/include/Eigen/src/Core/products/CMakeLists.txt
  -- Installing: C:/Users/Rongxing/Desktop/ETH/CG/nori/build/ext_build/dist/include/Eigen/src/Core/products/CoeffBasedProduct.h
  -- Installing: C:/Users/Rongxing/Desktop/ETH/CG/nori/build/ext_build/dist/include/Eigen/src/Core/products/GeneralBlockPanelKernel.h
  -- Installing: C:/Users/Rongxing/Desktop/ETH/CG/nori/build/ext_build/dist/include/Eigen/src/Core/products/GeneralMatrixMatrix.h
  -- Installing: C:/Users/Rongxing/Desktop/ETH/CG/nori/build/ext_build/dist/include/Eigen/src/Core/products/GeneralMatrixMatrixTriangular.h
  -- Installing: C:/Users/Rongxing/Desktop/ETH/CG/nori/build/ext_build/dist/include/Eigen/src/Core/products/GeneralMatrixMatrixTriangular_MKL.h
  -- Installing: C:/Users/Rongxing/Desktop/ETH/CG/nori/build/ext_build/dist/include/Eigen/src/Core/products/GeneralMatrixMatrix_MKL.h
  -- Installing: C:/Users/Rongxing/Desktop/ETH/CG/nori/build/ext_build/dist/include/Eigen/src/Core/products/GeneralMatrixVector.h
  -- Installing: C:/Users/Rongxing/Desktop/ETH/CG/nori/build/ext_build/dist/include/Eigen/src/Core/products/GeneralMatrixVector_MKL.h
  -- Installing: C:/Users/Rongxing/Desktop/ETH/CG/nori/build/ext_build/dist/include/Eigen/src/Core/products/Parallelizer.h
  -- Installing: C:/Users/Rongxing/Desktop/ETH/CG/nori/build/ext_build/dist/include/Eigen/src/Core/products/SelfadjointMatrixMatrix.h
  -- Installing: C:/Users/Rongxing/Desktop/ETH/CG/nori/build/ext_build/dist/include/Eigen/src/Core/products/SelfadjointMatrixMatrix_MKL.h
  -- Installing: C:/Users/Rongxing/Desktop/ETH/CG/nori/build/ext_build/dist/include/Eigen/src/Core/products/SelfadjointMatrixVector.h
  -- Installing: C:/Users/Rongxing/Desktop/ETH/CG/nori/build/ext_build/dist/include/Eigen/src/Core/products/SelfadjointMatrixVector_MKL.h
  -- Installing: C:/Users/Rongxing/Desktop/ETH/CG/nori/build/ext_build/dist/include/Eigen/src/Core/products/SelfadjointProduct.h
  -- Installing: C:/Users/Rongxing/Desktop/ETH/CG/nori/build/ext_build/dist/include/Eigen/src/Core/products/SelfadjointRank2Update.h
  -- Installing: C:/Users/Rongxing/Desktop/ETH/CG/nori/build/ext_build/dist/include/Eigen/src/Core/products/TriangularMatrixMatrix.h
  -- Installing: C:/Users/Rongxing/Desktop/ETH/CG/nori/build/ext_build/dist/include/Eigen/src/Core/products/TriangularMatrixMatrix_MKL.h
  -- Installing: C:/Users/Rongxing/Desktop/ETH/CG/nori/build/ext_build/dist/include/Eigen/src/Core/products/TriangularMatrixVector.h
  -- Installing: C:/Users/Rongxing/Desktop/ETH/CG/nori/build/ext_build/dist/include/Eigen/src/Core/products/TriangularMatrixVector_MKL.h
  -- Installing: C:/Users/Rongxing/Desktop/ETH/CG/nori/build/ext_build/dist/include/Eigen/src/Core/products/TriangularSolverMatrix.h
  -- Installing: C:/Users/Rongxing/Desktop/ETH/CG/nori/build/ext_build/dist/include/Eigen/src/Core/products/TriangularSolverMatrix_MKL.h
  -- Installing: C:/Users/Rongxing/Desktop/ETH/CG/nori/build/ext_build/dist/include/Eigen/src/Core/products/TriangularSolverVector.h
  -- Installing: C:/Users/Rongxing/Desktop/ETH/CG/nori/build/ext_build/dist/include/Eigen/src/Core/Random.h
  -- Installing: C:/Users/Rongxing/Desktop/ETH/CG/nori/build/ext_build/dist/include/Eigen/src/Core/Redux.h
  -- Installing: C:/Users/Rongxing/Desktop/ETH/CG/nori/build/ext_build/dist/include/Eigen/src/Core/Ref.h
  -- Installing: C:/Users/Rongxing/Desktop/ETH/CG/nori/build/ext_build/dist/include/Eigen/src/Core/Replicate.h
  -- Installing: C:/Users/Rongxing/Desktop/ETH/CG/nori/build/ext_build/dist/include/Eigen/src/Core/ReturnByValue.h
  -- Installing: C:/Users/Rongxing/Desktop/ETH/CG/nori/build/ext_build/dist/include/Eigen/src/Core/Reverse.h
  -- Installing: C:/Users/Rongxing/Desktop/ETH/CG/nori/build/ext_build/dist/include/Eigen/src/Core/Select.h
  -- Installing: C:/Users/Rongxing/Desktop/ETH/CG/nori/build/ext_build/dist/include/Eigen/src/Core/SelfAdjointView.h
  -- Installing: C:/Users/Rongxing/Desktop/ETH/CG/nori/build/ext_build/dist/include/Eigen/src/Core/SelfCwiseBinaryOp.h
  -- Installing: C:/Users/Rongxing/Desktop/ETH/CG/nori/build/ext_build/dist/include/Eigen/src/Core/SolveTriangular.h
  -- Installing: C:/Users/Rongxing/Desktop/ETH/CG/nori/build/ext_build/dist/include/Eigen/src/Core/StableNorm.h
  -- Installing: C:/Users/Rongxing/Desktop/ETH/CG/nori/build/ext_build/dist/include/Eigen/src/Core/Stride.h
  -- Installing: C:/Users/Rongxing/Desktop/ETH/CG/nori/build/ext_build/dist/include/Eigen/src/Core/Swap.h
  -- Installing: C:/Users/Rongxing/Desktop/ETH/CG/nori/build/ext_build/dist/include/Eigen/src/Core/Transpose.h
  -- Installing: C:/Users/Rongxing/Desktop/ETH/CG/nori/build/ext_build/dist/include/Eigen/src/Core/Transpositions.h
  -- Installing: C:/Users/Rongxing/Desktop/ETH/CG/nori/build/ext_build/dist/include/Eigen/src/Core/TriangularMatrix.h
  -- Installing: C:/Users/Rongxing/Desktop/ETH/CG/nori/build/ext_build/dist/include/Eigen/src/Core/util
  -- Installing: C:/Users/Rongxing/Desktop/ETH/CG/nori/build/ext_build/dist/include/Eigen/src/Core/util/BlasUtil.h
  -- Installing: C:/Users/Rongxing/Desktop/ETH/CG/nori/build/ext_build/dist/include/Eigen/src/Core/util/CMakeLists.txt
  -- Installing: C:/Users/Rongxing/Desktop/ETH/CG/nori/build/ext_build/dist/include/Eigen/src/Core/util/Constants.h
  -- Installing: C:/Users/Rongxing/Desktop/ETH/CG/nori/build/ext_build/dist/include/Eigen/src/Core/util/DisableStupidWarnings.h
  -- Installing: C:/Users/Rongxing/Desktop/ETH/CG/nori/build/ext_build/dist/include/Eigen/src/Core/util/ForwardDeclarations.h
  -- Installing: C:/Users/Rongxing/Desktop/ETH/CG/nori/build/ext_build/dist/include/Eigen/src/Core/util/Macros.h
  -- Installing: C:/Users/Rongxing/Desktop/ETH/CG/nori/build/ext_build/dist/include/Eigen/src/Core/util/Memory.h
  -- Installing: C:/Users/Rongxing/Desktop/ETH/CG/nori/build/ext_build/dist/include/Eigen/src/Core/util/Meta.h
  -- Installing: C:/Users/Rongxing/Desktop/ETH/CG/nori/build/ext_build/dist/include/Eigen/src/Core/util/MKL_support.h
  -- Installing: C:/Users/Rongxing/Desktop/ETH/CG/nori/build/ext_build/dist/include/Eigen/src/Core/util/NonMPL2.h
  -- Installing: C:/Users/Rongxing/Desktop/ETH/CG/nori/build/ext_build/dist/include/Eigen/src/Core/util/ReenableStupidWarnings.h
  -- Installing: C:/Users/Rongxing/Desktop/ETH/CG/nori/build/ext_build/dist/include/Eigen/src/Core/util/StaticAssert.h
  -- Installing: C:/Users/Rongxing/Desktop/ETH/CG/nori/build/ext_build/dist/include/Eigen/src/Core/util/XprHelper.h
  -- Installing: C:/Users/Rongxing/Desktop/ETH/CG/nori/build/ext_build/dist/include/Eigen/src/Core/VectorBlock.h
  -- Installing: C:/Users/Rongxing/Desktop/ETH/CG/nori/build/ext_build/dist/include/Eigen/src/Core/VectorwiseOp.h
  -- Installing: C:/Users/Rongxing/Desktop/ETH/CG/nori/build/ext_build/dist/include/Eigen/src/Core/Visitor.h
  -- Installing: C:/Users/Rongxing/Desktop/ETH/CG/nori/build/ext_build/dist/include/Eigen/src/Eigenvalues
  -- Installing: C:/Users/Rongxing/Desktop/ETH/CG/nori/build/ext_build/dist/include/Eigen/src/Eigenvalues/CMakeLists.txt
  -- Installing: C:/Users/Rongxing/Desktop/ETH/CG/nori/build/ext_build/dist/include/Eigen/src/Eigenvalues/ComplexEigenSolver.h
  -- Installing: C:/Users/Rongxing/Desktop/ETH/CG/nori/build/ext_build/dist/include/Eigen/src/Eigenvalues/ComplexSchur.h
  -- Installing: C:/Users/Rongxing/Desktop/ETH/CG/nori/build/ext_build/dist/include/Eigen/src/Eigenvalues/ComplexSchur_MKL.h
  -- Installing: C:/Users/Rongxing/Desktop/ETH/CG/nori/build/ext_build/dist/include/Eigen/src/Eigenvalues/EigenSolver.h
  -- Installing: C:/Users/Rongxing/Desktop/ETH/CG/nori/build/ext_build/dist/include/Eigen/src/Eigenvalues/GeneralizedEigenSolver.h
  -- Installing: C:/Users/Rongxing/Desktop/ETH/CG/nori/build/ext_build/dist/include/Eigen/src/Eigenvalues/GeneralizedSelfAdjointEigenSolver.h
  -- Installing: C:/Users/Rongxing/Desktop/ETH/CG/nori/build/ext_build/dist/include/Eigen/src/Eigenvalues/HessenbergDecomposition.h
  -- Installing: C:/Users/Rongxing/Desktop/ETH/CG/nori/build/ext_build/dist/include/Eigen/src/Eigenvalues/MatrixBaseEigenvalues.h
  -- Installing: C:/Users/Rongxing/Desktop/ETH/CG/nori/build/ext_build/dist/include/Eigen/src/Eigenvalues/RealQZ.h
  -- Installing: C:/Users/Rongxing/Desktop/ETH/CG/nori/build/ext_build/dist/include/Eigen/src/Eigenvalues/RealSchur.h
  -- Installing: C:/Users/Rongxing/Desktop/ETH/CG/nori/build/ext_build/dist/include/Eigen/src/Eigenvalues/RealSchur_MKL.h
  -- Installing: C:/Users/Rongxing/Desktop/ETH/CG/nori/build/ext_build/dist/include/Eigen/src/Eigenvalues/SelfAdjointEigenSolver.h
  -- Installing: C:/Users/Rongxing/Desktop/ETH/CG/nori/build/ext_build/dist/include/Eigen/src/Eigenvalues/SelfAdjointEigenSolver_MKL.h
  -- Installing: C:/Users/Rongxing/Desktop/ETH/CG/nori/build/ext_build/dist/include/Eigen/src/Eigenvalues/Tridiagonalization.h
  -- Installing: C:/Users/Rongxing/Desktop/ETH/CG/nori/build/ext_build/dist/include/Eigen/src/Geometry
  -- Installing: C:/Users/Rongxing/Desktop/ETH/CG/nori/build/ext_build/dist/include/Eigen/src/Geometry/AlignedBox.h
  -- Installing: C:/Users/Rongxing/Desktop/ETH/CG/nori/build/ext_build/dist/include/Eigen/src/Geometry/AngleAxis.h
  -- Installing: C:/Users/Rongxing/Desktop/ETH/CG/nori/build/ext_build/dist/include/Eigen/src/Geometry/arch
  -- Installing: C:/Users/Rongxing/Desktop/ETH/CG/nori/build/ext_build/dist/include/Eigen/src/Geometry/arch/CMakeLists.txt
  -- Installing: C:/Users/Rongxing/Desktop/ETH/CG/nori/build/ext_build/dist/include/Eigen/src/Geometry/arch/Geometry_SSE.h
  -- Installing: C:/Users/Rongxing/Desktop/ETH/CG/nori/build/ext_build/dist/include/Eigen/src/Geometry/CMakeLists.txt
  -- Installing: C:/Users/Rongxing/Desktop/ETH/CG/nori/build/ext_build/dist/include/Eigen/src/Geometry/EulerAngles.h
  -- Installing: C:/Users/Rongxing/Desktop/ETH/CG/nori/build/ext_build/dist/include/Eigen/src/Geometry/Homogeneous.h
  -- Installing: C:/Users/Rongxing/Desktop/ETH/CG/nori/build/ext_build/dist/include/Eigen/src/Geometry/Hyperplane.h
  -- Installing: C:/Users/Rongxing/Desktop/ETH/CG/nori/build/ext_build/dist/include/Eigen/src/Geometry/OrthoMethods.h
  -- Installing: C:/Users/Rongxing/Desktop/ETH/CG/nori/build/ext_build/dist/include/Eigen/src/Geometry/ParametrizedLine.h
  -- Installing: C:/Users/Rongxing/Desktop/ETH/CG/nori/build/ext_build/dist/include/Eigen/src/Geometry/Quaternion.h
  -- Installing: C:/Users/Rongxing/Desktop/ETH/CG/nori/build/ext_build/dist/include/Eigen/src/Geometry/Rotation2D.h
  -- Installing: C:/Users/Rongxing/Desktop/ETH/CG/nori/build/ext_build/dist/include/Eigen/src/Geometry/RotationBase.h
  -- Installing: C:/Users/Rongxing/Desktop/ETH/CG/nori/build/ext_build/dist/include/Eigen/src/Geometry/Scaling.h
  -- Installing: C:/Users/Rongxing/Desktop/ETH/CG/nori/build/ext_build/dist/include/Eigen/src/Geometry/Transform.h
  -- Installing: C:/Users/Rongxing/Desktop/ETH/CG/nori/build/ext_build/dist/include/Eigen/src/Geometry/Translation.h
  -- Installing: C:/Users/Rongxing/Desktop/ETH/CG/nori/build/ext_build/dist/include/Eigen/src/Geometry/Umeyama.h
  -- Installing: C:/Users/Rongxing/Desktop/ETH/CG/nori/build/ext_build/dist/include/Eigen/src/Householder
  -- Installing: C:/Users/Rongxing/Desktop/ETH/CG/nori/build/ext_build/dist/include/Eigen/src/Householder/BlockHouseholder.h
  -- Installing: C:/Users/Rongxing/Desktop/ETH/CG/nori/build/ext_build/dist/include/Eigen/src/Householder/CMakeLists.txt
  -- Installing: C:/Users/Rongxing/Desktop/ETH/CG/nori/build/ext_build/dist/include/Eigen/src/Householder/Householder.h
  -- Installing: C:/Users/Rongxing/Desktop/ETH/CG/nori/build/ext_build/dist/include/Eigen/src/Householder/HouseholderSequence.h
  -- Installing: C:/Users/Rongxing/Desktop/ETH/CG/nori/build/ext_build/dist/include/Eigen/src/IterativeLinearSolvers
  -- Installing: C:/Users/Rongxing/Desktop/ETH/CG/nori/build/ext_build/dist/include/Eigen/src/IterativeLinearSolvers/BasicPreconditioners.h
  -- Installing: C:/Users/Rongxing/Desktop/ETH/CG/nori/build/ext_build/dist/include/Eigen/src/IterativeLinearSolvers/BiCGSTAB.h
  -- Installing: C:/Users/Rongxing/Desktop/ETH/CG/nori/build/ext_build/dist/include/Eigen/src/IterativeLinearSolvers/CMakeLists.txt
  -- Installing: C:/Users/Rongxing/Desktop/ETH/CG/nori/build/ext_build/dist/include/Eigen/src/IterativeLinearSolvers/ConjugateGradient.h
  -- Installing: C:/Users/Rongxing/Desktop/ETH/CG/nori/build/ext_build/dist/include/Eigen/src/IterativeLinearSolvers/IncompleteLUT.h
  -- Installing: C:/Users/Rongxing/Desktop/ETH/CG/nori/build/ext_build/dist/include/Eigen/src/IterativeLinearSolvers/IterativeSolverBase.h
  -- Installing: C:/Users/Rongxing/Desktop/ETH/CG/nori/build/ext_build/dist/include/Eigen/src/Jacobi
  -- Installing: C:/Users/Rongxing/Desktop/ETH/CG/nori/build/ext_build/dist/include/Eigen/src/Jacobi/CMakeLists.txt
  -- Installing: C:/Users/Rongxing/Desktop/ETH/CG/nori/build/ext_build/dist/include/Eigen/src/Jacobi/Jacobi.h
  -- Installing: C:/Users/Rongxing/Desktop/ETH/CG/nori/build/ext_build/dist/include/Eigen/src/LU
  -- Installing: C:/Users/Rongxing/Desktop/ETH/CG/nori/build/ext_build/dist/include/Eigen/src/LU/arch
  -- Installing: C:/Users/Rongxing/Desktop/ETH/CG/nori/build/ext_build/dist/include/Eigen/src/LU/arch/CMakeLists.txt
  -- Installing: C:/Users/Rongxing/Desktop/ETH/CG/nori/build/ext_build/dist/include/Eigen/src/LU/arch/Inverse_SSE.h
  -- Installing: C:/Users/Rongxing/Desktop/ETH/CG/nori/build/ext_build/dist/include/Eigen/src/LU/CMakeLists.txt
  -- Installing: C:/Users/Rongxing/Desktop/ETH/CG/nori/build/ext_build/dist/include/Eigen/src/LU/Determinant.h
  -- Installing: C:/Users/Rongxing/Desktop/ETH/CG/nori/build/ext_build/dist/include/Eigen/src/LU/FullPivLU.h
  -- Installing: C:/Users/Rongxing/Desktop/ETH/CG/nori/build/ext_build/dist/include/Eigen/src/LU/Inverse.h
  -- Installing: C:/Users/Rongxing/Desktop/ETH/CG/nori/build/ext_build/dist/include/Eigen/src/LU/PartialPivLU.h
  -- Installing: C:/Users/Rongxing/Desktop/ETH/CG/nori/build/ext_build/dist/include/Eigen/src/LU/PartialPivLU_MKL.h
  -- Installing: C:/Users/Rongxing/Desktop/ETH/CG/nori/build/ext_build/dist/include/Eigen/src/MetisSupport
  -- Installing: C:/Users/Rongxing/Desktop/ETH/CG/nori/build/ext_build/dist/include/Eigen/src/MetisSupport/CMakeLists.txt
  -- Installing: C:/Users/Rongxing/Desktop/ETH/CG/nori/build/ext_build/dist/include/Eigen/src/MetisSupport/MetisSupport.h
  -- Installing: C:/Users/Rongxing/Desktop/ETH/CG/nori/build/ext_build/dist/include/Eigen/src/misc
  -- Installing: C:/Users/Rongxing/Desktop/ETH/CG/nori/build/ext_build/dist/include/Eigen/src/misc/blas.h
  -- Installing: C:/Users/Rongxing/Desktop/ETH/CG/nori/build/ext_build/dist/include/Eigen/src/misc/CMakeLists.txt
  -- Installing: C:/Users/Rongxing/Desktop/ETH/CG/nori/build/ext_build/dist/include/Eigen/src/misc/Image.h
  -- Installing: C:/Users/Rongxing/Desktop/ETH/CG/nori/build/ext_build/dist/include/Eigen/src/misc/Kernel.h
  -- Installing: C:/Users/Rongxing/Desktop/ETH/CG/nori/build/ext_build/dist/include/Eigen/src/misc/Solve.h
  -- Installing: C:/Users/Rongxing/Desktop/ETH/CG/nori/build/ext_build/dist/include/Eigen/src/misc/SparseSolve.h
  -- Installing: C:/Users/Rongxing/Desktop/ETH/CG/nori/build/ext_build/dist/include/Eigen/src/OrderingMethods
  -- Installing: C:/Users/Rongxing/Desktop/ETH/CG/nori/build/ext_build/dist/include/Eigen/src/OrderingMethods/Amd.h
  -- Installing: C:/Users/Rongxing/Desktop/ETH/CG/nori/build/ext_build/dist/include/Eigen/src/OrderingMethods/CMakeLists.txt
  -- Installing: C:/Users/Rongxing/Desktop/ETH/CG/nori/build/ext_build/dist/include/Eigen/src/OrderingMethods/Eigen_Colamd.h
  -- Installing: C:/Users/Rongxing/Desktop/ETH/CG/nori/build/ext_build/dist/include/Eigen/src/OrderingMethods/Ordering.h
  -- Installing: C:/Users/Rongxing/Desktop/ETH/CG/nori/build/ext_build/dist/include/Eigen/src/PardisoSupport
  -- Installing: C:/Users/Rongxing/Desktop/ETH/CG/nori/build/ext_build/dist/include/Eigen/src/PardisoSupport/CMakeLists.txt
  -- Installing: C:/Users/Rongxing/Desktop/ETH/CG/nori/build/ext_build/dist/include/Eigen/src/PardisoSupport/PardisoSupport.h
  -- Installing: C:/Users/Rongxing/Desktop/ETH/CG/nori/build/ext_build/dist/include/Eigen/src/PaStiXSupport
  -- Installing: C:/Users/Rongxing/Desktop/ETH/CG/nori/build/ext_build/dist/include/Eigen/src/PaStiXSupport/CMakeLists.txt
  -- Installing: C:/Users/Rongxing/Desktop/ETH/CG/nori/build/ext_build/dist/include/Eigen/src/PaStiXSupport/PaStiXSupport.h
  -- Installing: C:/Users/Rongxing/Desktop/ETH/CG/nori/build/ext_build/dist/include/Eigen/src/plugins
  -- Installing: C:/Users/Rongxing/Desktop/ETH/CG/nori/build/ext_build/dist/include/Eigen/src/plugins/ArrayCwiseBinaryOps.h
  -- Installing: C:/Users/Rongxing/Desktop/ETH/CG/nori/build/ext_build/dist/include/Eigen/src/plugins/ArrayCwiseUnaryOps.h
  -- Installing: C:/Users/Rongxing/Desktop/ETH/CG/nori/build/ext_build/dist/include/Eigen/src/plugins/BlockMethods.h
  -- Installing: C:/Users/Rongxing/Desktop/ETH/CG/nori/build/ext_build/dist/include/Eigen/src/plugins/CMakeLists.txt
  -- Installing: C:/Users/Rongxing/Desktop/ETH/CG/nori/build/ext_build/dist/include/Eigen/src/plugins/CommonCwiseBinaryOps.h
  -- Installing: C:/Users/Rongxing/Desktop/ETH/CG/nori/build/ext_build/dist/include/Eigen/src/plugins/CommonCwiseUnaryOps.h
  -- Installing: C:/Users/Rongxing/Desktop/ETH/CG/nori/build/ext_build/dist/include/Eigen/src/plugins/MatrixCwiseBinaryOps.h
  -- Installing: C:/Users/Rongxing/Desktop/ETH/CG/nori/build/ext_build/dist/include/Eigen/src/plugins/MatrixCwiseUnaryOps.h
  -- Installing: C:/Users/Rongxing/Desktop/ETH/CG/nori/build/ext_build/dist/include/Eigen/src/QR
  -- Installing: C:/Users/Rongxing/Desktop/ETH/CG/nori/build/ext_build/dist/include/Eigen/src/QR/CMakeLists.txt
  -- Installing: C:/Users/Rongxing/Desktop/ETH/CG/nori/build/ext_build/dist/include/Eigen/src/QR/ColPivHouseholderQR.h
  -- Installing: C:/Users/Rongxing/Desktop/ETH/CG/nori/build/ext_build/dist/include/Eigen/src/QR/ColPivHouseholderQR_MKL.h
  -- Installing: C:/Users/Rongxing/Desktop/ETH/CG/nori/build/ext_build/dist/include/Eigen/src/QR/FullPivHouseholderQR.h
  -- Installing: C:/Users/Rongxing/Desktop/ETH/CG/nori/build/ext_build/dist/include/Eigen/src/QR/HouseholderQR.h
  -- Installing: C:/Users/Rongxing/Desktop/ETH/CG/nori/build/ext_build/dist/include/Eigen/src/QR/HouseholderQR_MKL.h
  -- Installing: C:/Users/Rongxing/Desktop/ETH/CG/nori/build/ext_build/dist/include/Eigen/src/SparseCholesky
  -- Installing: C:/Users/Rongxing/Desktop/ETH/CG/nori/build/ext_build/dist/include/Eigen/src/SparseCholesky/CMakeLists.txt
  -- Installing: C:/Users/Rongxing/Desktop/ETH/CG/nori/build/ext_build/dist/include/Eigen/src/SparseCholesky/SimplicialCholesky.h
  -- Installing: C:/Users/Rongxing/Desktop/ETH/CG/nori/build/ext_build/dist/include/Eigen/src/SparseCholesky/SimplicialCholesky_impl.h
  -- Installing: C:/Users/Rongxing/Desktop/ETH/CG/nori/build/ext_build/dist/include/Eigen/src/SparseCore
  -- Installing: C:/Users/Rongxing/Desktop/ETH/CG/nori/build/ext_build/dist/include/Eigen/src/SparseCore/AmbiVector.h
  -- Installing: C:/Users/Rongxing/Desktop/ETH/CG/nori/build/ext_build/dist/include/Eigen/src/SparseCore/CMakeLists.txt
  -- Installing: C:/Users/Rongxing/Desktop/ETH/CG/nori/build/ext_build/dist/include/Eigen/src/SparseCore/CompressedStorage.h
  -- Installing: C:/Users/Rongxing/Desktop/ETH/CG/nori/build/ext_build/dist/include/Eigen/src/SparseCore/ConservativeSparseSparseProduct.h
  -- Installing: C:/Users/Rongxing/Desktop/ETH/CG/nori/build/ext_build/dist/include/Eigen/src/SparseCore/MappedSparseMatrix.h
  -- Installing: C:/Users/Rongxing/Desktop/ETH/CG/nori/build/ext_build/dist/include/Eigen/src/SparseCore/SparseBlock.h
  -- Installing: C:/Users/Rongxing/Desktop/ETH/CG/nori/build/ext_build/dist/include/Eigen/src/SparseCore/SparseColEtree.h
  -- Installing: C:/Users/Rongxing/Desktop/ETH/CG/nori/build/ext_build/dist/include/Eigen/src/SparseCore/SparseCwiseBinaryOp.h
  -- Installing: C:/Users/Rongxing/Desktop/ETH/CG/nori/build/ext_build/dist/include/Eigen/src/SparseCore/SparseCwiseUnaryOp.h
  -- Installing: C:/Users/Rongxing/Desktop/ETH/CG/nori/build/ext_build/dist/include/Eigen/src/SparseCore/SparseDenseProduct.h
  -- Installing: C:/Users/Rongxing/Desktop/ETH/CG/nori/build/ext_build/dist/include/Eigen/src/SparseCore/SparseDiagonalProduct.h
  -- Installing: C:/Users/Rongxing/Desktop/ETH/CG/nori/build/ext_build/dist/include/Eigen/src/SparseCore/SparseDot.h
  -- Installing: C:/Users/Rongxing/Desktop/ETH/CG/nori/build/ext_build/dist/include/Eigen/src/SparseCore/SparseFuzzy.h
  -- Installing: C:/Users/Rongxing/Desktop/ETH/CG/nori/build/ext_build/dist/include/Eigen/src/SparseCore/SparseMatrix.h
  -- Installing: C:/Users/Rongxing/Desktop/ETH/CG/nori/build/ext_build/dist/include/Eigen/src/SparseCore/SparseMatrixBase.h
  -- Installing: C:/Users/Rongxing/Desktop/ETH/CG/nori/build/ext_build/dist/include/Eigen/src/SparseCore/SparsePermutation.h
  -- Installing: C:/Users/Rongxing/Desktop/ETH/CG/nori/build/ext_build/dist/include/Eigen/src/SparseCore/SparseProduct.h
  -- Installing: C:/Users/Rongxing/Desktop/ETH/CG/nori/build/ext_build/dist/include/Eigen/src/SparseCore/SparseRedux.h
  -- Installing: C:/Users/Rongxing/Desktop/ETH/CG/nori/build/ext_build/dist/include/Eigen/src/SparseCore/SparseSelfAdjointView.h
  -- Installing: C:/Users/Rongxing/Desktop/ETH/CG/nori/build/ext_build/dist/include/Eigen/src/SparseCore/SparseSparseProductWithPruning.h
  -- Installing: C:/Users/Rongxing/Desktop/ETH/CG/nori/build/ext_build/dist/include/Eigen/src/SparseCore/SparseTranspose.h
  -- Installing: C:/Users/Rongxing/Desktop/ETH/CG/nori/build/ext_build/dist/include/Eigen/src/SparseCore/SparseTriangularView.h
  -- Installing: C:/Users/Rongxing/Desktop/ETH/CG/nori/build/ext_build/dist/include/Eigen/src/SparseCore/SparseUtil.h
  -- Installing: C:/Users/Rongxing/Desktop/ETH/CG/nori/build/ext_build/dist/include/Eigen/src/SparseCore/SparseVector.h
  -- Installing: C:/Users/Rongxing/Desktop/ETH/CG/nori/build/ext_build/dist/include/Eigen/src/SparseCore/SparseView.h
  -- Installing: C:/Users/Rongxing/Desktop/ETH/CG/nori/build/ext_build/dist/include/Eigen/src/SparseCore/TriangularSolver.h
  -- Installing: C:/Users/Rongxing/Desktop/ETH/CG/nori/build/ext_build/dist/include/Eigen/src/SparseLU
  -- Installing: C:/Users/Rongxing/Desktop/ETH/CG/nori/build/ext_build/dist/include/Eigen/src/SparseLU/CMakeLists.txt
  -- Installing: C:/Users/Rongxing/Desktop/ETH/CG/nori/build/ext_build/dist/include/Eigen/src/SparseLU/SparseLU.h
  -- Installing: C:/Users/Rongxing/Desktop/ETH/CG/nori/build/ext_build/dist/include/Eigen/src/SparseLU/SparseLUImpl.h
  -- Installing: C:/Users/Rongxing/Desktop/ETH/CG/nori/build/ext_build/dist/include/Eigen/src/SparseLU/SparseLU_column_bmod.h
  -- Installing: C:/Users/Rongxing/Desktop/ETH/CG/nori/build/ext_build/dist/include/Eigen/src/SparseLU/SparseLU_column_dfs.h
  -- Installing: C:/Users/Rongxing/Desktop/ETH/CG/nori/build/ext_build/dist/include/Eigen/src/SparseLU/SparseLU_copy_to_ucol.h
  -- Installing: C:/Users/Rongxing/Desktop/ETH/CG/nori/build/ext_build/dist/include/Eigen/src/SparseLU/SparseLU_gemm_kernel.h
  -- Installing: C:/Users/Rongxing/Desktop/ETH/CG/nori/build/ext_build/dist/include/Eigen/src/SparseLU/SparseLU_heap_relax_snode.h
  -- Installing: C:/Users/Rongxing/Desktop/ETH/CG/nori/build/ext_build/dist/include/Eigen/src/SparseLU/SparseLU_kernel_bmod.h
  -- Installing: C:/Users/Rongxing/Desktop/ETH/CG/nori/build/ext_build/dist/include/Eigen/src/SparseLU/SparseLU_Memory.h
  -- Installing: C:/Users/Rongxing/Desktop/ETH/CG/nori/build/ext_build/dist/include/Eigen/src/SparseLU/SparseLU_panel_bmod.h
  -- Installing: C:/Users/Rongxing/Desktop/ETH/CG/nori/build/ext_build/dist/include/Eigen/src/SparseLU/SparseLU_panel_dfs.h
  -- Installing: C:/Users/Rongxing/Desktop/ETH/CG/nori/build/ext_build/dist/include/Eigen/src/SparseLU/SparseLU_pivotL.h
  -- Installing: C:/Users/Rongxing/Desktop/ETH/CG/nori/build/ext_build/dist/include/Eigen/src/SparseLU/SparseLU_pruneL.h
  -- Installing: C:/Users/Rongxing/Desktop/ETH/CG/nori/build/ext_build/dist/include/Eigen/src/SparseLU/SparseLU_relax_snode.h
  -- Installing: C:/Users/Rongxing/Desktop/ETH/CG/nori/build/ext_build/dist/include/Eigen/src/SparseLU/SparseLU_Structs.h
  -- Installing: C:/Users/Rongxing/Desktop/ETH/CG/nori/build/ext_build/dist/include/Eigen/src/SparseLU/SparseLU_SupernodalMatrix.h
  -- Installing: C:/Users/Rongxing/Desktop/ETH/CG/nori/build/ext_build/dist/include/Eigen/src/SparseLU/SparseLU_Utils.h
  -- Installing: C:/Users/Rongxing/Desktop/ETH/CG/nori/build/ext_build/dist/include/Eigen/src/SparseQR
  -- Installing: C:/Users/Rongxing/Desktop/ETH/CG/nori/build/ext_build/dist/include/Eigen/src/SparseQR/CMakeLists.txt
  -- Installing: C:/Users/Rongxing/Desktop/ETH/CG/nori/build/ext_build/dist/include/Eigen/src/SparseQR/SparseQR.h
  -- Installing: C:/Users/Rongxing/Desktop/ETH/CG/nori/build/ext_build/dist/include/Eigen/src/SPQRSupport
  -- Installing: C:/Users/Rongxing/Desktop/ETH/CG/nori/build/ext_build/dist/include/Eigen/src/SPQRSupport/CMakeLists.txt
  -- Installing: C:/Users/Rongxing/Desktop/ETH/CG/nori/build/ext_build/dist/include/Eigen/src/SPQRSupport/SuiteSparseQRSupport.h
  -- Installing: C:/Users/Rongxing/Desktop/ETH/CG/nori/build/ext_build/dist/include/Eigen/src/StlSupport
  -- Installing: C:/Users/Rongxing/Desktop/ETH/CG/nori/build/ext_build/dist/include/Eigen/src/StlSupport/CMakeLists.txt
  -- Installing: C:/Users/Rongxing/Desktop/ETH/CG/nori/build/ext_build/dist/include/Eigen/src/StlSupport/details.h
  -- Installing: C:/Users/Rongxing/Desktop/ETH/CG/nori/build/ext_build/dist/include/Eigen/src/StlSupport/StdDeque.h
  -- Installing: C:/Users/Rongxing/Desktop/ETH/CG/nori/build/ext_build/dist/include/Eigen/src/StlSupport/StdList.h
  -- Installing: C:/Users/Rongxing/Desktop/ETH/CG/nori/build/ext_build/dist/include/Eigen/src/StlSupport/StdVector.h
  -- Installing: C:/Users/Rongxing/Desktop/ETH/CG/nori/build/ext_build/dist/include/Eigen/src/SuperLUSupport
  -- Installing: C:/Users/Rongxing/Desktop/ETH/CG/nori/build/ext_build/dist/include/Eigen/src/SuperLUSupport/CMakeLists.txt
  -- Installing: C:/Users/Rongxing/Desktop/ETH/CG/nori/build/ext_build/dist/include/Eigen/src/SuperLUSupport/SuperLUSupport.h
  -- Installing: C:/Users/Rongxing/Desktop/ETH/CG/nori/build/ext_build/dist/include/Eigen/src/SVD
  -- Installing: C:/Users/Rongxing/Desktop/ETH/CG/nori/build/ext_build/dist/include/Eigen/src/SVD/CMakeLists.txt
  -- Installing: C:/Users/Rongxing/Desktop/ETH/CG/nori/build/ext_build/dist/include/Eigen/src/SVD/JacobiSVD.h
  -- Installing: C:/Users/Rongxing/Desktop/ETH/CG/nori/build/ext_build/dist/include/Eigen/src/SVD/JacobiSVD_MKL.h
  -- Installing: C:/Users/Rongxing/Desktop/ETH/CG/nori/build/ext_build/dist/include/Eigen/src/SVD/SVDBase.h
  -- Installing: C:/Users/Rongxing/Desktop/ETH/CG/nori/build/ext_build/dist/include/Eigen/src/SVD/UpperBidiagonalization.h
  -- Installing: C:/Users/Rongxing/Desktop/ETH/CG/nori/build/ext_build/dist/include/Eigen/src/UmfPackSupport
  -- Installing: C:/Users/Rongxing/Desktop/ETH/CG/nori/build/ext_build/dist/include/Eigen/src/UmfPackSupport/CMakeLists.txt
  -- Installing: C:/Users/Rongxing/Desktop/ETH/CG/nori/build/ext_build/dist/include/Eigen/src/UmfPackSupport/UmfPackSupport.h
  -- Installing: C:/Users/Rongxing/Desktop/ETH/CG/nori/build/ext_build/dist/include/Eigen/StdDeque
  -- Installing: C:/Users/Rongxing/Desktop/ETH/CG/nori/build/ext_build/dist/include/Eigen/StdList
  -- Installing: C:/Users/Rongxing/Desktop/ETH/CG/nori/build/ext_build/dist/include/Eigen/StdVector
  -- Installing: C:/Users/Rongxing/Desktop/ETH/CG/nori/build/ext_build/dist/include/Eigen/SuperLUSupport
  -- Installing: C:/Users/Rongxing/Desktop/ETH/CG/nori/build/ext_build/dist/include/Eigen/SVD
  -- Installing: C:/Users/Rongxing/Desktop/ETH/CG/nori/build/ext_build/dist/include/Eigen/UmfPackSupport
  -- Installing: C:/Users/Rongxing/Desktop/ETH/CG/nori/build/ext_build/dist/include/nanogui
  -- Installing: C:/Users/Rongxing/Desktop/ETH/CG/nori/build/ext_build/dist/include/nanogui/button.h
  -- Installing: C:/Users/Rongxing/Desktop/ETH/CG/nori/build/ext_build/dist/include/nanogui/checkbox.h
  -- Installing: C:/Users/Rongxing/Desktop/ETH/CG/nori/build/ext_build/dist/include/nanogui/combobox.h
  -- Installing: C:/Users/Rongxing/Desktop/ETH/CG/nori/build/ext_build/dist/include/nanogui/entypo.h
  -- Installing: C:/Users/Rongxing/Desktop/ETH/CG/nori/build/ext_build/dist/include/nanogui/glutil.h
  -- Installing: C:/Users/Rongxing/Desktop/ETH/CG/nori/build/ext_build/dist/include/nanogui/imagepanel.h
  -- Installing: C:/Users/Rongxing/Desktop/ETH/CG/nori/build/ext_build/dist/include/nanogui/label.h
  -- Installing: C:/Users/Rongxing/Desktop/ETH/CG/nori/build/ext_build/dist/include/nanogui/layout.h
  -- Installing: C:/Users/Rongxing/Desktop/ETH/CG/nori/build/ext_build/dist/include/nanogui/messagedialog.h
  -- Installing: C:/Users/Rongxing/Desktop/ETH/CG/nori/build/ext_build/dist/include/nanogui/nanogui.h
  -- Installing: C:/Users/Rongxing/Desktop/ETH/CG/nori/build/ext_build/dist/include/nanogui/opengl.h
  -- Installing: C:/Users/Rongxing/Desktop/ETH/CG/nori/build/ext_build/dist/include/nanogui/popup.h
  -- Installing: C:/Users/Rongxing/Desktop/ETH/CG/nori/build/ext_build/dist/include/nanogui/popupbutton.h
  -- Installing: C:/Users/Rongxing/Desktop/ETH/CG/nori/build/ext_build/dist/include/nanogui/progressbar.h
  -- Installing: C:/Users/Rongxing/Desktop/ETH/CG/nori/build/ext_build/dist/include/nanogui/screen.h
  -- Installing: C:/Users/Rongxing/Desktop/ETH/CG/nori/build/ext_build/dist/include/nanogui/slider.h
  -- Installing: C:/Users/Rongxing/Desktop/ETH/CG/nori/build/ext_build/dist/include/nanogui/textbox.h
  -- Installing: C:/Users/Rongxing/Desktop/ETH/CG/nori/build/ext_build/dist/include/nanogui/theme.h
  -- Installing: C:/Users/Rongxing/Desktop/ETH/CG/nori/build/ext_build/dist/include/nanogui/toolbutton.h
  -- Installing: C:/Users/Rongxing/Desktop/ETH/CG/nori/build/ext_build/dist/include/nanogui/vscrollpanel.h
  -- Installing: C:/Users/Rongxing/Desktop/ETH/CG/nori/build/ext_build/dist/include/nanogui/widget.h
  -- Installing: C:/Users/Rongxing/Desktop/ETH/CG/nori/build/ext_build/dist/include/nanogui/window.h
  Completed 'nanogui_p'
