  Creating directories for 'OpenEXR_p'
  Building Custom Rule C:/Users/Rongxing/Desktop/ETH/CG/nori/CMakeLists.txt
  Performing download step (DIR copy) for 'OpenEXR_p'
  No update step for 'OpenEXR_p'
  No patch step for 'OpenEXR_p'
  Performing configure step for 'OpenEXR_p'
  -- Selecting Windows SDK version 10.0.19041.0 to target Windows 10.0.22621.
  -- The C compiler identification is MSVC 19.29.30147.0
  -- The CXX compiler identification is MSVC 19.29.30147.0
  -- Detecting C compiler ABI info
  -- Detecting C compiler ABI info - done
  -- Check for working C compiler: C:/Program Files (x86)/Microsoft Visual Studio/2019/Community/VC/Tools/MSVC/14.29.30133/bin/Hostx64/x64/cl.exe - skipped
  -- Detecting C compile features
  -- Detecting C compile features - done
  -- Detecting CXX compiler ABI info
  -- Detecting CXX compiler ABI info - done
  -- Check for working CXX compiler: C:/Program Files (x86)/Microsoft Visual Studio/2019/Community/VC/Tools/MSVC/14.29.30133/bin/Hostx64/x64/cl.exe - skipped
  -- Detecting CXX compile features
  -- Detecting CXX compile features - done
  -- Found ZLIB: C:/Users/Rongxing/Desktop/ETH/CG/nori/build/ext_build/dist/lib/zlib.lib (found version "1.2.8") 
  ILMBASE_PACKAGE_PREFIX = C:/Users/Rongxing/Desktop/ETH/CG/nori/build/ext_build/dist
  -- Performing Test HAVE_GCC_INLINE_ASM_AVX
  -- Performing Test HAVE_GCC_INLINE_ASM_AVX - Failed
  -- Performing Test HAVE_SYSCONF_NPROCESSORS_ONLN
  -- Performing Test HAVE_SYSCONF_NPROCESSORS_ONLN - Failed
  -- Configuring done
  -- Generating done
CUSTOMBUILD : CMake warning : 
    Manually-specified variables were not used by the project:
  
      CMAKE_C_FLAGS_DEBUG
      CMAKE_C_FLAGS_MINSIZEREL
      CMAKE_C_FLAGS_RELEASE
      CMAKE_C_FLAGS_RELWITHDEBINFO
  
  
  -- Build files have been written to: C:/Users/Rongxing/Desktop/ETH/CG/nori/build/ext_build/src/OpenEXR_p-build
  Performing build step for 'OpenEXR_p'
  Microsoft (R) Build Engine version 16.11.2+f32259642 for .NET Framework
  Copyright (C) Microsoft Corporation. All rights reserved.
  
    Checking Build System
    Building Custom Rule C:/Users/Rongxing/Desktop/ETH/CG/nori/build/ext_build/src/OpenEXR_p/IlmImf/CMakeLists.txt
    b44ExpLogTable.cpp
    b44ExpLogTable.vcxproj -> C:\Users\Rongxing\Desktop\ETH\CG\nori\build\ext_build\src\OpenEXR_p-build\IlmImf\Release\b44ExpLogTable.exe
    Building Custom Rule C:/Users/Rongxing/Desktop/ETH/CG/nori/build/ext_build/src/OpenEXR_p/IlmImf/CMakeLists.txt
    dwaLookups.cpp
C:\Users\Rongxing\Desktop\ETH\CG\nori\build\ext_build\src\OpenEXR_p\IlmImf\dwaLookups.cpp(161,1): warning C4267: 'argument': conversion from 'size_t' to 'unsigned short', possible loss of data [C:\Users\Rongxing\Desktop\ETH\CG\nori\build\ext_build\src\OpenEXR_p-build\IlmImf\dwaLookups.vcxproj]
C:\Users\Rongxing\Desktop\ETH\CG\nori\build\ext_build\src\OpenEXR_p\IlmImf\dwaLookups.cpp(164,1): warning C4267: 'argument': conversion from 'size_t' to 'unsigned short', possible loss of data [C:\Users\Rongxing\Desktop\ETH\CG\nori\build\ext_build\src\OpenEXR_p-build\IlmImf\dwaLookups.vcxproj]
C:\Users\Rongxing\Desktop\ETH\CG\nori\build\ext_build\src\OpenEXR_p\IlmImf\dwaLookups.cpp(334,23): warning C4244: 'initializing': conversion from 'double' to 'float', possible loss of data [C:\Users\Rongxing\Desktop\ETH\CG\nori\build\ext_build\src\OpenEXR_p-build\IlmImf\dwaLookups.vcxproj]
C:\Users\Rongxing\Desktop\ETH\CG\nori\build\ext_build\src\OpenEXR_p\IlmImf\dwaLookups.cpp(388,23): warning C4244: 'initializing': conversion from 'double' to 'float', possible loss of data [C:\Users\Rongxing\Desktop\ETH\CG\nori\build\ext_build\src\OpenEXR_p-build\IlmImf\dwaLookups.vcxproj]
C:\Users\Rongxing\Desktop\ETH\CG\nori\build\ext_build\src\OpenEXR_p\IlmImf\dwaLookups.cpp(416,29): warning C4244: 'argument': conversion from 'double' to 'float', possible loss of data [C:\Users\Rongxing\Desktop\ETH\CG\nori\build\ext_build\src\OpenEXR_p-build\IlmImf\dwaLookups.vcxproj]
C:\Users\Rongxing\Desktop\ETH\CG\nori\build\ext_build\src\OpenEXR_p\IlmImf\dwaLookups.cpp(518,20): warning C4477: 'printf' : format string '%6lu' requires an argument of type 'unsigned long', but variadic argument 1 has type 'size_t' [C:\Users\Rongxing\Desktop\ETH\CG\nori\build\ext_build\src\OpenEXR_p-build\IlmImf\dwaLookups.vcxproj]
  C:\Users\Rongxing\Desktop\ETH\CG\nori\build\ext_build\src\OpenEXR_p\IlmImf\dwaLookups.cpp(518,20): message : consider using '%zu' in the format string [C:\Users\Rongxing\Desktop\ETH\CG\nori\build\ext_build\src\OpenEXR_p-build\IlmImf\dwaLookups.vcxproj]
C:\Users\Rongxing\Desktop\ETH\CG\nori\build\ext_build\src\OpenEXR_p\IlmImf\dwaLookups.cpp(525,55): warning C4267: '+=': conversion from 'size_t' to 'int', possible loss of data [C:\Users\Rongxing\Desktop\ETH\CG\nori\build\ext_build\src\OpenEXR_p-build\IlmImf\dwaLookups.vcxproj]
    dwaLookups.vcxproj -> C:\Users\Rongxing\Desktop\ETH\CG\nori\build\ext_build\src\OpenEXR_p-build\IlmImf\Release\dwaLookups.exe
    Generating b44ExpLogTable.h
    Generating dwaLookups.h
     Building acceleration for DwaCompressor, 0.00 %
     Building acceleration for DwaCompressor, 24.41 %
     Building acceleration for DwaCompressor, 48.83 %
     Building acceleration for DwaCompressor, 73.24 %
     Building acceleration for DwaCompressor, 97.66 %
    Building Custom Rule C:/Users/Rongxing/Desktop/ETH/CG/nori/build/ext_build/src/OpenEXR_p/IlmImf/CMakeLists.txt
    ImfAttribute.cpp
    ImfBoxAttribute.cpp
    ImfCRgbaFile.cpp
C:\Users\Rongxing\Desktop\ETH\CG\nori\build\ext_build\src\OpenEXR_p\IlmImf\ImfName.h(104,5): warning C4996: 'strncpy': This function or variable may be unsafe. Consider using strncpy_s instead. To disable deprecation, use _CRT_SECURE_NO_WARNINGS. See online help for details. [C:\Users\Rongxing\Desktop\ETH\CG\nori\build\ext_build\src\OpenEXR_p-build\IlmImf\IlmImf.vcxproj]
C:\Users\Rongxing\Desktop\ETH\CG\nori\build\ext_build\src\OpenEXR_p\IlmImf\ImfCRgbaFile.cpp(82,5): warning C4996: 'strncpy': This function or variable may be unsafe. Consider using strncpy_s instead. To disable deprecation, use _CRT_SECURE_NO_WARNINGS. See online help for details. [C:\Users\Rongxing\Desktop\ETH\CG\nori\build\ext_build\src\OpenEXR_p-build\IlmImf\IlmImf.vcxproj]
    ImfChannelList.cpp
C:\Users\Rongxing\Desktop\ETH\CG\nori\build\ext_build\src\OpenEXR_p\IlmImf\ImfName.h(104,5): warning C4996: 'strncpy': This function or variable may be unsafe. Consider using strncpy_s instead. To disable deprecation, use _CRT_SECURE_NO_WARNINGS. See online help for details. [C:\Users\Rongxing\Desktop\ETH\CG\nori\build\ext_build\src\OpenEXR_p-build\IlmImf\IlmImf.vcxproj]
    ImfChannelListAttribute.cpp
C:\Users\Rongxing\Desktop\ETH\CG\nori\build\ext_build\src\OpenEXR_p\IlmImf\ImfName.h(104,5): warning C4996: 'strncpy': This function or variable may be unsafe. Consider using strncpy_s instead. To disable deprecation, use _CRT_SECURE_NO_WARNINGS. See online help for details. [C:\Users\Rongxing\Desktop\ETH\CG\nori\build\ext_build\src\OpenEXR_p-build\IlmImf\IlmImf.vcxproj]
    ImfFloatAttribute.cpp
    ImfFrameBuffer.cpp
C:\Users\Rongxing\Desktop\ETH\CG\nori\build\ext_build\src\OpenEXR_p\IlmImf\ImfName.h(104,5): warning C4996: 'strncpy': This function or variable may be unsafe. Consider using strncpy_s instead. To disable deprecation, use _CRT_SECURE_NO_WARNINGS. See online help for details. [C:\Users\Rongxing\Desktop\ETH\CG\nori\build\ext_build\src\OpenEXR_p-build\IlmImf\IlmImf.vcxproj]
    ImfHeader.cpp
C:\Users\Rongxing\Desktop\ETH\CG\nori\build\ext_build\src\OpenEXR_p\IlmImf\ImfName.h(104,5): warning C4996: 'strncpy': This function or variable may be unsafe. Consider using strncpy_s instead. To disable deprecation, use _CRT_SECURE_NO_WARNINGS. See online help for details. [C:\Users\Rongxing\Desktop\ETH\CG\nori\build\ext_build\src\OpenEXR_p-build\IlmImf\IlmImf.vcxproj]
    ImfIO.cpp
    ImfInputFile.cpp
C:\Users\Rongxing\Desktop\ETH\CG\nori\build\ext_build\src\OpenEXR_p\IlmImf\ImfName.h(104,5): warning C4996: 'strncpy': This function or variable may be unsafe. Consider using strncpy_s instead. To disable deprecation, use _CRT_SECURE_NO_WARNINGS. See online help for details. [C:\Users\Rongxing\Desktop\ETH\CG\nori\build\ext_build\src\OpenEXR_p-build\IlmImf\IlmImf.vcxproj]
    ImfIntAttribute.cpp
    ImfLineOrderAttribute.cpp
    ImfMatrixAttribute.cpp
    ImfOpaqueAttribute.cpp
C:\Users\Rongxing\Desktop\ETH\CG\nori\build\ext_build\src\OpenEXR_p\IlmImf\ImfOpaqueAttribute.cpp(54,1): warning C4267: 'argument': conversion from 'size_t' to 'long', possible loss of data [C:\Users\Rongxing\Desktop\ETH\CG\nori\build\ext_build\src\OpenEXR_p-build\IlmImf\IlmImf.vcxproj]
C:\Users\Rongxing\Desktop\ETH\CG\nori\build\ext_build\src\OpenEXR_p\IlmImf\ImfOpaqueAttribute.cpp(55,5): warning C4996: 'strcpy': This function or variable may be unsafe. Consider using strcpy_s instead. To disable deprecation, use _CRT_SECURE_NO_WARNINGS. See online help for details. [C:\Users\Rongxing\Desktop\ETH\CG\nori\build\ext_build\src\OpenEXR_p-build\IlmImf\IlmImf.vcxproj]
C:\Users\Rongxing\Desktop\ETH\CG\nori\build\ext_build\src\OpenEXR_p\IlmImf\ImfOpaqueAttribute.cpp(63,1): warning C4267: 'argument': conversion from 'size_t' to 'long', possible loss of data [C:\Users\Rongxing\Desktop\ETH\CG\nori\build\ext_build\src\OpenEXR_p-build\IlmImf\IlmImf.vcxproj]
C:\Users\Rongxing\Desktop\ETH\CG\nori\build\ext_build\src\OpenEXR_p\IlmImf\ImfOpaqueAttribute.cpp(64,5): warning C4996: 'strcpy': This function or variable may be unsafe. Consider using strcpy_s instead. To disable deprecation, use _CRT_SECURE_NO_WARNINGS. See online help for details. [C:\Users\Rongxing\Desktop\ETH\CG\nori\build\ext_build\src\OpenEXR_p-build\IlmImf\IlmImf.vcxproj]
    ImfOutputFile.cpp
C:\Users\Rongxing\Desktop\ETH\CG\nori\build\ext_build\src\OpenEXR_p\IlmImf\ImfName.h(104,5): warning C4996: 'strncpy': This function or variable may be unsafe. Consider using strncpy_s instead. To disable deprecation, use _CRT_SECURE_NO_WARNINGS. See online help for details. [C:\Users\Rongxing\Desktop\ETH\CG\nori\build\ext_build\src\OpenEXR_p-build\IlmImf\IlmImf.vcxproj]
C:\Users\Rongxing\Desktop\ETH\CG\nori\build\ext_build\src\OpenEXR_p\IlmImf\ImfOutputFile.cpp(595,66): warning C4244: '=': conversion from '__int64' to 'int', possible loss of data [C:\Users\Rongxing\Desktop\ETH\CG\nori\build\ext_build\src\OpenEXR_p-build\IlmImf\IlmImf.vcxproj]
C:\Users\Rongxing\Desktop\ETH\CG\nori\build\ext_build\src\OpenEXR_p\IlmImf\ImfOutputFile.cpp(815,72): warning C4267: 'argument': conversion from 'size_t' to 'long', possible loss of data [C:\Users\Rongxing\Desktop\ETH\CG\nori\build\ext_build\src\OpenEXR_p-build\IlmImf\IlmImf.vcxproj]
    ImfRgbaFile.cpp
C:\Users\Rongxing\Desktop\ETH\CG\nori\build\ext_build\src\OpenEXR_p\IlmImf\ImfName.h(104,5): warning C4996: 'strncpy': This function or variable may be unsafe. Consider using strncpy_s instead. To disable deprecation, use _CRT_SECURE_NO_WARNINGS. See online help for details. [C:\Users\Rongxing\Desktop\ETH\CG\nori\build\ext_build\src\OpenEXR_p-build\IlmImf\IlmImf.vcxproj]
C:\Users\Rongxing\Desktop\ETH\CG\nori\build\ext_build\src\OpenEXR_p\IlmImf\ImfRgbaFile.cpp(172,73): warning C4334: '<<': result of 32-bit shift implicitly converted to 64 bits (was 64-bit shift intended?) [C:\Users\Rongxing\Desktop\ETH\CG\nori\build\ext_build\src\OpenEXR_p-build\IlmImf\IlmImf.vcxproj]
C:\Users\Rongxing\Desktop\ETH\CG\nori\build\ext_build\src\OpenEXR_p\IlmImf\ImfRgbaFile.cpp(180,36): warning C4334: '<<': result of 32-bit shift implicitly converted to 64 bits (was 64-bit shift intended?) [C:\Users\Rongxing\Desktop\ETH\CG\nori\build\ext_build\src\OpenEXR_p-build\IlmImf\IlmImf.vcxproj]
C:\Users\Rongxing\Desktop\ETH\CG\nori\build\ext_build\src\OpenEXR_p\IlmImf\ImfRgbaFile.cpp(183,30): warning C4334: '<<': result of 32-bit shift implicitly converted to 64 bits (was 64-bit shift intended?) [C:\Users\Rongxing\Desktop\ETH\CG\nori\build\ext_build\src\OpenEXR_p-build\IlmImf\IlmImf.vcxproj]
    ImfStringAttribute.cpp
C:\Users\Rongxing\Desktop\ETH\CG\nori\build\ext_build\src\OpenEXR_p\IlmImf\ImfStringAttribute.cpp(62,1): warning C4267: 'initializing': conversion from 'size_t' to 'int', possible loss of data [C:\Users\Rongxing\Desktop\ETH\CG\nori\build\ext_build\src\OpenEXR_p-build\IlmImf\IlmImf.vcxproj]
    ImfVecAttribute.cpp
    ImfHuf.cpp
C:\Users\Rongxing\Desktop\ETH\CG\nori\build\ext_build\src\OpenEXR_p\IlmImf\ImfHuf.cpp(171,14): warning C4244: '=': conversion from 'Imath::Int64' to 'char', possible loss of data [C:\Users\Rongxing\Desktop\ETH\CG\nori\build\ext_build\src\OpenEXR_p-build\IlmImf\IlmImf.vcxproj]
C:\Users\Rongxing\Desktop\ETH\CG\nori\build\ext_build\src\OpenEXR_p\IlmImf\ImfHuf.cpp(250,8): warning C4244: 'initializing': conversion from 'Imath::Int64' to 'int', possible loss of data [C:\Users\Rongxing\Desktop\ETH\CG\nori\build\ext_build\src\OpenEXR_p-build\IlmImf\IlmImf.vcxproj]
C:\Users\Rongxing\Desktop\ETH\CG\nori\build\ext_build\src\OpenEXR_p\IlmImf\ImfHuf.cpp(375,9): warning C4244: 'initializing': conversion from '__int64' to 'int', possible loss of data [C:\Users\Rongxing\Desktop\ETH\CG\nori\build\ext_build\src\OpenEXR_p-build\IlmImf\IlmImf.vcxproj]
C:\Users\Rongxing\Desktop\ETH\CG\nori\build\ext_build\src\OpenEXR_p\IlmImf\ImfHuf.cpp(379,8): warning C4244: 'initializing': conversion from '__int64' to 'int', possible loss of data [C:\Users\Rongxing\Desktop\ETH\CG\nori\build\ext_build\src\OpenEXR_p-build\IlmImf\IlmImf.vcxproj]
C:\Users\Rongxing\Desktop\ETH\CG\nori\build\ext_build\src\OpenEXR_p\IlmImf\ImfHuf.cpp(481,8): warning C4244: 'initializing': conversion from 'Imath::Int64' to 'int', possible loss of data [C:\Users\Rongxing\Desktop\ETH\CG\nori\build\ext_build\src\OpenEXR_p-build\IlmImf\IlmImf.vcxproj]
C:\Users\Rongxing\Desktop\ETH\CG\nori\build\ext_build\src\OpenEXR_p\IlmImf\ImfHuf.cpp(550,16): warning C4244: 'initializing': conversion from 'Imath::Int64' to 'int', possible loss of data [C:\Users\Rongxing\Desktop\ETH\CG\nori\build\ext_build\src\OpenEXR_p-build\IlmImf\IlmImf.vcxproj]
C:\Users\Rongxing\Desktop\ETH\CG\nori\build\ext_build\src\OpenEXR_p\IlmImf\ImfHuf.cpp(562,16): warning C4244: 'initializing': conversion from 'Imath::Int64' to 'int', possible loss of data [C:\Users\Rongxing\Desktop\ETH\CG\nori\build\ext_build\src\OpenEXR_p-build\IlmImf\IlmImf.vcxproj]
C:\Users\Rongxing\Desktop\ETH\CG\nori\build\ext_build\src\OpenEXR_p\IlmImf\ImfHuf.cpp(621,8): warning C4244: 'initializing': conversion from 'Imath::Int64' to 'int', possible loss of data [C:\Users\Rongxing\Desktop\ETH\CG\nori\build\ext_build\src\OpenEXR_p-build\IlmImf\IlmImf.vcxproj]
C:\Users\Rongxing\Desktop\ETH\CG\nori\build\ext_build\src\OpenEXR_p\IlmImf\ImfHuf.cpp(679,6): warning C4334: '<<': result of 32-bit shift implicitly converted to 64 bits (was 64-bit shift intended?) [C:\Users\Rongxing\Desktop\ETH\CG\nori\build\ext_build\src\OpenEXR_p-build\IlmImf\IlmImf.vcxproj]
C:\Users\Rongxing\Desktop\ETH\CG\nori\build\ext_build\src\OpenEXR_p\IlmImf\ImfHuf.cpp(724,27): warning C4244: 'argument': conversion from 'Imath::Int64' to 'int', possible loss of data [C:\Users\Rongxing\Desktop\ETH\CG\nori\build\ext_build\src\OpenEXR_p-build\IlmImf\IlmImf.vcxproj]
C:\Users\Rongxing\Desktop\ETH\CG\nori\build\ext_build\src\OpenEXR_p\IlmImf\ImfHuf.cpp(804,33): warning C4244: 'return': conversion from '__int64' to 'int', possible loss of data [C:\Users\Rongxing\Desktop\ETH\CG\nori\build\ext_build\src\OpenEXR_p-build\IlmImf\IlmImf.vcxproj]
C:\Users\Rongxing\Desktop\ETH\CG\nori\build\ext_build\src\OpenEXR_p\IlmImf\ImfHuf.cpp(898,3): warning C4244: 'initializing': conversion from 'Imath::Int64' to 'unsigned char', possible loss of data [C:\Users\Rongxing\Desktop\ETH\CG\nori\build\ext_build\src\OpenEXR_p-build\IlmImf\IlmImf.vcxproj]
C:\Users\Rongxing\Desktop\ETH\CG\nori\build\ext_build\src\OpenEXR_p\IlmImf\ImfHuf.cpp(913,13): warning C4244: 'initializing': conversion from 'Imath::Int64' to 'int', possible loss of data [C:\Users\Rongxing\Desktop\ETH\CG\nori\build\ext_build\src\OpenEXR_p-build\IlmImf\IlmImf.vcxproj]
C:\Users\Rongxing\Desktop\ETH\CG\nori\build\ext_build\src\OpenEXR_p\IlmImf\ImfHuf.cpp(928,8): warning C4244: 'initializing': conversion from 'Imath::Int64' to 'unsigned char', possible loss of data [C:\Users\Rongxing\Desktop\ETH\CG\nori\build\ext_build\src\OpenEXR_p-build\IlmImf\IlmImf.vcxproj]
C:\Users\Rongxing\Desktop\ETH\CG\nori\build\ext_build\src\OpenEXR_p\IlmImf\ImfHuf.cpp(955,6): warning C4244: 'initializing': conversion from 'Imath::Int64' to 'unsigned char', possible loss of data [C:\Users\Rongxing\Desktop\ETH\CG\nori\build\ext_build\src\OpenEXR_p-build\IlmImf\IlmImf.vcxproj]
C:\Users\Rongxing\Desktop\ETH\CG\nori\build\ext_build\src\OpenEXR_p\IlmImf\ImfHuf.cpp(1031,21): warning C4244: 'initializing': conversion from '__int64' to 'int', possible loss of data [C:\Users\Rongxing\Desktop\ETH\CG\nori\build\ext_build\src\OpenEXR_p-build\IlmImf\IlmImf.vcxproj]
C:\Users\Rongxing\Desktop\ETH\CG\nori\build\ext_build\src\OpenEXR_p\IlmImf\ImfHuf.cpp(1043,35): warning C4244: 'return': conversion from '__int64' to 'int', possible loss of data [C:\Users\Rongxing\Desktop\ETH\CG\nori\build\ext_build\src\OpenEXR_p-build\IlmImf\IlmImf.vcxproj]
C:\Users\Rongxing\Desktop\ETH\CG\nori\build\ext_build\src\OpenEXR_p\IlmImf\ImfHuf.cpp(1079,46): warning C4244: 'argument': conversion from '__int64' to 'int', possible loss of data [C:\Users\Rongxing\Desktop\ETH\CG\nori\build\ext_build\src\OpenEXR_p-build\IlmImf\IlmImf.vcxproj]
C:\Users\Rongxing\Desktop\ETH\CG\nori\build\ext_build\src\OpenEXR_p\IlmImf\ImfHuf.cpp(1090,40): warning C4244: 'argument': conversion from '__int64' to 'int', possible loss of data [C:\Users\Rongxing\Desktop\ETH\CG\nori\build\ext_build\src\OpenEXR_p-build\IlmImf\IlmImf.vcxproj]
    ImfThreading.cpp
    Generating Code...
    Compiling...
    ImfWav.cpp
    ImfLut.cpp
C:\Users\Rongxing\Desktop\ETH\CG\nori\build\ext_build\src\OpenEXR_p\IlmImf\ImfName.h(104,5): warning C4996: 'strncpy': This function or variable may be unsafe. Consider using strncpy_s instead. To disable deprecation, use _CRT_SECURE_NO_WARNINGS. See online help for details. [C:\Users\Rongxing\Desktop\ETH\CG\nori\build\ext_build\src\OpenEXR_p-build\IlmImf\IlmImf.vcxproj]
C:\Users\Rongxing\Desktop\ETH\CG\nori\build\ext_build\src\OpenEXR_p\IlmImf\ImfLut.cpp(156,33): warning C4244: 'initializing': conversion from 'double' to 'float', possible loss of data [C:\Users\Rongxing\Desktop\ETH\CG\nori\build\ext_build\src\OpenEXR_p-build\IlmImf\IlmImf.vcxproj]
C:\Users\Rongxing\Desktop\ETH\CG\nori\build\ext_build\src\OpenEXR_p\IlmImf\ImfLut.cpp(156,27): warning C4244: 'initializing': conversion from 'double' to 'const float', possible loss of data [C:\Users\Rongxing\Desktop\ETH\CG\nori\build\ext_build\src\OpenEXR_p-build\IlmImf\IlmImf.vcxproj]
C:\Users\Rongxing\Desktop\ETH\CG\nori\build\ext_build\src\OpenEXR_p\IlmImf\ImfLut.cpp(174,22): warning C4244: 'argument': conversion from 'double' to 'float', possible loss of data [C:\Users\Rongxing\Desktop\ETH\CG\nori\build\ext_build\src\OpenEXR_p-build\IlmImf\IlmImf.vcxproj]
    ImfCompressor.cpp
C:\Users\Rongxing\Desktop\ETH\CG\nori\build\ext_build\src\OpenEXR_p\IlmImf\ImfName.h(104,5): warning C4996: 'strncpy': This function or variable may be unsafe. Consider using strncpy_s instead. To disable deprecation, use _CRT_SECURE_NO_WARNINGS. See online help for details. [C:\Users\Rongxing\Desktop\ETH\CG\nori\build\ext_build\src\OpenEXR_p-build\IlmImf\IlmImf.vcxproj]
C:\Users\Rongxing\Desktop\ETH\CG\nori\build\ext_build\src\OpenEXR_p\IlmImf\ImfCompressor.cpp(165,62): warning C4267: 'argument': conversion from 'size_t' to 'int', possible loss of data [C:\Users\Rongxing\Desktop\ETH\CG\nori\build\ext_build\src\OpenEXR_p-build\IlmImf\IlmImf.vcxproj]
C:\Users\Rongxing\Desktop\ETH\CG\nori\build\ext_build\src\OpenEXR_p\IlmImf\ImfCompressor.cpp(170,62): warning C4267: 'argument': conversion from 'size_t' to 'int', possible loss of data [C:\Users\Rongxing\Desktop\ETH\CG\nori\build\ext_build\src\OpenEXR_p-build\IlmImf\IlmImf.vcxproj]
C:\Users\Rongxing\Desktop\ETH\CG\nori\build\ext_build\src\OpenEXR_p\IlmImf\ImfCompressor.cpp(216,55): warning C4267: 'argument': conversion from 'size_t' to 'int', possible loss of data [C:\Users\Rongxing\Desktop\ETH\CG\nori\build\ext_build\src\OpenEXR_p-build\IlmImf\IlmImf.vcxproj]
    ImfRleCompressor.cpp
C:\Users\Rongxing\Desktop\ETH\CG\nori\build\ext_build\src\OpenEXR_p\IlmImf\ImfRleCompressor.cpp(56,1): warning C4267: 'initializing': conversion from 'size_t' to 'int', possible loss of data [C:\Users\Rongxing\Desktop\ETH\CG\nori\build\ext_build\src\OpenEXR_p-build\IlmImf\IlmImf.vcxproj]
    ImfZipCompressor.cpp
C:\Users\Rongxing\Desktop\ETH\CG\nori\build\ext_build\src\OpenEXR_p\IlmImf\ImfZipCompressor.cpp(62,1): warning C4267: 'initializing': conversion from 'size_t' to 'int', possible loss of data [C:\Users\Rongxing\Desktop\ETH\CG\nori\build\ext_build\src\OpenEXR_p-build\IlmImf\IlmImf.vcxproj]
    ImfPizCompressor.cpp
C:\Users\Rongxing\Desktop\ETH\CG\nori\build\ext_build\src\OpenEXR_p\IlmImf\ImfName.h(104,5): warning C4996: 'strncpy': This function or variable may be unsafe. Consider using strncpy_s instead. To disable deprecation, use _CRT_SECURE_NO_WARNINGS. See online help for details. [C:\Users\Rongxing\Desktop\ETH\CG\nori\build\ext_build\src\OpenEXR_p-build\IlmImf\IlmImf.vcxproj]
C:\Users\Rongxing\Desktop\ETH\CG\nori\build\ext_build\src\OpenEXR_p\IlmImf\ImfPizCompressor.cpp(185,1): warning C4267: 'initializing': conversion from 'size_t' to 'int', possible loss of data [C:\Users\Rongxing\Desktop\ETH\CG\nori\build\ext_build\src\OpenEXR_p-build\IlmImf\IlmImf.vcxproj]
C:\Users\Rongxing\Desktop\ETH\CG\nori\build\ext_build\src\OpenEXR_p\IlmImf\ImfPizCompressor.cpp(429,20): warning C4244: 'argument': conversion from '__int64' to 'int', possible loss of data [C:\Users\Rongxing\Desktop\ETH\CG\nori\build\ext_build\src\OpenEXR_p-build\IlmImf\IlmImf.vcxproj]
C:\Users\Rongxing\Desktop\ETH\CG\nori\build\ext_build\src\OpenEXR_p\IlmImf\ImfPizCompressor.cpp(435,45): warning C4244: 'argument': conversion from '__int64' to 'int', possible loss of data [C:\Users\Rongxing\Desktop\ETH\CG\nori\build\ext_build\src\OpenEXR_p-build\IlmImf\IlmImf.vcxproj]
C:\Users\Rongxing\Desktop\ETH\CG\nori\build\ext_build\src\OpenEXR_p\IlmImf\ImfPizCompressor.cpp(476,56): warning C4244: 'argument': conversion from '__int64' to 'int', possible loss of data [C:\Users\Rongxing\Desktop\ETH\CG\nori\build\ext_build\src\OpenEXR_p-build\IlmImf\IlmImf.vcxproj]
C:\Users\Rongxing\Desktop\ETH\CG\nori\build\ext_build\src\OpenEXR_p\IlmImf\ImfPizCompressor.cpp(480,29): warning C4244: 'return': conversion from '__int64' to 'int', possible loss of data [C:\Users\Rongxing\Desktop\ETH\CG\nori\build\ext_build\src\OpenEXR_p-build\IlmImf\IlmImf.vcxproj]
C:\Users\Rongxing\Desktop\ETH\CG\nori\build\ext_build\src\OpenEXR_p\IlmImf\ImfPizCompressor.cpp(576,60): warning C4244: 'argument': conversion from '__int64' to 'int', possible loss of data [C:\Users\Rongxing\Desktop\ETH\CG\nori\build\ext_build\src\OpenEXR_p-build\IlmImf\IlmImf.vcxproj]
C:\Users\Rongxing\Desktop\ETH\CG\nori\build\ext_build\src\OpenEXR_p\IlmImf\ImfPizCompressor.cpp(599,45): warning C4244: 'argument': conversion from '__int64' to 'int', possible loss of data [C:\Users\Rongxing\Desktop\ETH\CG\nori\build\ext_build\src\OpenEXR_p-build\IlmImf\IlmImf.vcxproj]
C:\Users\Rongxing\Desktop\ETH\CG\nori\build\ext_build\src\OpenEXR_p\IlmImf\ImfPizCompressor.cpp(663,19): warning C4244: 'return': conversion from '__int64' to 'int', possible loss of data [C:\Users\Rongxing\Desktop\ETH\CG\nori\build\ext_build\src\OpenEXR_p-build\IlmImf\IlmImf.vcxproj]
    ImfB44Compressor.cpp
C:\Users\Rongxing\Desktop\ETH\CG\nori\build\ext_build\src\OpenEXR_p\IlmImf\ImfName.h(104,5): warning C4996: 'strncpy': This function or variable may be unsafe. Consider using strncpy_s instead. To disable deprecation, use _CRT_SECURE_NO_WARNINGS. See online help for details. [C:\Users\Rongxing\Desktop\ETH\CG\nori\build\ext_build\src\OpenEXR_p-build\IlmImf\IlmImf.vcxproj]
C:\Users\Rongxing\Desktop\ETH\CG\nori\build\ext_build\src\OpenEXR_p\IlmImf\ImfB44Compressor.cpp(486,1): warning C4267: 'initializing': conversion from 'size_t' to 'int', possible loss of data [C:\Users\Rongxing\Desktop\ETH\CG\nori\build\ext_build\src\OpenEXR_p-build\IlmImf\IlmImf.vcxproj]
C:\Users\Rongxing\Desktop\ETH\CG\nori\build\ext_build\src\OpenEXR_p\IlmImf\ImfB44Compressor.cpp(862,19): warning C4244: 'return': conversion from '__int64' to 'int', possible loss of data [C:\Users\Rongxing\Desktop\ETH\CG\nori\build\ext_build\src\OpenEXR_p-build\IlmImf\IlmImf.vcxproj]
C:\Users\Rongxing\Desktop\ETH\CG\nori\build\ext_build\src\OpenEXR_p\IlmImf\ImfB44Compressor.cpp(1068,19): warning C4244: 'return': conversion from '__int64' to 'int', possible loss of data [C:\Users\Rongxing\Desktop\ETH\CG\nori\build\ext_build\src\OpenEXR_p-build\IlmImf\IlmImf.vcxproj]
    ImfDwaCompressor.cpp
C:\Users\Rongxing\Desktop\ETH\CG\nori\build\ext_build\src\OpenEXR_p\IlmImf\ImfName.h(104,5): warning C4996: 'strncpy': This function or variable may be unsafe. Consider using strncpy_s instead. To disable deprecation, use _CRT_SECURE_NO_WARNINGS. See online help for details. [C:\Users\Rongxing\Desktop\ETH\CG\nori\build\ext_build\src\OpenEXR_p-build\IlmImf\IlmImf.vcxproj]
C:\Users\Rongxing\Desktop\ETH\CG\nori\build\ext_build\src\OpenEXR_p\IlmImf\ImfDwaCompressor.cpp(702,41): warning C4267: 'initializing': conversion from 'size_t' to 'int', possible loss of data [C:\Users\Rongxing\Desktop\ETH\CG\nori\build\ext_build\src\OpenEXR_p-build\IlmImf\IlmImf.vcxproj]
C:\Users\Rongxing\Desktop\ETH\CG\nori\build\ext_build\src\OpenEXR_p\IlmImf\ImfDwaCompressor.cpp(756,38): warning C4018: '<': signed/unsigned mismatch [C:\Users\Rongxing\Desktop\ETH\CG\nori\build\ext_build\src\OpenEXR_p-build\IlmImf\IlmImf.vcxproj]
C:\Users\Rongxing\Desktop\ETH\CG\nori\build\ext_build\src\OpenEXR_p\IlmImf\ImfDwaCompressor.cpp(785,46): warning C4018: '<': signed/unsigned mismatch [C:\Users\Rongxing\Desktop\ETH\CG\nori\build\ext_build\src\OpenEXR_p-build\IlmImf\IlmImf.vcxproj]
C:\Users\Rongxing\Desktop\ETH\CG\nori\build\ext_build\src\OpenEXR_p\IlmImf\ImfDwaCompressor.cpp(941,46): warning C4018: '<': signed/unsigned mismatch [C:\Users\Rongxing\Desktop\ETH\CG\nori\build\ext_build\src\OpenEXR_p-build\IlmImf\IlmImf.vcxproj]
C:\Users\Rongxing\Desktop\ETH\CG\nori\build\ext_build\src\OpenEXR_p\IlmImf\ImfDwaCompressor.cpp(1139,38): warning C4018: '<': signed/unsigned mismatch [C:\Users\Rongxing\Desktop\ETH\CG\nori\build\ext_build\src\OpenEXR_p-build\IlmImf\IlmImf.vcxproj]
C:\Users\Rongxing\Desktop\ETH\CG\nori\build\ext_build\src\OpenEXR_p\IlmImf\ImfDwaCompressor.cpp(1914,54): warning C4267: '+=': conversion from 'size_t' to 'unsigned short', possible loss of data [C:\Users\Rongxing\Desktop\ETH\CG\nori\build\ext_build\src\OpenEXR_p-build\IlmImf\IlmImf.vcxproj]
C:\Users\Rongxing\Desktop\ETH\CG\nori\build\ext_build\src\OpenEXR_p\IlmImf\ImfDwaCompressor.cpp(2423,36): warning C4267: '-=': conversion from 'size_t' to 'unsigned short', possible loss of data [C:\Users\Rongxing\Desktop\ETH\CG\nori\build\ext_build\src\OpenEXR_p-build\IlmImf\IlmImf.vcxproj]
C:\Users\Rongxing\Desktop\ETH\CG\nori\build\ext_build\src\OpenEXR_p\IlmImf\ImfDwaCompressor.cpp(2993,50): warning C4267: '+=': conversion from 'size_t' to 'int', possible loss of data [C:\Users\Rongxing\Desktop\ETH\CG\nori\build\ext_build\src\OpenEXR_p-build\IlmImf\IlmImf.vcxproj]
    ImfMisc.cpp
C:\Users\Rongxing\Desktop\ETH\CG\nori\build\ext_build\src\OpenEXR_p\IlmImf\ImfName.h(104,5): warning C4996: 'strncpy': This function or variable may be unsafe. Consider using strncpy_s instead. To disable deprecation, use _CRT_SECURE_NO_WARNINGS. See online help for details. [C:\Users\Rongxing\Desktop\ETH\CG\nori\build\ext_build\src\OpenEXR_p-build\IlmImf\IlmImf.vcxproj]
C:\Users\Rongxing\Desktop\ETH\CG\nori\build\ext_build\src\OpenEXR_p\IlmImf\ImfMisc.cpp(240,48): warning C4267: 'argument': conversion from 'size_t' to 'int', possible loss of data [C:\Users\Rongxing\Desktop\ETH\CG\nori\build\ext_build\src\OpenEXR_p-build\IlmImf\IlmImf.vcxproj]
C:\Users\Rongxing\Desktop\ETH\CG\nori\build\ext_build\src\OpenEXR_p\IlmImf\ImfMisc.cpp(313,38): warning C4244: 'argument': conversion from 'double' to 'float', possible loss of data [C:\Users\Rongxing\Desktop\ETH\CG\nori\build\ext_build\src\OpenEXR_p-build\IlmImf\IlmImf.vcxproj]
C:\Users\Rongxing\Desktop\ETH\CG\nori\build\ext_build\src\OpenEXR_p\IlmImf\ImfMisc.cpp(558,64): warning C4267: 'initializing': conversion from 'size_t' to 'int', possible loss of data [C:\Users\Rongxing\Desktop\ETH\CG\nori\build\ext_build\src\OpenEXR_p-build\IlmImf\IlmImf.vcxproj]
C:\Users\Rongxing\Desktop\ETH\CG\nori\build\ext_build\src\OpenEXR_p\IlmImf\ImfMisc.cpp(692,49): warning C4244: 'argument': conversion from 'ptrdiff_t' to 'int', possible loss of data [C:\Users\Rongxing\Desktop\ETH\CG\nori\build\ext_build\src\OpenEXR_p-build\IlmImf\IlmImf.vcxproj]
C:\Users\Rongxing\Desktop\ETH\CG\nori\build\ext_build\src\OpenEXR_p\IlmImf\ImfMisc.cpp(691,49): warning C4244: 'argument': conversion from 'ptrdiff_t' to 'int', possible loss of data [C:\Users\Rongxing\Desktop\ETH\CG\nori\build\ext_build\src\OpenEXR_p-build\IlmImf\IlmImf.vcxproj]
C:\Users\Rongxing\Desktop\ETH\CG\nori\build\ext_build\src\OpenEXR_p\IlmImf\ImfMisc.cpp(708,38): warning C4244: 'argument': conversion from 'double' to 'float', possible loss of data [C:\Users\Rongxing\Desktop\ETH\CG\nori\build\ext_build\src\OpenEXR_p-build\IlmImf\IlmImf.vcxproj]
C:\Users\Rongxing\Desktop\ETH\CG\nori\build\ext_build\src\OpenEXR_p\IlmImf\ImfMisc.cpp(718,49): warning C4244: 'argument': conversion from 'ptrdiff_t' to 'int', possible loss of data [C:\Users\Rongxing\Desktop\ETH\CG\nori\build\ext_build\src\OpenEXR_p-build\IlmImf\IlmImf.vcxproj]
C:\Users\Rongxing\Desktop\ETH\CG\nori\build\ext_build\src\OpenEXR_p\IlmImf\ImfMisc.cpp(717,49): warning C4244: 'argument': conversion from 'ptrdiff_t' to 'int', possible loss of data [C:\Users\Rongxing\Desktop\ETH\CG\nori\build\ext_build\src\OpenEXR_p-build\IlmImf\IlmImf.vcxproj]
C:\Users\Rongxing\Desktop\ETH\CG\nori\build\ext_build\src\OpenEXR_p\IlmImf\ImfMisc.cpp(744,49): warning C4244: 'argument': conversion from 'ptrdiff_t' to 'int', possible loss of data [C:\Users\Rongxing\Desktop\ETH\CG\nori\build\ext_build\src\OpenEXR_p-build\IlmImf\IlmImf.vcxproj]
C:\Users\Rongxing\Desktop\ETH\CG\nori\build\ext_build\src\OpenEXR_p\IlmImf\ImfMisc.cpp(743,49): warning C4244: 'argument': conversion from 'ptrdiff_t' to 'int', possible loss of data [C:\Users\Rongxing\Desktop\ETH\CG\nori\build\ext_build\src\OpenEXR_p-build\IlmImf\IlmImf.vcxproj]
C:\Users\Rongxing\Desktop\ETH\CG\nori\build\ext_build\src\OpenEXR_p\IlmImf\ImfMisc.cpp(786,45): warning C4244: 'argument': conversion from 'ptrdiff_t' to 'int', possible loss of data [C:\Users\Rongxing\Desktop\ETH\CG\nori\build\ext_build\src\OpenEXR_p-build\IlmImf\IlmImf.vcxproj]
C:\Users\Rongxing\Desktop\ETH\CG\nori\build\ext_build\src\OpenEXR_p\IlmImf\ImfMisc.cpp(785,45): warning C4244: 'argument': conversion from 'ptrdiff_t' to 'int', possible loss of data [C:\Users\Rongxing\Desktop\ETH\CG\nori\build\ext_build\src\OpenEXR_p-build\IlmImf\IlmImf.vcxproj]
C:\Users\Rongxing\Desktop\ETH\CG\nori\build\ext_build\src\OpenEXR_p\IlmImf\ImfMisc.cpp(811,45): warning C4244: 'argument': conversion from 'ptrdiff_t' to 'int', possible loss of data [C:\Users\Rongxing\Desktop\ETH\CG\nori\build\ext_build\src\OpenEXR_p-build\IlmImf\IlmImf.vcxproj]
C:\Users\Rongxing\Desktop\ETH\CG\nori\build\ext_build\src\OpenEXR_p\IlmImf\ImfMisc.cpp(810,45): warning C4244: 'argument': conversion from 'ptrdiff_t' to 'int', possible loss of data [C:\Users\Rongxing\Desktop\ETH\CG\nori\build\ext_build\src\OpenEXR_p-build\IlmImf\IlmImf.vcxproj]
C:\Users\Rongxing\Desktop\ETH\CG\nori\build\ext_build\src\OpenEXR_p\IlmImf\ImfMisc.cpp(838,45): warning C4244: 'argument': conversion from 'ptrdiff_t' to 'int', possible loss of data [C:\Users\Rongxing\Desktop\ETH\CG\nori\build\ext_build\src\OpenEXR_p-build\IlmImf\IlmImf.vcxproj]
C:\Users\Rongxing\Desktop\ETH\CG\nori\build\ext_build\src\OpenEXR_p\IlmImf\ImfMisc.cpp(837,45): warning C4244: 'argument': conversion from 'ptrdiff_t' to 'int', possible loss of data [C:\Users\Rongxing\Desktop\ETH\CG\nori\build\ext_build\src\OpenEXR_p-build\IlmImf\IlmImf.vcxproj]
C:\Users\Rongxing\Desktop\ETH\CG\nori\build\ext_build\src\OpenEXR_p\IlmImf\ImfMisc.cpp(874,45): warning C4244: 'argument': conversion from 'ptrdiff_t' to 'int', possible loss of data [C:\Users\Rongxing\Desktop\ETH\CG\nori\build\ext_build\src\OpenEXR_p-build\IlmImf\IlmImf.vcxproj]
C:\Users\Rongxing\Desktop\ETH\CG\nori\build\ext_build\src\OpenEXR_p\IlmImf\ImfMisc.cpp(873,45): warning C4244: 'argument': conversion from 'ptrdiff_t' to 'int', possible loss of data [C:\Users\Rongxing\Desktop\ETH\CG\nori\build\ext_build\src\OpenEXR_p-build\IlmImf\IlmImf.vcxproj]
C:\Users\Rongxing\Desktop\ETH\CG\nori\build\ext_build\src\OpenEXR_p\IlmImf\ImfMisc.cpp(901,45): warning C4244: 'argument': conversion from 'ptrdiff_t' to 'int', possible loss of data [C:\Users\Rongxing\Desktop\ETH\CG\nori\build\ext_build\src\OpenEXR_p-build\IlmImf\IlmImf.vcxproj]
C:\Users\Rongxing\Desktop\ETH\CG\nori\build\ext_build\src\OpenEXR_p\IlmImf\ImfMisc.cpp(900,45): warning C4244: 'argument': conversion from 'ptrdiff_t' to 'int', possible loss of data [C:\Users\Rongxing\Desktop\ETH\CG\nori\build\ext_build\src\OpenEXR_p-build\IlmImf\IlmImf.vcxproj]
C:\Users\Rongxing\Desktop\ETH\CG\nori\build\ext_build\src\OpenEXR_p\IlmImf\ImfMisc.cpp(926,45): warning C4244: 'argument': conversion from 'ptrdiff_t' to 'int', possible loss of data [C:\Users\Rongxing\Desktop\ETH\CG\nori\build\ext_build\src\OpenEXR_p-build\IlmImf\IlmImf.vcxproj]
C:\Users\Rongxing\Desktop\ETH\CG\nori\build\ext_build\src\OpenEXR_p\IlmImf\ImfMisc.cpp(925,45): warning C4244: 'argument': conversion from 'ptrdiff_t' to 'int', possible loss of data [C:\Users\Rongxing\Desktop\ETH\CG\nori\build\ext_build\src\OpenEXR_p-build\IlmImf\IlmImf.vcxproj]
C:\Users\Rongxing\Desktop\ETH\CG\nori\build\ext_build\src\OpenEXR_p\IlmImf\ImfMisc.cpp(961,45): warning C4244: 'argument': conversion from 'ptrdiff_t' to 'int', possible loss of data [C:\Users\Rongxing\Desktop\ETH\CG\nori\build\ext_build\src\OpenEXR_p-build\IlmImf\IlmImf.vcxproj]
C:\Users\Rongxing\Desktop\ETH\CG\nori\build\ext_build\src\OpenEXR_p\IlmImf\ImfMisc.cpp(960,45): warning C4244: 'argument': conversion from 'ptrdiff_t' to 'int', possible loss of data [C:\Users\Rongxing\Desktop\ETH\CG\nori\build\ext_build\src\OpenEXR_p-build\IlmImf\IlmImf.vcxproj]
C:\Users\Rongxing\Desktop\ETH\CG\nori\build\ext_build\src\OpenEXR_p\IlmImf\ImfMisc.cpp(987,45): warning C4244: 'argument': conversion from 'ptrdiff_t' to 'int', possible loss of data [C:\Users\Rongxing\Desktop\ETH\CG\nori\build\ext_build\src\OpenEXR_p-build\IlmImf\IlmImf.vcxproj]
C:\Users\Rongxing\Desktop\ETH\CG\nori\build\ext_build\src\OpenEXR_p\IlmImf\ImfMisc.cpp(986,45): warning C4244: 'argument': conversion from 'ptrdiff_t' to 'int', possible loss of data [C:\Users\Rongxing\Desktop\ETH\CG\nori\build\ext_build\src\OpenEXR_p-build\IlmImf\IlmImf.vcxproj]
C:\Users\Rongxing\Desktop\ETH\CG\nori\build\ext_build\src\OpenEXR_p\IlmImf\ImfMisc.cpp(1015,45): warning C4244: 'argument': conversion from 'ptrdiff_t' to 'int', possible loss of data [C:\Users\Rongxing\Desktop\ETH\CG\nori\build\ext_build\src\OpenEXR_p-build\IlmImf\IlmImf.vcxproj]
C:\Users\Rongxing\Desktop\ETH\CG\nori\build\ext_build\src\OpenEXR_p\IlmImf\ImfMisc.cpp(1014,45): warning C4244: 'argument': conversion from 'ptrdiff_t' to 'int', possible loss of data [C:\Users\Rongxing\Desktop\ETH\CG\nori\build\ext_build\src\OpenEXR_p-build\IlmImf\IlmImf.vcxproj]
C:\Users\Rongxing\Desktop\ETH\CG\nori\build\ext_build\src\OpenEXR_p\IlmImf\ImfMisc.cpp(1064,45): warning C4244: 'argument': conversion from 'ptrdiff_t' to 'int', possible loss of data [C:\Users\Rongxing\Desktop\ETH\CG\nori\build\ext_build\src\OpenEXR_p-build\IlmImf\IlmImf.vcxproj]
C:\Users\Rongxing\Desktop\ETH\CG\nori\build\ext_build\src\OpenEXR_p\IlmImf\ImfMisc.cpp(1063,45): warning C4244: 'argument': conversion from 'ptrdiff_t' to 'int', possible loss of data [C:\Users\Rongxing\Desktop\ETH\CG\nori\build\ext_build\src\OpenEXR_p-build\IlmImf\IlmImf.vcxproj]
C:\Users\Rongxing\Desktop\ETH\CG\nori\build\ext_build\src\OpenEXR_p\IlmImf\ImfMisc.cpp(1092,45): warning C4244: 'argument': conversion from 'ptrdiff_t' to 'int', possible loss of data [C:\Users\Rongxing\Desktop\ETH\CG\nori\build\ext_build\src\OpenEXR_p-build\IlmImf\IlmImf.vcxproj]
C:\Users\Rongxing\Desktop\ETH\CG\nori\build\ext_build\src\OpenEXR_p\IlmImf\ImfMisc.cpp(1091,45): warning C4244: 'argument': conversion from 'ptrdiff_t' to 'int', possible loss of data [C:\Users\Rongxing\Desktop\ETH\CG\nori\build\ext_build\src\OpenEXR_p-build\IlmImf\IlmImf.vcxproj]
C:\Users\Rongxing\Desktop\ETH\CG\nori\build\ext_build\src\OpenEXR_p\IlmImf\ImfMisc.cpp(1119,45): warning C4244: 'argument': conversion from 'ptrdiff_t' to 'int', possible loss of data [C:\Users\Rongxing\Desktop\ETH\CG\nori\build\ext_build\src\OpenEXR_p-build\IlmImf\IlmImf.vcxproj]
C:\Users\Rongxing\Desktop\ETH\CG\nori\build\ext_build\src\OpenEXR_p\IlmImf\ImfMisc.cpp(1118,45): warning C4244: 'argument': conversion from 'ptrdiff_t' to 'int', possible loss of data [C:\Users\Rongxing\Desktop\ETH\CG\nori\build\ext_build\src\OpenEXR_p-build\IlmImf\IlmImf.vcxproj]
C:\Users\Rongxing\Desktop\ETH\CG\nori\build\ext_build\src\OpenEXR_p\IlmImf\ImfMisc.cpp(1160,45): warning C4244: 'argument': conversion from 'ptrdiff_t' to 'int', possible loss of data [C:\Users\Rongxing\Desktop\ETH\CG\nori\build\ext_build\src\OpenEXR_p-build\IlmImf\IlmImf.vcxproj]
C:\Users\Rongxing\Desktop\ETH\CG\nori\build\ext_build\src\OpenEXR_p\IlmImf\ImfMisc.cpp(1159,45): warning C4244: 'argument': conversion from 'ptrdiff_t' to 'int', possible loss of data [C:\Users\Rongxing\Desktop\ETH\CG\nori\build\ext_build\src\OpenEXR_p-build\IlmImf\IlmImf.vcxproj]
C:\Users\Rongxing\Desktop\ETH\CG\nori\build\ext_build\src\OpenEXR_p\IlmImf\ImfMisc.cpp(1191,45): warning C4244: 'argument': conversion from 'ptrdiff_t' to 'int', possible loss of data [C:\Users\Rongxing\Desktop\ETH\CG\nori\build\ext_build\src\OpenEXR_p-build\IlmImf\IlmImf.vcxproj]
C:\Users\Rongxing\Desktop\ETH\CG\nori\build\ext_build\src\OpenEXR_p\IlmImf\ImfMisc.cpp(1190,45): warning C4244: 'argument': conversion from 'ptrdiff_t' to 'int', possible loss of data [C:\Users\Rongxing\Desktop\ETH\CG\nori\build\ext_build\src\OpenEXR_p-build\IlmImf\IlmImf.vcxproj]
C:\Users\Rongxing\Desktop\ETH\CG\nori\build\ext_build\src\OpenEXR_p\IlmImf\ImfMisc.cpp(1217,45): warning C4244: 'argument': conversion from 'ptrdiff_t' to 'int', possible loss of data [C:\Users\Rongxing\Desktop\ETH\CG\nori\build\ext_build\src\OpenEXR_p-build\IlmImf\IlmImf.vcxproj]
C:\Users\Rongxing\Desktop\ETH\CG\nori\build\ext_build\src\OpenEXR_p\IlmImf\ImfMisc.cpp(1216,45): warning C4244: 'argument': conversion from 'ptrdiff_t' to 'int', possible loss of data [C:\Users\Rongxing\Desktop\ETH\CG\nori\build\ext_build\src\OpenEXR_p-build\IlmImf\IlmImf.vcxproj]
C:\Users\Rongxing\Desktop\ETH\CG\nori\build\ext_build\src\OpenEXR_p\IlmImf\ImfMisc.cpp(1257,45): warning C4244: 'argument': conversion from 'ptrdiff_t' to 'int', possible loss of data [C:\Users\Rongxing\Desktop\ETH\CG\nori\build\ext_build\src\OpenEXR_p-build\IlmImf\IlmImf.vcxproj]
C:\Users\Rongxing\Desktop\ETH\CG\nori\build\ext_build\src\OpenEXR_p\IlmImf\ImfMisc.cpp(1256,45): warning C4244: 'argument': conversion from 'ptrdiff_t' to 'int', possible loss of data [C:\Users\Rongxing\Desktop\ETH\CG\nori\build\ext_build\src\OpenEXR_p-build\IlmImf\IlmImf.vcxproj]
C:\Users\Rongxing\Desktop\ETH\CG\nori\build\ext_build\src\OpenEXR_p\IlmImf\ImfMisc.cpp(1288,45): warning C4244: 'argument': conversion from 'ptrdiff_t' to 'int', possible loss of data [C:\Users\Rongxing\Desktop\ETH\CG\nori\build\ext_build\src\OpenEXR_p-build\IlmImf\IlmImf.vcxproj]
C:\Users\Rongxing\Desktop\ETH\CG\nori\build\ext_build\src\OpenEXR_p\IlmImf\ImfMisc.cpp(1287,45): warning C4244: 'argument': conversion from 'ptrdiff_t' to 'int', possible loss of data [C:\Users\Rongxing\Desktop\ETH\CG\nori\build\ext_build\src\OpenEXR_p-build\IlmImf\IlmImf.vcxproj]
C:\Users\Rongxing\Desktop\ETH\CG\nori\build\ext_build\src\OpenEXR_p\IlmImf\ImfMisc.cpp(1315,45): warning C4244: 'argument': conversion from 'ptrdiff_t' to 'int', possible loss of data [C:\Users\Rongxing\Desktop\ETH\CG\nori\build\ext_build\src\OpenEXR_p-build\IlmImf\IlmImf.vcxproj]
C:\Users\Rongxing\Desktop\ETH\CG\nori\build\ext_build\src\OpenEXR_p\IlmImf\ImfMisc.cpp(1314,45): warning C4244: 'argument': conversion from 'ptrdiff_t' to 'int', possible loss of data [C:\Users\Rongxing\Desktop\ETH\CG\nori\build\ext_build\src\OpenEXR_p-build\IlmImf\IlmImf.vcxproj]
C:\Users\Rongxing\Desktop\ETH\CG\nori\build\ext_build\src\OpenEXR_p\IlmImf\ImfMisc.cpp(1357,76): warning C4267: 'argument': conversion from 'size_t' to 'int', possible loss of data [C:\Users\Rongxing\Desktop\ETH\CG\nori\build\ext_build\src\OpenEXR_p-build\IlmImf\IlmImf.vcxproj]
C:\Users\Rongxing\Desktop\ETH\CG\nori\build\ext_build\src\OpenEXR_p\IlmImf\ImfMisc.cpp(1362,68): warning C4267: 'argument': conversion from 'size_t' to 'int', possible loss of data [C:\Users\Rongxing\Desktop\ETH\CG\nori\build\ext_build\src\OpenEXR_p-build\IlmImf\IlmImf.vcxproj]
C:\Users\Rongxing\Desktop\ETH\CG\nori\build\ext_build\src\OpenEXR_p\IlmImf\ImfMisc.cpp(1367,69): warning C4267: 'argument': conversion from 'size_t' to 'int', possible loss of data [C:\Users\Rongxing\Desktop\ETH\CG\nori\build\ext_build\src\OpenEXR_p-build\IlmImf\IlmImf.vcxproj]
C:\Users\Rongxing\Desktop\ETH\CG\nori\build\ext_build\src\OpenEXR_p\IlmImf\ImfMisc.cpp(1557,36): warning C4244: 'argument': conversion from 'ptrdiff_t' to 'int', possible loss of data [C:\Users\Rongxing\Desktop\ETH\CG\nori\build\ext_build\src\OpenEXR_p-build\IlmImf\IlmImf.vcxproj]
C:\Users\Rongxing\Desktop\ETH\CG\nori\build\ext_build\src\OpenEXR_p\IlmImf\ImfMisc.cpp(1556,36): warning C4244: 'argument': conversion from 'ptrdiff_t' to 'int', possible loss of data [C:\Users\Rongxing\Desktop\ETH\CG\nori\build\ext_build\src\OpenEXR_p-build\IlmImf\IlmImf.vcxproj]
C:\Users\Rongxing\Desktop\ETH\CG\nori\build\ext_build\src\OpenEXR_p\IlmImf\ImfMisc.cpp(1578,36): warning C4244: 'argument': conversion from 'ptrdiff_t' to 'int', possible loss of data [C:\Users\Rongxing\Desktop\ETH\CG\nori\build\ext_build\src\OpenEXR_p-build\IlmImf\IlmImf.vcxproj]
C:\Users\Rongxing\Desktop\ETH\CG\nori\build\ext_build\src\OpenEXR_p\IlmImf\ImfMisc.cpp(1577,36): warning C4244: 'argument': conversion from 'ptrdiff_t' to 'int', possible loss of data [C:\Users\Rongxing\Desktop\ETH\CG\nori\build\ext_build\src\OpenEXR_p-build\IlmImf\IlmImf.vcxproj]
C:\Users\Rongxing\Desktop\ETH\CG\nori\build\ext_build\src\OpenEXR_p\IlmImf\ImfMisc.cpp(1598,36): warning C4244: 'argument': conversion from 'ptrdiff_t' to 'int', possible loss of data [C:\Users\Rongxing\Desktop\ETH\CG\nori\build\ext_build\src\OpenEXR_p-build\IlmImf\IlmImf.vcxproj]
C:\Users\Rongxing\Desktop\ETH\CG\nori\build\ext_build\src\OpenEXR_p\IlmImf\ImfMisc.cpp(1597,36): warning C4244: 'argument': conversion from 'ptrdiff_t' to 'int', possible loss of data [C:\Users\Rongxing\Desktop\ETH\CG\nori\build\ext_build\src\OpenEXR_p-build\IlmImf\IlmImf.vcxproj]
C:\Users\Rongxing\Desktop\ETH\CG\nori\build\ext_build\src\OpenEXR_p\IlmImf\ImfMisc.cpp(1632,36): warning C4244: 'argument': conversion from 'ptrdiff_t' to 'int', possible loss of data [C:\Users\Rongxing\Desktop\ETH\CG\nori\build\ext_build\src\OpenEXR_p-build\IlmImf\IlmImf.vcxproj]
C:\Users\Rongxing\Desktop\ETH\CG\nori\build\ext_build\src\OpenEXR_p\IlmImf\ImfMisc.cpp(1631,36): warning C4244: 'argument': conversion from 'ptrdiff_t' to 'int', possible loss of data [C:\Users\Rongxing\Desktop\ETH\CG\nori\build\ext_build\src\OpenEXR_p-build\IlmImf\IlmImf.vcxproj]
C:\Users\Rongxing\Desktop\ETH\CG\nori\build\ext_build\src\OpenEXR_p\IlmImf\ImfMisc.cpp(1655,36): warning C4244: 'argument': conversion from 'ptrdiff_t' to 'int', possible loss of data [C:\Users\Rongxing\Desktop\ETH\CG\nori\build\ext_build\src\OpenEXR_p-build\IlmImf\IlmImf.vcxproj]
C:\Users\Rongxing\Desktop\ETH\CG\nori\build\ext_build\src\OpenEXR_p\IlmImf\ImfMisc.cpp(1654,36): warning C4244: 'argument': conversion from 'ptrdiff_t' to 'int', possible loss of data [C:\Users\Rongxing\Desktop\ETH\CG\nori\build\ext_build\src\OpenEXR_p-build\IlmImf\IlmImf.vcxproj]
C:\Users\Rongxing\Desktop\ETH\CG\nori\build\ext_build\src\OpenEXR_p\IlmImf\ImfMisc.cpp(1676,36): warning C4244: 'argument': conversion from 'ptrdiff_t' to 'int', possible loss of data [C:\Users\Rongxing\Desktop\ETH\CG\nori\build\ext_build\src\OpenEXR_p-build\IlmImf\IlmImf.vcxproj]
C:\Users\Rongxing\Desktop\ETH\CG\nori\build\ext_build\src\OpenEXR_p\IlmImf\ImfMisc.cpp(1675,36): warning C4244: 'argument': conversion from 'ptrdiff_t' to 'int', possible loss of data [C:\Users\Rongxing\Desktop\ETH\CG\nori\build\ext_build\src\OpenEXR_p-build\IlmImf\IlmImf.vcxproj]
    ImfCompressionAttribute.cpp
    ImfDoubleAttribute.cpp
    ImfConvert.cpp
    ImfPreviewImage.cpp
    ImfPreviewImageAttribute.cpp
    ImfVersion.cpp
    ImfChromaticities.cpp
    ImfChromaticitiesAttribute.cpp
    ImfKeyCode.cpp
    ImfKeyCodeAttribute.cpp
    ImfTimeCode.cpp
    Generating Code...
    Compiling...
    ImfTimeCodeAttribute.cpp
    ImfRational.cpp
    ImfRationalAttribute.cpp
    ImfFramesPerSecond.cpp
    ImfStandardAttributes.cpp
C:\Users\Rongxing\Desktop\ETH\CG\nori\build\ext_build\src\OpenEXR_p\IlmImf\ImfName.h(104,5): warning C4996: 'strncpy': This function or variable may be unsafe. Consider using strncpy_s instead. To disable deprecation, use _CRT_SECURE_NO_WARNINGS. See online help for details. [C:\Users\Rongxing\Desktop\ETH\CG\nori\build\ext_build\src\OpenEXR_p-build\IlmImf\IlmImf.vcxproj]
    ImfStdIO.cpp
    ImfEnvmap.cpp
    ImfEnvmapAttribute.cpp
    ImfScanLineInputFile.cpp
C:\Users\Rongxing\Desktop\ETH\CG\nori\build\ext_build\src\OpenEXR_p\IlmImf\ImfName.h(104,5): warning C4996: 'strncpy': This function or variable may be unsafe. Consider using strncpy_s instead. To disable deprecation, use _CRT_SECURE_NO_WARNINGS. See online help for details. [C:\Users\Rongxing\Desktop\ETH\CG\nori\build\ext_build\src\OpenEXR_p-build\IlmImf\IlmImf.vcxproj]
C:\Users\Rongxing\Desktop\ETH\CG\nori\build\ext_build\src\OpenEXR_p\IlmImf\ImfOptimizedPixelReading.h(73,58): warning C4311: 'type cast': pointer truncation from 'const void *__restrict ' to 'unsigned long' [C:\Users\Rongxing\Desktop\ETH\CG\nori\build\ext_build\src\OpenEXR_p-build\IlmImf\IlmImf.vcxproj]
C:\Users\Rongxing\Desktop\ETH\CG\nori\build\ext_build\src\OpenEXR_p\IlmImf\ImfOptimizedPixelReading.h(73,58): warning C4302: 'type cast': truncation from 'const void *__restrict ' to 'unsigned long' [C:\Users\Rongxing\Desktop\ETH\CG\nori\build\ext_build\src\OpenEXR_p-build\IlmImf\IlmImf.vcxproj]
C:\Users\Rongxing\Desktop\ETH\CG\nori\build\ext_build\src\OpenEXR_p\IlmImf\ImfScanLineInputFile.cpp(1467,40): warning C4244: 'argument': conversion from 'const double' to 'float', possible loss of data [C:\Users\Rongxing\Desktop\ETH\CG\nori\build\ext_build\src\OpenEXR_p-build\IlmImf\IlmImf.vcxproj]
    ImfTiledInputFile.cpp
C:\Users\Rongxing\Desktop\ETH\CG\nori\build\ext_build\src\OpenEXR_p\IlmImf\ImfName.h(104,5): warning C4996: 'strncpy': This function or variable may be unsafe. Consider using strncpy_s instead. To disable deprecation, use _CRT_SECURE_NO_WARNINGS. See online help for details. [C:\Users\Rongxing\Desktop\ETH\CG\nori\build\ext_build\src\OpenEXR_p-build\IlmImf\IlmImf.vcxproj]
C:\Users\Rongxing\Desktop\ETH\CG\nori\build\ext_build\src\OpenEXR_p\IlmImf\ImfTiledInputFile.cpp(523,63): warning C4267: 'initializing': conversion from 'size_t' to 'int', possible loss of data [C:\Users\Rongxing\Desktop\ETH\CG\nori\build\ext_build\src\OpenEXR_p-build\IlmImf\IlmImf.vcxproj]
    ImfTiledMisc.cpp
C:\Users\Rongxing\Desktop\ETH\CG\nori\build\ext_build\src\OpenEXR_p\IlmImf\ImfName.h(104,5): warning C4996: 'strncpy': This function or variable may be unsafe. Consider using strncpy_s instead. To disable deprecation, use _CRT_SECURE_NO_WARNINGS. See online help for details. [C:\Users\Rongxing\Desktop\ETH\CG\nori\build\ext_build\src\OpenEXR_p-build\IlmImf\IlmImf.vcxproj]
    ImfTiledOutputFile.cpp
C:\Users\Rongxing\Desktop\ETH\CG\nori\build\ext_build\src\OpenEXR_p\IlmImf\ImfName.h(104,5): warning C4996: 'strncpy': This function or variable may be unsafe. Consider using strncpy_s instead. To disable deprecation, use _CRT_SECURE_NO_WARNINGS. See online help for details. [C:\Users\Rongxing\Desktop\ETH\CG\nori\build\ext_build\src\OpenEXR_p-build\IlmImf\IlmImf.vcxproj]
C:\Users\Rongxing\Desktop\ETH\CG\nori\build\ext_build\src\OpenEXR_p\IlmImf\ImfTiledOutputFile.cpp(804,42): warning C4244: '=': conversion from '__int64' to 'int', possible loss of data [C:\Users\Rongxing\Desktop\ETH\CG\nori\build\ext_build\src\OpenEXR_p-build\IlmImf\IlmImf.vcxproj]
C:\Users\Rongxing\Desktop\ETH\CG\nori\build\ext_build\src\OpenEXR_p\IlmImf\ImfTiledOutputFile.cpp(1037,72): warning C4267: 'argument': conversion from 'size_t' to 'long', possible loss of data [C:\Users\Rongxing\Desktop\ETH\CG\nori\build\ext_build\src\OpenEXR_p-build\IlmImf\IlmImf.vcxproj]
    ImfTiledRgbaFile.cpp
C:\Users\Rongxing\Desktop\ETH\CG\nori\build\ext_build\src\OpenEXR_p\IlmImf\ImfName.h(104,5): warning C4996: 'strncpy': This function or variable may be unsafe. Consider using strncpy_s instead. To disable deprecation, use _CRT_SECURE_NO_WARNINGS. See online help for details. [C:\Users\Rongxing\Desktop\ETH\CG\nori\build\ext_build\src\OpenEXR_p-build\IlmImf\IlmImf.vcxproj]
    ImfTileDescriptionAttribute.cpp
    ImfTileOffsets.cpp
C:\Users\Rongxing\Desktop\ETH\CG\nori\build\ext_build\src\OpenEXR_p\IlmImf\ImfTileOffsets.cpp(154,91): warning C4244: 'argument': conversion from 'Imath::Int64' to 'int', possible loss of data [C:\Users\Rongxing\Desktop\ETH\CG\nori\build\ext_build\src\OpenEXR_p-build\IlmImf\IlmImf.vcxproj]
    ImfRgbaYca.cpp
    ImfPxr24Compressor.cpp
C:\Users\Rongxing\Desktop\ETH\CG\nori\build\ext_build\src\OpenEXR_p\IlmImf\ImfName.h(104,5): warning C4996: 'strncpy': This function or variable may be unsafe. Consider using strncpy_s instead. To disable deprecation, use _CRT_SECURE_NO_WARNINGS. See online help for details. [C:\Users\Rongxing\Desktop\ETH\CG\nori\build\ext_build\src\OpenEXR_p-build\IlmImf\IlmImf.vcxproj]
C:\Users\Rongxing\Desktop\ETH\CG\nori\build\ext_build\src\OpenEXR_p\IlmImf\ImfPxr24Compressor.cpp(192,1): warning C4267: 'initializing': conversion from 'size_t' to 'int', possible loss of data [C:\Users\Rongxing\Desktop\ETH\CG\nori\build\ext_build\src\OpenEXR_p-build\IlmImf\IlmImf.vcxproj]
C:\Users\Rongxing\Desktop\ETH\CG\nori\build\ext_build\src\OpenEXR_p\IlmImf\ImfPxr24Compressor.cpp(405,21): warning C4244: 'argument': conversion from '__int64' to 'uLong', possible loss of data [C:\Users\Rongxing\Desktop\ETH\CG\nori\build\ext_build\src\OpenEXR_p-build\IlmImf\IlmImf.vcxproj]
C:\Users\Rongxing\Desktop\ETH\CG\nori\build\ext_build\src\OpenEXR_p\IlmImf\ImfPxr24Compressor.cpp(550,21): warning C4244: 'return': conversion from '__int64' to 'int', possible loss of data [C:\Users\Rongxing\Desktop\ETH\CG\nori\build\ext_build\src\OpenEXR_p-build\IlmImf\IlmImf.vcxproj]
    ImfTestFile.cpp
    ImfStringVectorAttribute.cpp
C:\Users\Rongxing\Desktop\ETH\CG\nori\build\ext_build\src\OpenEXR_p\IlmImf\ImfStringVectorAttribute.cpp(62,1): warning C4267: 'initializing': conversion from 'size_t' to 'int', possible loss of data [C:\Users\Rongxing\Desktop\ETH\CG\nori\build\ext_build\src\OpenEXR_p-build\IlmImf\IlmImf.vcxproj]
C:\Users\Rongxing\Desktop\ETH\CG\nori\build\ext_build\src\OpenEXR_p\IlmImf\ImfStringVectorAttribute.cpp(66,1): warning C4267: 'initializing': conversion from 'size_t' to 'int', possible loss of data [C:\Users\Rongxing\Desktop\ETH\CG\nori\build\ext_build\src\OpenEXR_p-build\IlmImf\IlmImf.vcxproj]
    ImfMultiView.cpp
C:\Users\Rongxing\Desktop\ETH\CG\nori\build\ext_build\src\OpenEXR_p\IlmImf\ImfName.h(104,5): warning C4996: 'strncpy': This function or variable may be unsafe. Consider using strncpy_s instead. To disable deprecation, use _CRT_SECURE_NO_WARNINGS. See online help for details. [C:\Users\Rongxing\Desktop\ETH\CG\nori\build\ext_build\src\OpenEXR_p-build\IlmImf\IlmImf.vcxproj]
C:\Users\Rongxing\Desktop\ETH\CG\nori\build\ext_build\src\OpenEXR_p\IlmImf\ImfMultiView.cpp(109,14): warning C4267: 'return': conversion from 'size_t' to 'int', possible loss of data [C:\Users\Rongxing\Desktop\ETH\CG\nori\build\ext_build\src\OpenEXR_p-build\IlmImf\IlmImf.vcxproj]
    Generating Code...
    Compiling...
    ImfAcesFile.cpp
C:\Users\Rongxing\Desktop\ETH\CG\nori\build\ext_build\src\OpenEXR_p\IlmImf\ImfName.h(104,5): warning C4996: 'strncpy': This function or variable may be unsafe. Consider using strncpy_s instead. To disable deprecation, use _CRT_SECURE_NO_WARNINGS. See online help for details. [C:\Users\Rongxing\Desktop\ETH\CG\nori\build\ext_build\src\OpenEXR_p-build\IlmImf\IlmImf.vcxproj]
C:\Users\Rongxing\Desktop\ETH\CG\nori\build\ext_build\src\OpenEXR_p\IlmImf\ImfAcesFile.cpp(58,11): warning C4305: 'argument': truncation from 'double' to 'T' [C:\Users\Rongxing\Desktop\ETH\CG\nori\build\ext_build\src\OpenEXR_p-build\IlmImf\IlmImf.vcxproj]
            with
            [
                T=float
            ]
C:\Users\Rongxing\Desktop\ETH\CG\nori\build\ext_build\src\OpenEXR_p\IlmImf\ImfAcesFile.cpp(426,48): warning C4305: 'argument': truncation from 'double' to 'T' [C:\Users\Rongxing\Desktop\ETH\CG\nori\build\ext_build\src\OpenEXR_p-build\IlmImf\IlmImf.vcxproj]
            with
            [
                T=float
            ]
C:\Users\Rongxing\Desktop\ETH\CG\nori\build\ext_build\src\OpenEXR_p\IlmImf\ImfAcesFile.cpp(432,48): warning C4305: 'argument': truncation from 'double' to 'T' [C:\Users\Rongxing\Desktop\ETH\CG\nori\build\ext_build\src\OpenEXR_p-build\IlmImf\IlmImf.vcxproj]
            with
            [
                T=float
            ]
    ImfMultiPartOutputFile.cpp
C:\Users\Rongxing\Desktop\ETH\CG\nori\build\ext_build\src\OpenEXR_p\IlmImf\ImfName.h(104,5): warning C4996: 'strncpy': This function or variable may be unsafe. Consider using strncpy_s instead. To disable deprecation, use _CRT_SECURE_NO_WARNINGS. See online help for details. [C:\Users\Rongxing\Desktop\ETH\CG\nori\build\ext_build\src\OpenEXR_p-build\IlmImf\IlmImf.vcxproj]
C:\Users\Rongxing\Desktop\ETH\CG\nori\build\ext_build\src\OpenEXR_p\IlmImf\ImfMultiPartOutputFile.cpp(221,108): warning C4267: 'argument': conversion from 'size_t' to 'int', possible loss of data [C:\Users\Rongxing\Desktop\ETH\CG\nori\build\ext_build\src\OpenEXR_p-build\IlmImf\IlmImf.vcxproj]
C:\Users\Rongxing\Desktop\ETH\CG\nori\build\ext_build\src\OpenEXR_p\IlmImf\ImfMultiPartOutputFile.cpp(223,95): warning C4267: 'argument': conversion from 'size_t' to 'int', possible loss of data [C:\Users\Rongxing\Desktop\ETH\CG\nori\build\ext_build\src\OpenEXR_p-build\IlmImf\IlmImf.vcxproj]
C:\Users\Rongxing\Desktop\ETH\CG\nori\build\ext_build\src\OpenEXR_p\IlmImf\ImfMultiPartOutputFile.cpp(267,108): warning C4267: 'argument': conversion from 'size_t' to 'int', possible loss of data [C:\Users\Rongxing\Desktop\ETH\CG\nori\build\ext_build\src\OpenEXR_p-build\IlmImf\IlmImf.vcxproj]
C:\Users\Rongxing\Desktop\ETH\CG\nori\build\ext_build\src\OpenEXR_p\IlmImf\ImfMultiPartOutputFile.cpp(269,95): warning C4267: 'argument': conversion from 'size_t' to 'int', possible loss of data [C:\Users\Rongxing\Desktop\ETH\CG\nori\build\ext_build\src\OpenEXR_p-build\IlmImf\IlmImf.vcxproj]
C:\Users\Rongxing\Desktop\ETH\CG\nori\build\ext_build\src\OpenEXR_p\IlmImf\ImfMultiPartOutputFile.cpp(302,33): warning C4267: 'return': conversion from 'size_t' to 'int', possible loss of data [C:\Users\Rongxing\Desktop\ETH\CG\nori\build\ext_build\src\OpenEXR_p-build\IlmImf\IlmImf.vcxproj]
    ImfGenericOutputFile.cpp
C:\Users\Rongxing\Desktop\ETH\CG\nori\build\ext_build\src\OpenEXR_p\IlmImf\ImfName.h(104,5): warning C4996: 'strncpy': This function or variable may be unsafe. Consider using strncpy_s instead. To disable deprecation, use _CRT_SECURE_NO_WARNINGS. See online help for details. [C:\Users\Rongxing\Desktop\ETH\CG\nori\build\ext_build\src\OpenEXR_p-build\IlmImf\IlmImf.vcxproj]
    ImfOutputPartData.cpp
C:\Users\Rongxing\Desktop\ETH\CG\nori\build\ext_build\src\OpenEXR_p\IlmImf\ImfName.h(104,5): warning C4996: 'strncpy': This function or variable may be unsafe. Consider using strncpy_s instead. To disable deprecation, use _CRT_SECURE_NO_WARNINGS. See online help for details. [C:\Users\Rongxing\Desktop\ETH\CG\nori\build\ext_build\src\OpenEXR_p-build\IlmImf\IlmImf.vcxproj]
    ImfMultiPartInputFile.cpp
C:\Users\Rongxing\Desktop\ETH\CG\nori\build\ext_build\src\OpenEXR_p\IlmImf\ImfName.h(104,5): warning C4996: 'strncpy': This function or variable may be unsafe. Consider using strncpy_s instead. To disable deprecation, use _CRT_SECURE_NO_WARNINGS. See online help for details. [C:\Users\Rongxing\Desktop\ETH\CG\nori\build\ext_build\src\OpenEXR_p-build\IlmImf\IlmImf.vcxproj]
C:\Users\Rongxing\Desktop\ETH\CG\nori\build\ext_build\src\OpenEXR_p\IlmImf\ImfMultiPartInputFile.cpp(427,99): warning C4267: 'argument': conversion from 'size_t' to 'int', possible loss of data [C:\Users\Rongxing\Desktop\ETH\CG\nori\build\ext_build\src\OpenEXR_p-build\IlmImf\IlmImf.vcxproj]
    ImfGenericInputFile.cpp
C:\Users\Rongxing\Desktop\ETH\CG\nori\build\ext_build\src\OpenEXR_p\IlmImf\ImfName.h(104,5): warning C4996: 'strncpy': This function or variable may be unsafe. Consider using strncpy_s instead. To disable deprecation, use _CRT_SECURE_NO_WARNINGS. See online help for details. [C:\Users\Rongxing\Desktop\ETH\CG\nori\build\ext_build\src\OpenEXR_p-build\IlmImf\IlmImf.vcxproj]
    ImfPartType.cpp
    ImfInputPartData.cpp
C:\Users\Rongxing\Desktop\ETH\CG\nori\build\ext_build\src\OpenEXR_p\IlmImf\ImfName.h(104,5): warning C4996: 'strncpy': This function or variable may be unsafe. Consider using strncpy_s instead. To disable deprecation, use _CRT_SECURE_NO_WARNINGS. See online help for details. [C:\Users\Rongxing\Desktop\ETH\CG\nori\build\ext_build\src\OpenEXR_p-build\IlmImf\IlmImf.vcxproj]
    ImfOutputPart.cpp
C:\Users\Rongxing\Desktop\ETH\CG\nori\build\ext_build\src\OpenEXR_p\IlmImf\ImfName.h(104,5): warning C4996: 'strncpy': This function or variable may be unsafe. Consider using strncpy_s instead. To disable deprecation, use _CRT_SECURE_NO_WARNINGS. See online help for details. [C:\Users\Rongxing\Desktop\ETH\CG\nori\build\ext_build\src\OpenEXR_p-build\IlmImf\IlmImf.vcxproj]
    ImfTiledOutputPart.cpp
C:\Users\Rongxing\Desktop\ETH\CG\nori\build\ext_build\src\OpenEXR_p\IlmImf\ImfName.h(104,5): warning C4996: 'strncpy': This function or variable may be unsafe. Consider using strncpy_s instead. To disable deprecation, use _CRT_SECURE_NO_WARNINGS. See online help for details. [C:\Users\Rongxing\Desktop\ETH\CG\nori\build\ext_build\src\OpenEXR_p-build\IlmImf\IlmImf.vcxproj]
    ImfInputPart.cpp
C:\Users\Rongxing\Desktop\ETH\CG\nori\build\ext_build\src\OpenEXR_p\IlmImf\ImfName.h(104,5): warning C4996: 'strncpy': This function or variable may be unsafe. Consider using strncpy_s instead. To disable deprecation, use _CRT_SECURE_NO_WARNINGS. See online help for details. [C:\Users\Rongxing\Desktop\ETH\CG\nori\build\ext_build\src\OpenEXR_p-build\IlmImf\IlmImf.vcxproj]
    ImfTiledInputPart.cpp
C:\Users\Rongxing\Desktop\ETH\CG\nori\build\ext_build\src\OpenEXR_p\IlmImf\ImfName.h(104,5): warning C4996: 'strncpy': This function or variable may be unsafe. Consider using strncpy_s instead. To disable deprecation, use _CRT_SECURE_NO_WARNINGS. See online help for details. [C:\Users\Rongxing\Desktop\ETH\CG\nori\build\ext_build\src\OpenEXR_p-build\IlmImf\IlmImf.vcxproj]
    ImfDeepScanLineInputPart.cpp
C:\Users\Rongxing\Desktop\ETH\CG\nori\build\ext_build\src\OpenEXR_p\IlmImf\ImfName.h(104,5): warning C4996: 'strncpy': This function or variable may be unsafe. Consider using strncpy_s instead. To disable deprecation, use _CRT_SECURE_NO_WARNINGS. See online help for details. [C:\Users\Rongxing\Desktop\ETH\CG\nori\build\ext_build\src\OpenEXR_p-build\IlmImf\IlmImf.vcxproj]
    ImfDeepScanLineOutputPart.cpp
C:\Users\Rongxing\Desktop\ETH\CG\nori\build\ext_build\src\OpenEXR_p\IlmImf\ImfName.h(104,5): warning C4996: 'strncpy': This function or variable may be unsafe. Consider using strncpy_s instead. To disable deprecation, use _CRT_SECURE_NO_WARNINGS. See online help for details. [C:\Users\Rongxing\Desktop\ETH\CG\nori\build\ext_build\src\OpenEXR_p-build\IlmImf\IlmImf.vcxproj]
    ImfDeepScanLineInputFile.cpp
C:\Users\Rongxing\Desktop\ETH\CG\nori\build\ext_build\src\OpenEXR_p\IlmImf\ImfName.h(104,5): warning C4996: 'strncpy': This function or variable may be unsafe. Consider using strncpy_s instead. To disable deprecation, use _CRT_SECURE_NO_WARNINGS. See online help for details. [C:\Users\Rongxing\Desktop\ETH\CG\nori\build\ext_build\src\OpenEXR_p-build\IlmImf\IlmImf.vcxproj]
C:\Users\Rongxing\Desktop\ETH\CG\nori\build\ext_build\src\OpenEXR_p\IlmImf\ImfDeepScanLineInputFile.cpp(343,66): warning C4244: 'argument': conversion from 'Imath::Int64' to 'int', possible loss of data [C:\Users\Rongxing\Desktop\ETH\CG\nori\build\ext_build\src\OpenEXR_p-build\IlmImf\IlmImf.vcxproj]
C:\Users\Rongxing\Desktop\ETH\CG\nori\build\ext_build\src\OpenEXR_p\IlmImf\ImfDeepScanLineInputFile.cpp(504,44): warning C4244: 'argument': conversion from 'Imath::Int64' to 'int', possible loss of data [C:\Users\Rongxing\Desktop\ETH\CG\nori\build\ext_build\src\OpenEXR_p-build\IlmImf\IlmImf.vcxproj]
C:\Users\Rongxing\Desktop\ETH\CG\nori\build\ext_build\src\OpenEXR_p\IlmImf\ImfDeepScanLineInputFile.cpp(511,52): warning C4244: 'argument': conversion from 'Imath::Int64' to 'int', possible loss of data [C:\Users\Rongxing\Desktop\ETH\CG\nori\build\ext_build\src\OpenEXR_p-build\IlmImf\IlmImf.vcxproj]
C:\Users\Rongxing\Desktop\ETH\CG\nori\build\ext_build\src\OpenEXR_p\IlmImf\ImfDeepScanLineInputFile.cpp(518,39): warning C4244: 'argument': conversion from 'Imath::Int64' to 'int', possible loss of data [C:\Users\Rongxing\Desktop\ETH\CG\nori\build\ext_build\src\OpenEXR_p-build\IlmImf\IlmImf.vcxproj]
C:\Users\Rongxing\Desktop\ETH\CG\nori\build\ext_build\src\OpenEXR_p\IlmImf\ImfDeepScanLineInputFile.cpp(635,54): warning C4244: 'argument': conversion from 'Imath::Int64' to 'int', possible loss of data [C:\Users\Rongxing\Desktop\ETH\CG\nori\build\ext_build\src\OpenEXR_p-build\IlmImf\IlmImf.vcxproj]
C:\Users\Rongxing\Desktop\ETH\CG\nori\build\ext_build\src\OpenEXR_p\IlmImf\ImfDeepScanLineInputFile.cpp(1148,61): warning C4267: '=': conversion from 'size_t' to 'int', possible loss of data [C:\Users\Rongxing\Desktop\ETH\CG\nori\build\ext_build\src\OpenEXR_p-build\IlmImf\IlmImf.vcxproj]
C:\Users\Rongxing\Desktop\ETH\CG\nori\build\ext_build\src\OpenEXR_p\IlmImf\ImfDeepScanLineInputFile.cpp(1149,61): warning C4267: '=': conversion from 'size_t' to 'int', possible loss of data [C:\Users\Rongxing\Desktop\ETH\CG\nori\build\ext_build\src\OpenEXR_p-build\IlmImf\IlmImf.vcxproj]
C:\Users\Rongxing\Desktop\ETH\CG\nori\build\ext_build\src\OpenEXR_p\IlmImf\ImfDeepScanLineInputFile.cpp(1471,68): warning C4244: 'argument': conversion from 'Imath::Int64' to 'int', possible loss of data [C:\Users\Rongxing\Desktop\ETH\CG\nori\build\ext_build\src\OpenEXR_p-build\IlmImf\IlmImf.vcxproj]
C:\Users\Rongxing\Desktop\ETH\CG\nori\build\ext_build\src\OpenEXR_p\IlmImf\ImfDeepScanLineInputFile.cpp(1515,28): warning C4244: 'argument': conversion from 'Imath::Int64' to 'int', possible loss of data [C:\Users\Rongxing\Desktop\ETH\CG\nori\build\ext_build\src\OpenEXR_p-build\IlmImf\IlmImf.vcxproj]
C:\Users\Rongxing\Desktop\ETH\CG\nori\build\ext_build\src\OpenEXR_p\IlmImf\ImfDeepScanLineInputFile.cpp(1549,72): warning C4267: 'initializing': conversion from 'size_t' to 'int', possible loss of data [C:\Users\Rongxing\Desktop\ETH\CG\nori\build\ext_build\src\OpenEXR_p-build\IlmImf\IlmImf.vcxproj]
C:\Users\Rongxing\Desktop\ETH\CG\nori\build\ext_build\src\OpenEXR_p\IlmImf\ImfDeepScanLineInputFile.cpp(1550,72): warning C4267: 'initializing': conversion from 'size_t' to 'int', possible loss of data [C:\Users\Rongxing\Desktop\ETH\CG\nori\build\ext_build\src\OpenEXR_p-build\IlmImf\IlmImf.vcxproj]
C:\Users\Rongxing\Desktop\ETH\CG\nori\build\ext_build\src\OpenEXR_p\IlmImf\ImfDeepScanLineInputFile.cpp(1720,48): warning C4244: 'argument': conversion from 'Imath::Int64' to 'int', possible loss of data [C:\Users\Rongxing\Desktop\ETH\CG\nori\build\ext_build\src\OpenEXR_p-build\IlmImf\IlmImf.vcxproj]
C:\Users\Rongxing\Desktop\ETH\CG\nori\build\ext_build\src\OpenEXR_p\IlmImf\ImfDeepScanLineInputFile.cpp(1727,60): warning C4267: 'initializing': conversion from 'size_t' to 'int', possible loss of data [C:\Users\Rongxing\Desktop\ETH\CG\nori\build\ext_build\src\OpenEXR_p-build\IlmImf\IlmImf.vcxproj]
C:\Users\Rongxing\Desktop\ETH\CG\nori\build\ext_build\src\OpenEXR_p\IlmImf\ImfDeepScanLineInputFile.cpp(1728,60): warning C4267: 'initializing': conversion from 'size_t' to 'int', possible loss of data [C:\Users\Rongxing\Desktop\ETH\CG\nori\build\ext_build\src\OpenEXR_p-build\IlmImf\IlmImf.vcxproj]
C:\Users\Rongxing\Desktop\ETH\CG\nori\build\ext_build\src\OpenEXR_p\IlmImf\ImfDeepScanLineInputFile.cpp(1833,56): warning C4244: 'argument': conversion from 'Imath::Int64' to 'int', possible loss of data [C:\Users\Rongxing\Desktop\ETH\CG\nori\build\ext_build\src\OpenEXR_p-build\IlmImf\IlmImf.vcxproj]
C:\Users\Rongxing\Desktop\ETH\CG\nori\build\ext_build\src\OpenEXR_p\IlmImf\ImfDeepScanLineInputFile.cpp(1849,48): warning C4244: 'argument': conversion from 'Imath::Int64' to 'int', possible loss of data [C:\Users\Rongxing\Desktop\ETH\CG\nori\build\ext_build\src\OpenEXR_p-build\IlmImf\IlmImf.vcxproj]
    ImfDeepScanLineOutputFile.cpp
C:\Users\Rongxing\Desktop\ETH\CG\nori\build\ext_build\src\OpenEXR_p\IlmImf\ImfName.h(104,5): warning C4996: 'strncpy': This function or variable may be unsafe. Consider using strncpy_s instead. To disable deprecation, use _CRT_SECURE_NO_WARNINGS. See online help for details. [C:\Users\Rongxing\Desktop\ETH\CG\nori\build\ext_build\src\OpenEXR_p-build\IlmImf\IlmImf.vcxproj]
C:\Users\Rongxing\Desktop\ETH\CG\nori\build\ext_build\src\OpenEXR_p\IlmImf\ImfDeepScanLineOutputFile.cpp(378,48): warning C4244: 'argument': conversion from 'Imath::Int64' to 'int', possible loss of data [C:\Users\Rongxing\Desktop\ETH\CG\nori\build\ext_build\src\OpenEXR_p-build\IlmImf\IlmImf.vcxproj]
C:\Users\Rongxing\Desktop\ETH\CG\nori\build\ext_build\src\OpenEXR_p\IlmImf\ImfDeepScanLineOutputFile.cpp(384,37): warning C4244: 'argument': conversion from 'Imath::Int64' to 'int', possible loss of data [C:\Users\Rongxing\Desktop\ETH\CG\nori\build\ext_build\src\OpenEXR_p-build\IlmImf\IlmImf.vcxproj]
C:\Users\Rongxing\Desktop\ETH\CG\nori\build\ext_build\src\OpenEXR_p\IlmImf\ImfDeepScanLineOutputFile.cpp(605,63): warning C4267: 'argument': conversion from 'size_t' to 'long', possible loss of data [C:\Users\Rongxing\Desktop\ETH\CG\nori\build\ext_build\src\OpenEXR_p-build\IlmImf\IlmImf.vcxproj]
C:\Users\Rongxing\Desktop\ETH\CG\nori\build\ext_build\src\OpenEXR_p\IlmImf\ImfDeepScanLineOutputFile.cpp(696,52): warning C4244: 'argument': conversion from 'Imath::Int64' to 'long', possible loss of data [C:\Users\Rongxing\Desktop\ETH\CG\nori\build\ext_build\src\OpenEXR_p-build\IlmImf\IlmImf.vcxproj]
C:\Users\Rongxing\Desktop\ETH\CG\nori\build\ext_build\src\OpenEXR_p\IlmImf\ImfDeepScanLineOutputFile.cpp(734,55): warning C4244: 'argument': conversion from 'Imath::Int64' to 'int', possible loss of data [C:\Users\Rongxing\Desktop\ETH\CG\nori\build\ext_build\src\OpenEXR_p-build\IlmImf\IlmImf.vcxproj]
C:\Users\Rongxing\Desktop\ETH\CG\nori\build\ext_build\src\OpenEXR_p\IlmImf\ImfDeepScanLineOutputFile.cpp(768,61): warning C4244: 'argument': conversion from 'Imath::Int64' to 'int', possible loss of data [C:\Users\Rongxing\Desktop\ETH\CG\nori\build\ext_build\src\OpenEXR_p-build\IlmImf\IlmImf.vcxproj]
C:\Users\Rongxing\Desktop\ETH\CG\nori\build\ext_build\src\OpenEXR_p\IlmImf\ImfDeepScanLineOutputFile.cpp(786,61): warning C4244: 'argument': conversion from 'Imath::Int64' to 'int', possible loss of data [C:\Users\Rongxing\Desktop\ETH\CG\nori\build\ext_build\src\OpenEXR_p-build\IlmImf\IlmImf.vcxproj]
C:\Users\Rongxing\Desktop\ETH\CG\nori\build\ext_build\src\OpenEXR_p\IlmImf\ImfDeepScanLineOutputFile.cpp(974,72): warning C4244: 'argument': conversion from 'Imath::Int64' to 'long', possible loss of data [C:\Users\Rongxing\Desktop\ETH\CG\nori\build\ext_build\src\OpenEXR_p-build\IlmImf\IlmImf.vcxproj]
C:\Users\Rongxing\Desktop\ETH\CG\nori\build\ext_build\src\OpenEXR_p\IlmImf\ImfDeepScanLineOutputFile.cpp(1096,61): warning C4267: '=': conversion from 'size_t' to 'int', possible loss of data [C:\Users\Rongxing\Desktop\ETH\CG\nori\build\ext_build\src\OpenEXR_p-build\IlmImf\IlmImf.vcxproj]
C:\Users\Rongxing\Desktop\ETH\CG\nori\build\ext_build\src\OpenEXR_p\IlmImf\ImfDeepScanLineOutputFile.cpp(1097,61): warning C4267: '=': conversion from 'size_t' to 'int', possible loss of data [C:\Users\Rongxing\Desktop\ETH\CG\nori\build\ext_build\src\OpenEXR_p-build\IlmImf\IlmImf.vcxproj]
    ImfDeepTiledInputPart.cpp
C:\Users\Rongxing\Desktop\ETH\CG\nori\build\ext_build\src\OpenEXR_p\IlmImf\ImfName.h(104,5): warning C4996: 'strncpy': This function or variable may be unsafe. Consider using strncpy_s instead. To disable deprecation, use _CRT_SECURE_NO_WARNINGS. See online help for details. [C:\Users\Rongxing\Desktop\ETH\CG\nori\build\ext_build\src\OpenEXR_p-build\IlmImf\IlmImf.vcxproj]
    ImfDeepTiledOutputPart.cpp
C:\Users\Rongxing\Desktop\ETH\CG\nori\build\ext_build\src\OpenEXR_p\IlmImf\ImfName.h(104,5): warning C4996: 'strncpy': This function or variable may be unsafe. Consider using strncpy_s instead. To disable deprecation, use _CRT_SECURE_NO_WARNINGS. See online help for details. [C:\Users\Rongxing\Desktop\ETH\CG\nori\build\ext_build\src\OpenEXR_p-build\IlmImf\IlmImf.vcxproj]
    ImfDeepTiledInputFile.cpp
C:\Users\Rongxing\Desktop\ETH\CG\nori\build\ext_build\src\OpenEXR_p\IlmImf\ImfName.h(104,5): warning C4996: 'strncpy': This function or variable may be unsafe. Consider using strncpy_s instead. To disable deprecation, use _CRT_SECURE_NO_WARNINGS. See online help for details. [C:\Users\Rongxing\Desktop\ETH\CG\nori\build\ext_build\src\OpenEXR_p-build\IlmImf\IlmImf.vcxproj]
C:\Users\Rongxing\Desktop\ETH\CG\nori\build\ext_build\src\OpenEXR_p\IlmImf\ImfDeepTiledInputFile.cpp(326,24): warning C4244: 'argument': conversion from 'ptrdiff_t' to 'int', possible loss of data [C:\Users\Rongxing\Desktop\ETH\CG\nori\build\ext_build\src\OpenEXR_p-build\IlmImf\IlmImf.vcxproj]
C:\Users\Rongxing\Desktop\ETH\CG\nori\build\ext_build\src\OpenEXR_p\IlmImf\ImfDeepTiledInputFile.cpp(325,24): warning C4244: 'argument': conversion from 'ptrdiff_t' to 'int', possible loss of data [C:\Users\Rongxing\Desktop\ETH\CG\nori\build\ext_build\src\OpenEXR_p-build\IlmImf\IlmImf.vcxproj]
C:\Users\Rongxing\Desktop\ETH\CG\nori\build\ext_build\src\OpenEXR_p\IlmImf\ImfDeepTiledInputFile.cpp(418,44): warning C4244: 'argument': conversion from 'Imath::Int64' to 'int', possible loss of data [C:\Users\Rongxing\Desktop\ETH\CG\nori\build\ext_build\src\OpenEXR_p-build\IlmImf\IlmImf.vcxproj]
C:\Users\Rongxing\Desktop\ETH\CG\nori\build\ext_build\src\OpenEXR_p\IlmImf\ImfDeepTiledInputFile.cpp(438,52): warning C4244: 'argument': conversion from 'Imath::Int64' to 'int', possible loss of data [C:\Users\Rongxing\Desktop\ETH\CG\nori\build\ext_build\src\OpenEXR_p-build\IlmImf\IlmImf.vcxproj]
C:\Users\Rongxing\Desktop\ETH\CG\nori\build\ext_build\src\OpenEXR_p\IlmImf\ImfDeepTiledInputFile.cpp(445,39): warning C4244: 'argument': conversion from 'Imath::Int64' to 'int', possible loss of data [C:\Users\Rongxing\Desktop\ETH\CG\nori\build\ext_build\src\OpenEXR_p-build\IlmImf\IlmImf.vcxproj]
C:\Users\Rongxing\Desktop\ETH\CG\nori\build\ext_build\src\OpenEXR_p\IlmImf\ImfDeepTiledInputFile.cpp(493,44): warning C4244: 'argument': conversion from 'Imath::Int64' to 'int', possible loss of data [C:\Users\Rongxing\Desktop\ETH\CG\nori\build\ext_build\src\OpenEXR_p-build\IlmImf\IlmImf.vcxproj]
C:\Users\Rongxing\Desktop\ETH\CG\nori\build\ext_build\src\OpenEXR_p\IlmImf\ImfDeepTiledInputFile.cpp(499,35): warning C4244: 'argument': conversion from 'Imath::Int64' to 'int', possible loss of data [C:\Users\Rongxing\Desktop\ETH\CG\nori\build\ext_build\src\OpenEXR_p-build\IlmImf\IlmImf.vcxproj]
C:\Users\Rongxing\Desktop\ETH\CG\nori\build\ext_build\src\OpenEXR_p\IlmImf\ImfDeepTiledInputFile.cpp(631,50): warning C4244: 'argument': conversion from 'Imath::Int64' to 'int', possible loss of data [C:\Users\Rongxing\Desktop\ETH\CG\nori\build\ext_build\src\OpenEXR_p-build\IlmImf\IlmImf.vcxproj]
C:\Users\Rongxing\Desktop\ETH\CG\nori\build\ext_build\src\OpenEXR_p\IlmImf\ImfDeepTiledInputFile.cpp(1021,52): warning C4244: 'argument': conversion from 'Imath::Int64' to 'long', possible loss of data [C:\Users\Rongxing\Desktop\ETH\CG\nori\build\ext_build\src\OpenEXR_p-build\IlmImf\IlmImf.vcxproj]
C:\Users\Rongxing\Desktop\ETH\CG\nori\build\ext_build\src\OpenEXR_p\IlmImf\ImfDeepTiledInputFile.cpp(1495,69): warning C4244: 'argument': conversion from 'Imath::Int64' to 'int', possible loss of data [C:\Users\Rongxing\Desktop\ETH\CG\nori\build\ext_build\src\OpenEXR_p-build\IlmImf\IlmImf.vcxproj]
C:\Users\Rongxing\Desktop\ETH\CG\nori\build\ext_build\src\OpenEXR_p\IlmImf\ImfDeepTiledInputFile.cpp(1844,77): warning C4244: 'argument': conversion from 'Imath::Int64' to 'int', possible loss of data [C:\Users\Rongxing\Desktop\ETH\CG\nori\build\ext_build\src\OpenEXR_p-build\IlmImf\IlmImf.vcxproj]
C:\Users\Rongxing\Desktop\ETH\CG\nori\build\ext_build\src\OpenEXR_p\IlmImf\ImfDeepTiledInputFile.cpp(1855,61): warning C4244: 'argument': conversion from 'Imath::Int64' to 'int', possible loss of data [C:\Users\Rongxing\Desktop\ETH\CG\nori\build\ext_build\src\OpenEXR_p-build\IlmImf\IlmImf.vcxproj]
    ImfDeepTiledOutputFile.cpp
C:\Users\Rongxing\Desktop\ETH\CG\nori\build\ext_build\src\OpenEXR_p\IlmImf\ImfName.h(104,5): warning C4996: 'strncpy': This function or variable may be unsafe. Consider using strncpy_s instead. To disable deprecation, use _CRT_SECURE_NO_WARNINGS. See online help for details. [C:\Users\Rongxing\Desktop\ETH\CG\nori\build\ext_build\src\OpenEXR_p-build\IlmImf\IlmImf.vcxproj]
C:\Users\Rongxing\Desktop\ETH\CG\nori\build\ext_build\src\OpenEXR_p\IlmImf\ImfDeepTiledOutputFile.cpp(554,56): warning C4244: 'argument': conversion from 'Imath::Int64' to 'int', possible loss of data [C:\Users\Rongxing\Desktop\ETH\CG\nori\build\ext_build\src\OpenEXR_p-build\IlmImf\IlmImf.vcxproj]
C:\Users\Rongxing\Desktop\ETH\CG\nori\build\ext_build\src\OpenEXR_p\IlmImf\ImfDeepTiledOutputFile.cpp(560,45): warning C4244: 'argument': conversion from 'Imath::Int64' to 'int', possible loss of data [C:\Users\Rongxing\Desktop\ETH\CG\nori\build\ext_build\src\OpenEXR_p-build\IlmImf\IlmImf.vcxproj]
C:\Users\Rongxing\Desktop\ETH\CG\nori\build\ext_build\src\OpenEXR_p\IlmImf\ImfDeepTiledOutputFile.cpp(690,53): warning C4244: 'argument': conversion from 'Imath::Int64' to 'int', possible loss of data [C:\Users\Rongxing\Desktop\ETH\CG\nori\build\ext_build\src\OpenEXR_p-build\IlmImf\IlmImf.vcxproj]
C:\Users\Rongxing\Desktop\ETH\CG\nori\build\ext_build\src\OpenEXR_p\IlmImf\ImfDeepTiledOutputFile.cpp(689,71): warning C4244: 'argument': conversion from 'Imath::Int64' to 'int', possible loss of data [C:\Users\Rongxing\Desktop\ETH\CG\nori\build\ext_build\src\OpenEXR_p-build\IlmImf\IlmImf.vcxproj]
C:\Users\Rongxing\Desktop\ETH\CG\nori\build\ext_build\src\OpenEXR_p\IlmImf\ImfDeepTiledOutputFile.cpp(689,56): warning C4244: 'argument': conversion from 'Imath::Int64' to 'int', possible loss of data [C:\Users\Rongxing\Desktop\ETH\CG\nori\build\ext_build\src\OpenEXR_p-build\IlmImf\IlmImf.vcxproj]
C:\Users\Rongxing\Desktop\ETH\CG\nori\build\ext_build\src\OpenEXR_p\IlmImf\ImfDeepTiledOutputFile.cpp(874,41): warning C4244: 'argument': conversion from 'Imath::Int64' to 'long', possible loss of data [C:\Users\Rongxing\Desktop\ETH\CG\nori\build\ext_build\src\OpenEXR_p-build\IlmImf\IlmImf.vcxproj]
C:\Users\Rongxing\Desktop\ETH\CG\nori\build\ext_build\src\OpenEXR_p\IlmImf\ImfDeepTiledOutputFile.cpp(970,53): warning C4244: 'argument': conversion from 'Imath::Int64' to 'int', possible loss of data [C:\Users\Rongxing\Desktop\ETH\CG\nori\build\ext_build\src\OpenEXR_p-build\IlmImf\IlmImf.vcxproj]
C:\Users\Rongxing\Desktop\ETH\CG\nori\build\ext_build\src\OpenEXR_p\IlmImf\ImfDeepTiledOutputFile.cpp(1010,61): warning C4244: 'argument': conversion from 'Imath::Int64' to 'int', possible loss of data [C:\Users\Rongxing\Desktop\ETH\CG\nori\build\ext_build\src\OpenEXR_p-build\IlmImf\IlmImf.vcxproj]
C:\Users\Rongxing\Desktop\ETH\CG\nori\build\ext_build\src\OpenEXR_p\IlmImf\ImfDeepTiledOutputFile.cpp(1243,34): warning C4244: 'argument': conversion from 'Imath::Int64' to 'long', possible loss of data [C:\Users\Rongxing\Desktop\ETH\CG\nori\build\ext_build\src\OpenEXR_p-build\IlmImf\IlmImf.vcxproj]
C:\Users\Rongxing\Desktop\ETH\CG\nori\build\ext_build\src\OpenEXR_p\IlmImf\ImfDeepTiledOutputFile.cpp(1362,61): warning C4267: '=': conversion from 'size_t' to 'int', possible loss of data [C:\Users\Rongxing\Desktop\ETH\CG\nori\build\ext_build\src\OpenEXR_p-build\IlmImf\IlmImf.vcxproj]
C:\Users\Rongxing\Desktop\ETH\CG\nori\build\ext_build\src\OpenEXR_p\IlmImf\ImfDeepTiledOutputFile.cpp(1363,61): warning C4267: '=': conversion from 'size_t' to 'int', possible loss of data [C:\Users\Rongxing\Desktop\ETH\CG\nori\build\ext_build\src\OpenEXR_p-build\IlmImf\IlmImf.vcxproj]
C:\Users\Rongxing\Desktop\ETH\CG\nori\build\ext_build\src\OpenEXR_p\IlmImf\ImfDeepTiledOutputFile.cpp(1712,38): warning C4267: 'initializing': conversion from 'size_t' to 'int', possible loss of data [C:\Users\Rongxing\Desktop\ETH\CG\nori\build\ext_build\src\OpenEXR_p-build\IlmImf\IlmImf.vcxproj]
    Generating Code...
    Compiling...
    ImfDeepFrameBuffer.cpp
C:\Users\Rongxing\Desktop\ETH\CG\nori\build\ext_build\src\OpenEXR_p\IlmImf\ImfName.h(104,5): warning C4996: 'strncpy': This function or variable may be unsafe. Consider using strncpy_s instead. To disable deprecation, use _CRT_SECURE_NO_WARNINGS. See online help for details. [C:\Users\Rongxing\Desktop\ETH\CG\nori\build\ext_build\src\OpenEXR_p-build\IlmImf\IlmImf.vcxproj]
C:\Users\Rongxing\Desktop\ETH\CG\nori\build\ext_build\src\OpenEXR_p\IlmImf\ImfDeepFrameBuffer.cpp(57,1): warning C4267: 'initializing': conversion from 'size_t' to 'int', possible loss of data [C:\Users\Rongxing\Desktop\ETH\CG\nori\build\ext_build\src\OpenEXR_p-build\IlmImf\IlmImf.vcxproj]
    ImfDeepCompositing.cpp
C:\Users\Rongxing\Desktop\ETH\CG\nori\build\ext_build\src\OpenEXR_p\IlmImf\ImfDeepCompositing.cpp(84,48): warning C4244: '+=': conversion from 'double' to 'float', possible loss of data [C:\Users\Rongxing\Desktop\ETH\CG\nori\build\ext_build\src\OpenEXR_p-build\IlmImf\IlmImf.vcxproj]
    ImfCompositeDeepScanLine.cpp
C:\Users\Rongxing\Desktop\ETH\CG\nori\build\ext_build\src\OpenEXR_p\IlmImf\ImfName.h(104,5): warning C4996: 'strncpy': This function or variable may be unsafe. Consider using strncpy_s instead. To disable deprecation, use _CRT_SECURE_NO_WARNINGS. See online help for details. [C:\Users\Rongxing\Desktop\ETH\CG\nori\build\ext_build\src\OpenEXR_p-build\IlmImf\IlmImf.vcxproj]
C:\Users\Rongxing\Desktop\ETH\CG\nori\build\ext_build\src\OpenEXR_p\IlmImf\ImfCompositeDeepScanLine.cpp(279,64): warning C4267: 'argument': conversion from 'size_t' to '_Ty', possible loss of data [C:\Users\Rongxing\Desktop\ETH\CG\nori\build\ext_build\src\OpenEXR_p-build\IlmImf\IlmImf.vcxproj]
            with
            [
                _Ty=int
            ]
C:\Users\Rongxing\Desktop\ETH\CG\nori\build\ext_build\src\OpenEXR_p\IlmImf\ImfCompositeDeepScanLine.cpp(375,32): warning C4267: 'argument': conversion from 'size_t' to 'int', possible loss of data [C:\Users\Rongxing\Desktop\ETH\CG\nori\build\ext_build\src\OpenEXR_p-build\IlmImf\IlmImf.vcxproj]
    ImfDeepImageStateAttribute.cpp
    ImfFastHuf.cpp
C:\Users\Rongxing\Desktop\ETH\CG\nori\build\ext_build\src\OpenEXR_p\IlmImf\ImfFastHuf.cpp(153,24): warning C4244: 'initializing': conversion from 'Imath::Int64' to 'int', possible loss of data [C:\Users\Rongxing\Desktop\ETH\CG\nori\build\ext_build\src\OpenEXR_p-build\IlmImf\IlmImf.vcxproj]
C:\Users\Rongxing\Desktop\ETH\CG\nori\build\ext_build\src\OpenEXR_p\IlmImf\ImfFastHuf.cpp(167,24): warning C4244: 'initializing': conversion from 'Imath::Int64' to 'int', possible loss of data [C:\Users\Rongxing\Desktop\ETH\CG\nori\build\ext_build\src\OpenEXR_p-build\IlmImf\IlmImf.vcxproj]
C:\Users\Rongxing\Desktop\ETH\CG\nori\build\ext_build\src\OpenEXR_p\IlmImf\ImfFastHuf.cpp(183,34): warning C4244: '=': conversion from 'Imath::Int64' to 'unsigned char', possible loss of data [C:\Users\Rongxing\Desktop\ETH\CG\nori\build\ext_build\src\OpenEXR_p-build\IlmImf\IlmImf.vcxproj]
C:\Users\Rongxing\Desktop\ETH\CG\nori\build\ext_build\src\OpenEXR_p\IlmImf\ImfFastHuf.cpp(186,34): warning C4244: '=': conversion from 'Imath::Int64' to 'unsigned char', possible loss of data [C:\Users\Rongxing\Desktop\ETH\CG\nori\build\ext_build\src\OpenEXR_p-build\IlmImf\IlmImf.vcxproj]
C:\Users\Rongxing\Desktop\ETH\CG\nori\build\ext_build\src\OpenEXR_p\IlmImf\ImfFastHuf.cpp(193,36): warning C4267: '+=': conversion from 'size_t' to 'int', possible loss of data [C:\Users\Rongxing\Desktop\ETH\CG\nori\build\ext_build\src\OpenEXR_p-build\IlmImf\IlmImf.vcxproj]
C:\Users\Rongxing\Desktop\ETH\CG\nori\build\ext_build\src\OpenEXR_p\IlmImf\ImfFastHuf.cpp(256,21): warning C4244: 'initializing': conversion from 'unsigned __int64' to 'int', possible loss of data [C:\Users\Rongxing\Desktop\ETH\CG\nori\build\ext_build\src\OpenEXR_p-build\IlmImf\IlmImf.vcxproj]
    ImfFloatVectorAttribute.cpp
C:\Users\Rongxing\Desktop\ETH\CG\nori\build\ext_build\src\OpenEXR_p\IlmImf\ImfFloatVectorAttribute.cpp(64,1): warning C4267: 'initializing': conversion from 'size_t' to 'int', possible loss of data [C:\Users\Rongxing\Desktop\ETH\CG\nori\build\ext_build\src\OpenEXR_p-build\IlmImf\IlmImf.vcxproj]
    ImfRle.cpp
C:\Users\Rongxing\Desktop\ETH\CG\nori\build\ext_build\src\OpenEXR_p\IlmImf\ImfRle.cpp(76,40): warning C4244: '=': conversion from '__int64' to 'signed char', possible loss of data [C:\Users\Rongxing\Desktop\ETH\CG\nori\build\ext_build\src\OpenEXR_p-build\IlmImf\IlmImf.vcxproj]
C:\Users\Rongxing\Desktop\ETH\CG\nori\build\ext_build\src\OpenEXR_p\IlmImf\ImfRle.cpp(96,29): warning C4244: '=': conversion from '__int64' to 'signed char', possible loss of data [C:\Users\Rongxing\Desktop\ETH\CG\nori\build\ext_build\src\OpenEXR_p-build\IlmImf\IlmImf.vcxproj]
C:\Users\Rongxing\Desktop\ETH\CG\nori\build\ext_build\src\OpenEXR_p\IlmImf\ImfRle.cpp(107,21): warning C4244: 'return': conversion from '__int64' to 'int', possible loss of data [C:\Users\Rongxing\Desktop\ETH\CG\nori\build\ext_build\src\OpenEXR_p-build\IlmImf\IlmImf.vcxproj]
C:\Users\Rongxing\Desktop\ETH\CG\nori\build\ext_build\src\OpenEXR_p\IlmImf\ImfRle.cpp(151,16): warning C4244: 'return': conversion from '__int64' to 'int', possible loss of data [C:\Users\Rongxing\Desktop\ETH\CG\nori\build\ext_build\src\OpenEXR_p-build\IlmImf\IlmImf.vcxproj]
    ImfSystemSpecific.cpp
    ImfZip.cpp
C:\Users\Rongxing\Desktop\ETH\CG\nori\build\ext_build\src\OpenEXR_p\IlmImf\ImfZip.cpp(146,33): warning C4267: 'initializing': conversion from 'size_t' to 'uLongf', possible loss of data [C:\Users\Rongxing\Desktop\ETH\CG\nori\build\ext_build\src\OpenEXR_p-build\IlmImf\IlmImf.vcxproj]
    Generating Code...
    IlmImf.vcxproj -> C:\Users\Rongxing\Desktop\ETH\CG\nori\build\ext_build\src\OpenEXR_p-build\IlmImf\Release\IlmImf.lib
    Building Custom Rule C:/Users/Rongxing/Desktop/ETH/CG/nori/build/ext_build/src/OpenEXR_p/CMakeLists.txt
  Performing install step for 'OpenEXR_p'
  -- Installing: C:/Users/Rongxing/Desktop/ETH/CG/nori/build/ext_build/dist/include/OpenEXR/OpenEXRConfig.h
  -- Installing: C:/Users/Rongxing/Desktop/ETH/CG/nori/build/ext_build/dist/lib/IlmImf.lib
  -- Installing: C:/Users/Rongxing/Desktop/ETH/CG/nori/build/ext_build/dist/include/OpenEXR/ImfForward.h
  -- Installing: C:/Users/Rongxing/Desktop/ETH/CG/nori/build/ext_build/dist/include/OpenEXR/ImfExport.h
  -- Installing: C:/Users/Rongxing/Desktop/ETH/CG/nori/build/ext_build/dist/include/OpenEXR/ImfAttribute.h
  -- Installing: C:/Users/Rongxing/Desktop/ETH/CG/nori/build/ext_build/dist/include/OpenEXR/ImfBoxAttribute.h
  -- Installing: C:/Users/Rongxing/Desktop/ETH/CG/nori/build/ext_build/dist/include/OpenEXR/ImfCRgbaFile.h
  -- Installing: C:/Users/Rongxing/Desktop/ETH/CG/nori/build/ext_build/dist/include/OpenEXR/ImfChannelList.h
  -- Installing: C:/Users/Rongxing/Desktop/ETH/CG/nori/build/ext_build/dist/include/OpenEXR/ImfChannelListAttribute.h
  -- Installing: C:/Users/Rongxing/Desktop/ETH/CG/nori/build/ext_build/dist/include/OpenEXR/ImfCompressionAttribute.h
  -- Installing: C:/Users/Rongxing/Desktop/ETH/CG/nori/build/ext_build/dist/include/OpenEXR/ImfDoubleAttribute.h
  -- Installing: C:/Users/Rongxing/Desktop/ETH/CG/nori/build/ext_build/dist/include/OpenEXR/ImfFloatAttribute.h
  -- Installing: C:/Users/Rongxing/Desktop/ETH/CG/nori/build/ext_build/dist/include/OpenEXR/ImfFrameBuffer.h
  -- Installing: C:/Users/Rongxing/Desktop/ETH/CG/nori/build/ext_build/dist/include/OpenEXR/ImfHeader.h
  -- Installing: C:/Users/Rongxing/Desktop/ETH/CG/nori/build/ext_build/dist/include/OpenEXR/ImfIO.h
  -- Installing: C:/Users/Rongxing/Desktop/ETH/CG/nori/build/ext_build/dist/include/OpenEXR/ImfInputFile.h
  -- Installing: C:/Users/Rongxing/Desktop/ETH/CG/nori/build/ext_build/dist/include/OpenEXR/ImfIntAttribute.h
  -- Installing: C:/Users/Rongxing/Desktop/ETH/CG/nori/build/ext_build/dist/include/OpenEXR/ImfLineOrderAttribute.h
  -- Installing: C:/Users/Rongxing/Desktop/ETH/CG/nori/build/ext_build/dist/include/OpenEXR/ImfMatrixAttribute.h
  -- Installing: C:/Users/Rongxing/Desktop/ETH/CG/nori/build/ext_build/dist/include/OpenEXR/ImfOpaqueAttribute.h
  -- Installing: C:/Users/Rongxing/Desktop/ETH/CG/nori/build/ext_build/dist/include/OpenEXR/ImfOutputFile.h
  -- Installing: C:/Users/Rongxing/Desktop/ETH/CG/nori/build/ext_build/dist/include/OpenEXR/ImfRgbaFile.h
  -- Installing: C:/Users/Rongxing/Desktop/ETH/CG/nori/build/ext_build/dist/include/OpenEXR/ImfStringAttribute.h
  -- Installing: C:/Users/Rongxing/Desktop/ETH/CG/nori/build/ext_build/dist/include/OpenEXR/ImfVecAttribute.h
  -- Installing: C:/Users/Rongxing/Desktop/ETH/CG/nori/build/ext_build/dist/include/OpenEXR/ImfHuf.h
  -- Installing: C:/Users/Rongxing/Desktop/ETH/CG/nori/build/ext_build/dist/include/OpenEXR/ImfWav.h
  -- Installing: C:/Users/Rongxing/Desktop/ETH/CG/nori/build/ext_build/dist/include/OpenEXR/ImfLut.h
  -- Installing: C:/Users/Rongxing/Desktop/ETH/CG/nori/build/ext_build/dist/include/OpenEXR/ImfArray.h
  -- Installing: C:/Users/Rongxing/Desktop/ETH/CG/nori/build/ext_build/dist/include/OpenEXR/ImfCompression.h
  -- Installing: C:/Users/Rongxing/Desktop/ETH/CG/nori/build/ext_build/dist/include/OpenEXR/ImfLineOrder.h
  -- Installing: C:/Users/Rongxing/Desktop/ETH/CG/nori/build/ext_build/dist/include/OpenEXR/ImfName.h
  -- Installing: C:/Users/Rongxing/Desktop/ETH/CG/nori/build/ext_build/dist/include/OpenEXR/ImfPixelType.h
  -- Installing: C:/Users/Rongxing/Desktop/ETH/CG/nori/build/ext_build/dist/include/OpenEXR/ImfVersion.h
  -- Installing: C:/Users/Rongxing/Desktop/ETH/CG/nori/build/ext_build/dist/include/OpenEXR/ImfXdr.h
  -- Installing: C:/Users/Rongxing/Desktop/ETH/CG/nori/build/ext_build/dist/include/OpenEXR/ImfConvert.h
  -- Installing: C:/Users/Rongxing/Desktop/ETH/CG/nori/build/ext_build/dist/include/OpenEXR/ImfPreviewImage.h
  -- Installing: C:/Users/Rongxing/Desktop/ETH/CG/nori/build/ext_build/dist/include/OpenEXR/ImfPreviewImageAttribute.h
  -- Installing: C:/Users/Rongxing/Desktop/ETH/CG/nori/build/ext_build/dist/include/OpenEXR/ImfChromaticities.h
  -- Installing: C:/Users/Rongxing/Desktop/ETH/CG/nori/build/ext_build/dist/include/OpenEXR/ImfChromaticitiesAttribute.h
  -- Installing: C:/Users/Rongxing/Desktop/ETH/CG/nori/build/ext_build/dist/include/OpenEXR/ImfKeyCode.h
  -- Installing: C:/Users/Rongxing/Desktop/ETH/CG/nori/build/ext_build/dist/include/OpenEXR/ImfKeyCodeAttribute.h
  -- Installing: C:/Users/Rongxing/Desktop/ETH/CG/nori/build/ext_build/dist/include/OpenEXR/ImfTimeCode.h
  -- Installing: C:/Users/Rongxing/Desktop/ETH/CG/nori/build/ext_build/dist/include/OpenEXR/ImfTimeCodeAttribute.h
  -- Installing: C:/Users/Rongxing/Desktop/ETH/CG/nori/build/ext_build/dist/include/OpenEXR/ImfRational.h
  -- Installing: C:/Users/Rongxing/Desktop/ETH/CG/nori/build/ext_build/dist/include/OpenEXR/ImfRationalAttribute.h
  -- Installing: C:/Users/Rongxing/Desktop/ETH/CG/nori/build/ext_build/dist/include/OpenEXR/ImfFramesPerSecond.h
  -- Installing: C:/Users/Rongxing/Desktop/ETH/CG/nori/build/ext_build/dist/include/OpenEXR/ImfStandardAttributes.h
  -- Installing: C:/Users/Rongxing/Desktop/ETH/CG/nori/build/ext_build/dist/include/OpenEXR/ImfEnvmap.h
  -- Installing: C:/Users/Rongxing/Desktop/ETH/CG/nori/build/ext_build/dist/include/OpenEXR/ImfEnvmapAttribute.h
  -- Installing: C:/Users/Rongxing/Desktop/ETH/CG/nori/build/ext_build/dist/include/OpenEXR/ImfInt64.h
  -- Installing: C:/Users/Rongxing/Desktop/ETH/CG/nori/build/ext_build/dist/include/OpenEXR/ImfRgba.h
  -- Installing: C:/Users/Rongxing/Desktop/ETH/CG/nori/build/ext_build/dist/include/OpenEXR/ImfTileDescription.h
  -- Installing: C:/Users/Rongxing/Desktop/ETH/CG/nori/build/ext_build/dist/include/OpenEXR/ImfTileDescriptionAttribute.h
  -- Installing: C:/Users/Rongxing/Desktop/ETH/CG/nori/build/ext_build/dist/include/OpenEXR/ImfTiledInputFile.h
  -- Installing: C:/Users/Rongxing/Desktop/ETH/CG/nori/build/ext_build/dist/include/OpenEXR/ImfTiledOutputFile.h
  -- Installing: C:/Users/Rongxing/Desktop/ETH/CG/nori/build/ext_build/dist/include/OpenEXR/ImfTiledRgbaFile.h
  -- Installing: C:/Users/Rongxing/Desktop/ETH/CG/nori/build/ext_build/dist/include/OpenEXR/ImfRgbaYca.h
  -- Installing: C:/Users/Rongxing/Desktop/ETH/CG/nori/build/ext_build/dist/include/OpenEXR/ImfTestFile.h
  -- Installing: C:/Users/Rongxing/Desktop/ETH/CG/nori/build/ext_build/dist/include/OpenEXR/ImfThreading.h
  -- Installing: C:/Users/Rongxing/Desktop/ETH/CG/nori/build/ext_build/dist/include/OpenEXR/ImfB44Compressor.h
  -- Installing: C:/Users/Rongxing/Desktop/ETH/CG/nori/build/ext_build/dist/include/OpenEXR/ImfStringVectorAttribute.h
  -- Installing: C:/Users/Rongxing/Desktop/ETH/CG/nori/build/ext_build/dist/include/OpenEXR/ImfMultiView.h
  -- Installing: C:/Users/Rongxing/Desktop/ETH/CG/nori/build/ext_build/dist/include/OpenEXR/ImfAcesFile.h
  -- Installing: C:/Users/Rongxing/Desktop/ETH/CG/nori/build/ext_build/dist/include/OpenEXR/ImfMultiPartOutputFile.h
  -- Installing: C:/Users/Rongxing/Desktop/ETH/CG/nori/build/ext_build/dist/include/OpenEXR/ImfGenericOutputFile.h
  -- Installing: C:/Users/Rongxing/Desktop/ETH/CG/nori/build/ext_build/dist/include/OpenEXR/ImfMultiPartInputFile.h
  -- Installing: C:/Users/Rongxing/Desktop/ETH/CG/nori/build/ext_build/dist/include/OpenEXR/ImfGenericInputFile.h
  -- Installing: C:/Users/Rongxing/Desktop/ETH/CG/nori/build/ext_build/dist/include/OpenEXR/ImfPartType.h
  -- Installing: C:/Users/Rongxing/Desktop/ETH/CG/nori/build/ext_build/dist/include/OpenEXR/ImfPartHelper.h
  -- Installing: C:/Users/Rongxing/Desktop/ETH/CG/nori/build/ext_build/dist/include/OpenEXR/ImfOutputPart.h
  -- Installing: C:/Users/Rongxing/Desktop/ETH/CG/nori/build/ext_build/dist/include/OpenEXR/ImfTiledOutputPart.h
  -- Installing: C:/Users/Rongxing/Desktop/ETH/CG/nori/build/ext_build/dist/include/OpenEXR/ImfInputPart.h
  -- Installing: C:/Users/Rongxing/Desktop/ETH/CG/nori/build/ext_build/dist/include/OpenEXR/ImfTiledInputPart.h
  -- Installing: C:/Users/Rongxing/Desktop/ETH/CG/nori/build/ext_build/dist/include/OpenEXR/ImfDeepScanLineOutputFile.h
  -- Installing: C:/Users/Rongxing/Desktop/ETH/CG/nori/build/ext_build/dist/include/OpenEXR/ImfDeepScanLineOutputPart.h
  -- Installing: C:/Users/Rongxing/Desktop/ETH/CG/nori/build/ext_build/dist/include/OpenEXR/ImfDeepScanLineInputFile.h
  -- Installing: C:/Users/Rongxing/Desktop/ETH/CG/nori/build/ext_build/dist/include/OpenEXR/ImfDeepScanLineInputPart.h
  -- Installing: C:/Users/Rongxing/Desktop/ETH/CG/nori/build/ext_build/dist/include/OpenEXR/ImfDeepTiledInputFile.h
  -- Installing: C:/Users/Rongxing/Desktop/ETH/CG/nori/build/ext_build/dist/include/OpenEXR/ImfDeepTiledInputPart.h
  -- Installing: C:/Users/Rongxing/Desktop/ETH/CG/nori/build/ext_build/dist/include/OpenEXR/ImfDeepTiledOutputFile.h
  -- Installing: C:/Users/Rongxing/Desktop/ETH/CG/nori/build/ext_build/dist/include/OpenEXR/ImfDeepTiledOutputPart.h
  -- Installing: C:/Users/Rongxing/Desktop/ETH/CG/nori/build/ext_build/dist/include/OpenEXR/ImfDeepFrameBuffer.h
  -- Installing: C:/Users/Rongxing/Desktop/ETH/CG/nori/build/ext_build/dist/include/OpenEXR/ImfDeepCompositing.h
  -- Installing: C:/Users/Rongxing/Desktop/ETH/CG/nori/build/ext_build/dist/include/OpenEXR/ImfCompositeDeepScanLine.h
  -- Installing: C:/Users/Rongxing/Desktop/ETH/CG/nori/build/ext_build/dist/include/OpenEXR/ImfNamespace.h
  -- Installing: C:/Users/Rongxing/Desktop/ETH/CG/nori/build/ext_build/dist/include/OpenEXR/ImfMisc.h
  -- Installing: C:/Users/Rongxing/Desktop/ETH/CG/nori/build/ext_build/dist/include/OpenEXR/ImfDeepImageState.h
  -- Installing: C:/Users/Rongxing/Desktop/ETH/CG/nori/build/ext_build/dist/include/OpenEXR/ImfDeepImageStateAttribute.h
  -- Installing: C:/Users/Rongxing/Desktop/ETH/CG/nori/build/ext_build/dist/include/OpenEXR/ImfFloatVectorAttribute.h
  Completed 'OpenEXR_p'
