  Building Custom Rule C:/Users/Rongxing/Desktop/ETH/CG/nori/CMakeLists.txt
  bitmap.cpp
C:\Users\Rongxing\Desktop\ETH\CG\nori\ext\stb_image_write.h(147,1): warning C4005: '_CRT_SECURE_NO_WARNINGS': macro redefinition
C:\Users\Rongxing\Desktop\ETH\CG\nori\src\bitmap.cpp : message : see previous definition of '_CRT_SECURE_NO_WARNINGS'
C:\Users\Rongxing\Desktop\ETH\CG\nori\ext\stb_image_write.h(798,20): warning C4189: 'k': local variable is initialized but not referenced
C:\Users\Rongxing\Desktop\ETH\CG\nori\src\bitmap.cpp(138,65): warning C4244: 'argument': conversion from '__int64' to 'int', possible loss of data
C:\Users\Rongxing\Desktop\ETH\CG\nori\src\bitmap.cpp(138,48): warning C4244: 'argument': conversion from '__int64' to 'int', possible loss of data
C:\Users\Rongxing\Desktop\ETH\CG\nori\src\bitmap.cpp(138,41): warning C4244: 'argument': conversion from '__int64' to 'int', possible loss of data
  common.cpp
C:\Program Files (x86)\Microsoft Visual Studio\2019\Community\VC\Tools\MSVC\14.29.30133\include\algorithm(2650,24): warning C4244: '=': conversion from 'int' to 'char', possible loss of data
C:\Users\Rongxing\Desktop\ETH\CG\nori\src\common.cpp(66): message : see reference to function template instantiation '_OutIt std::transform<std::_String_const_iterator<std::_String_val<std::_Simple_types<_Elem>>>,std::_String_iterator<std::_String_val<std::_Simple_types<_Elem>>>,int(__cdecl *)(int)>(const _InIt,const _InIt,_OutIt,_Fn)' being compiled
          with
          [
              _OutIt=std::_String_iterator<std::_String_val<std::_Simple_types<char>>>,
              _Elem=char,
              _InIt=std::_String_const_iterator<std::_String_val<std::_Simple_types<char>>>,
              _Fn=int (__cdecl *)(int)
          ]
  hdrToLdr.cpp
  Generating Code...
  tonemapper.vcxproj -> C:\Users\Rongxing\Desktop\ETH\CG\nori\build\Release\tonemapper.exe
