  Creating directories for 'zlib_p'
  Building Custom Rule C:/Users/Rongxing/Desktop/ETH/CG/nori/CMakeLists.txt
  Performing download step (DIR copy) for 'zlib_p'
  No update step for 'zlib_p'
  No patch step for 'zlib_p'
  Performing configure step for 'zlib_p'
  -- Selecting Windows SDK version 10.0.19041.0 to target Windows 10.0.22621.
  -- The C compiler identification is MSVC 19.29.30147.0
  -- Detecting C compiler ABI info
  -- Detecting C compiler ABI info - done
  -- Check for working C compiler: C:/Program Files (x86)/Microsoft Visual Studio/2019/Community/VC/Tools/MSVC/14.29.30133/bin/Hostx64/x64/cl.exe - skipped
  -- Detecting C compile features
  -- Detecting C compile features - done
  -- Looking for sys/types.h
  -- Looking for sys/types.h - found
  -- Looking for stdint.h
  -- Looking for stdint.h - found
  -- Looking for stddef.h
  -- Looking for stddef.h - found
  -- Check size of off64_t
  -- Check size of off64_t - failed
  -- Looking for fseeko
  -- Looking for fseeko - not found
  -- Looking for unistd.h
  -- Looking for unistd.h - not found
  -- Renaming
  --     C:/Users/Rongxing/Desktop/ETH/CG/nori/build/ext_build/src/zlib_p/zconf.h
  -- to 'zconf.h.included' because this file is included with zlib
  -- but CMake generates it automatically in the build directory.
  -- Configuring done
  -- Generating done
CUSTOMBUILD : CMake warning : 
    Manually-specified variables were not used by the project:
  
      CMAKE_BUILD_TYPE
      CMAKE_CXX_FLAGS
      CMAKE_CXX_FLAGS_DEBUG
      CMAKE_CXX_FLAGS_MINSIZEREL
      CMAKE_CXX_FLAGS_RELEASE
      CMAKE_CXX_FLAGS_RELWITHDEBINFO
  
  
  -- Build files have been written to: C:/Users/Rongxing/Desktop/ETH/CG/nori/build/ext_build/src/zlib_p-build
  Performing build step for 'zlib_p'
  Microsoft (R) Build Engine version 16.11.2+f32259642 for .NET Framework
  Copyright (C) Microsoft Corporation. All rights reserved.
  
    Checking Build System
    Building Custom Rule C:/Users/Rongxing/Desktop/ETH/CG/nori/build/ext_build/src/zlib_p/CMakeLists.txt
    adler32.c
    compress.c
    crc32.c
    deflate.c
    gzclose.c
    gzlib.c
    gzread.c
    gzwrite.c
    inflate.c
    infback.c
    inftrees.c
    inffast.c
    trees.c
    uncompr.c
    zutil.c
    Generating Code...
       Creating library C:/Users/Rongxing/Desktop/ETH/CG/nori/build/ext_build/src/zlib_p-build/Release/zlib.lib and object C:/Users/Rongxing/Desktop/ETH/CG/nori/build/ext_build/src/zlib_p-build/Release/zlib.exp
    zlib.vcxproj -> C:\Users\Rongxing\Desktop\ETH\CG\nori\build\ext_build\src\zlib_p-build\Release\zlib.dll
    Building Custom Rule C:/Users/Rongxing/Desktop/ETH/CG/nori/build/ext_build/src/zlib_p/CMakeLists.txt
    example.c
    example.vcxproj -> C:\Users\Rongxing\Desktop\ETH\CG\nori\build\ext_build\src\zlib_p-build\Release\example.exe
    Building Custom Rule C:/Users/Rongxing/Desktop/ETH/CG/nori/build/ext_build/src/zlib_p/CMakeLists.txt
    minigzip.c
    minigzip.vcxproj -> C:\Users\Rongxing\Desktop\ETH\CG\nori\build\ext_build\src\zlib_p-build\Release\minigzip.exe
    Building Custom Rule C:/Users/Rongxing/Desktop/ETH/CG/nori/build/ext_build/src/zlib_p/CMakeLists.txt
    adler32.c
    compress.c
    crc32.c
    deflate.c
    gzclose.c
    gzlib.c
    gzread.c
    gzwrite.c
    inflate.c
    infback.c
    inftrees.c
    inffast.c
    trees.c
    uncompr.c
    zutil.c
    Generating Code...
    zlibstatic.vcxproj -> C:\Users\Rongxing\Desktop\ETH\CG\nori\build\ext_build\src\zlib_p-build\Release\zlibstatic.lib
    Building Custom Rule C:/Users/Rongxing/Desktop/ETH/CG/nori/build/ext_build/src/zlib_p/CMakeLists.txt
  Performing install step for 'zlib_p'
  -- Installing: C:/Users/Rongxing/Desktop/ETH/CG/nori/build/ext_build/dist/lib/zlib.lib
  -- Installing: C:/Users/Rongxing/Desktop/ETH/CG/nori/build/ext_build/dist/bin/zlib.dll
  -- Installing: C:/Users/Rongxing/Desktop/ETH/CG/nori/build/ext_build/dist/lib/zlibstatic.lib
  -- Installing: C:/Users/Rongxing/Desktop/ETH/CG/nori/build/ext_build/dist/include/zconf.h
  -- Installing: C:/Users/Rongxing/Desktop/ETH/CG/nori/build/ext_build/dist/include/zlib.h
  -- Installing: C:/Users/Rongxing/Desktop/ETH/CG/nori/build/ext_build/dist/share/man/man3/zlib.3
  -- Installing: C:/Users/Rongxing/Desktop/ETH/CG/nori/build/ext_build/dist/share/pkgconfig/zlib.pc
  Completed 'zlib_p'
