Performing C++ SOURCE FILE Test HAVE_GCC_INLINE_ASM_AVX failed with the following output:
Change Dir: C:/Users/Rongxing/Desktop/ETH/CG/nori/build/ext_build/src/OpenEXR_p-build/CMakeFiles/CMakeScratch/TryCompile-o26w8t

Run Build Command(s):C:/Program Files (x86)/Microsoft Visual Studio/2019/Community/MSBuild/Current/Bin/MSBuild.exe cmTC_d181a.vcxproj /p:Configuration=Debug /p:Platform=x64 /p:VisualStudioVersion=16.0 /v:m && Microsoft (R) Build Engine version 16.11.2+f32259642 for .NET Framework
Copyright (C) Microsoft Corporation. All rights reserved.

  Microsoft (R) C/C++ Optimizing Compiler Version 19.29.30147 for x64
  Copyright (C) Microsoft Corporation.  All rights reserved.
  src.cxx
  cl /c /Zi /W3 /WX- /diagnostics:column /Od /Ob0 /D _MBCS /D WIN32 /D _WINDOWS /D HAVE_GCC_INLINE_ASM_AVX /D "CMAKE_INTDIR=\"Debug\"" /Gm- /EHsc /RTC1 /MDd /GS /fp:precise /Zc:wchar_t /Zc:forScope /Zc:inline /GR /Fo"cmTC_d181a.dir\Debug\\" /Fd"cmTC_d181a.dir\Debug\vc142.pdb" /external:W3 /Gd /TP /errorReport:queue "C:\Users\Rongxing\Desktop\ETH\CG\nori\build\ext_build\src\OpenEXR_p-build\CMakeFiles\CMakeScratch\TryCompile-o26w8t\src.cxx"
C:\Users\Rongxing\Desktop\ETH\CG\nori\build\ext_build\src\OpenEXR_p-build\CMakeFiles\CMakeScratch\TryCompile-o26w8t\src.cxx(13,1): fatal error C1189: #error:  No GCC style inline asm supported for AVX instructions [C:\Users\Rongxing\Desktop\ETH\CG\nori\build\ext_build\src\OpenEXR_p-build\CMakeFiles\CMakeScratch\TryCompile-o26w8t\cmTC_d181a.vcxproj]


Source file was:

	int main()
	{
	 #if defined(__GNUC__) && defined(__SSE2__) 
		 int n   = 0;
		 int eax = 0;
		 int edx = 0;
		 __asm__(
			 "xgetbv     ;"
			 "vzeroupper  "
			 : "=a"(eax), "=d"(edx) : "c"(n) : );
	 #else
		 #error No GCC style inline asm supported for AVX instructions
	 #endif
	}
	

Performing C++ SOURCE FILE Test HAVE_SYSCONF_NPROCESSORS_ONLN failed with the following output:
Change Dir: C:/Users/Rongxing/Desktop/ETH/CG/nori/build/ext_build/src/OpenEXR_p-build/CMakeFiles/CMakeScratch/TryCompile-8cfb63

Run Build Command(s):C:/Program Files (x86)/Microsoft Visual Studio/2019/Community/MSBuild/Current/Bin/MSBuild.exe cmTC_1fe2d.vcxproj /p:Configuration=Debug /p:Platform=x64 /p:VisualStudioVersion=16.0 /v:m && Microsoft (R) Build Engine version 16.11.2+f32259642 for .NET Framework
Copyright (C) Microsoft Corporation. All rights reserved.

  Microsoft (R) C/C++ Optimizing Compiler Version 19.29.30147 for x64
  Copyright (C) Microsoft Corporation.  All rights reserved.
  src.cxx
  cl /c /Zi /W3 /WX- /diagnostics:column /Od /Ob0 /D _MBCS /D WIN32 /D _WINDOWS /D HAVE_SYSCONF_NPROCESSORS_ONLN /D "CMAKE_INTDIR=\"Debug\"" /Gm- /EHsc /RTC1 /MDd /GS /fp:precise /Zc:wchar_t /Zc:forScope /Zc:inline /GR /Fo"cmTC_1fe2d.dir\Debug\\" /Fd"cmTC_1fe2d.dir\Debug\vc142.pdb" /external:W3 /Gd /TP /errorReport:queue "C:\Users\Rongxing\Desktop\ETH\CG\nori\build\ext_build\src\OpenEXR_p-build\CMakeFiles\CMakeScratch\TryCompile-8cfb63\src.cxx"
C:\Users\Rongxing\Desktop\ETH\CG\nori\build\ext_build\src\OpenEXR_p-build\CMakeFiles\CMakeScratch\TryCompile-8cfb63\src.cxx(2,14): fatal error C1083: Cannot open include file: 'unistd.h': No such file or directory [C:\Users\Rongxing\Desktop\ETH\CG\nori\build\ext_build\src\OpenEXR_p-build\CMakeFiles\CMakeScratch\TryCompile-8cfb63\cmTC_1fe2d.vcxproj]


Source file was:

    #include <unistd.h>
    int main()
    {
        sysconf(_SC_NPROCESSORS_ONLN);
    }
    

